#
# There is insufficient memory for the Java Runtime Environment to continue.
# Native memory allocation (malloc) failed to allocate 131216 bytes for Chunk::new
# Possible reasons:
#   The system is out of physical RAM or swap space
#   The process is running with CompressedOops enabled, and the Java Heap may be blocking the growth of the native heap
# Possible solutions:
#   Reduce memory load on the system
#   Increase physical memory or swap space
#   Check if swap backing store is full
#   Decrease Java heap size (-Xmx/-Xms)
#   Decrease number of Java threads
#   Decrease Java thread stack sizes (-Xss)
#   Set larger code cache with -XX:ReservedCodeCacheSize=
#   JVM is running with Unscaled Compressed Oops mode in which the Java heap is
#     placed in the first 4GB address space. The Java Heap base address is the
#     maximum limit for the native heap growth. Please use -XX:HeapBaseMinAddress
#     to set the Java Heap base and to place the Java Heap above 4GB virtual address.
# This output file may be truncated or incomplete.
#
#  Out of Memory Error (./src/hotspot/share/memory/arena.cpp:197), pid=1052, tid=8020
#
# JRE version: OpenJDK Runtime Environment (11.0.13) (build 11.0.13+0-b1751.21-8125866)
# Java VM: OpenJDK 64-Bit Server VM (11.0.13+0-b1751.21-8125866, mixed mode, tiered, compressed oops, g1 gc, windows-amd64)
# No core dump will be written. Minidumps are not enabled by default on client versions of Windows
#

---------------  S U M M A R Y ------------

Command Line: --add-opens=java.base/java.util=ALL-UNNAMED --add-opens=java.base/java.lang=ALL-UNNAMED --add-opens=java.base/java.lang.invoke=ALL-UNNAMED --add-opens=java.base/java.util=ALL-UNNAMED --add-opens=java.prefs/java.util.prefs=ALL-UNNAMED --add-opens=java.prefs/java.util.prefs=ALL-UNNAMED --add-opens=java.base/java.nio.charset=ALL-UNNAMED --add-opens=java.base/java.net=ALL-UNNAMED --add-opens=java.base/java.util.concurrent.atomic=ALL-UNNAMED -Xmx2048m -Dfile.encoding=UTF-8 -Duser.country=US -Duser.language=en -Duser.variant org.gradle.launcher.daemon.bootstrap.GradleDaemon 7.4

Host: Intel(R) Core(TM) i5-10300H CPU @ 2.50GHz, 8 cores, 7G,  Windows 11 , 64 bit Build 22000 (10.0.22000.120)
Time: Thu Jan  5 00:33:05 2023 W. Central Africa Standard Time elapsed time: 31.459860 seconds (0d 0h 0m 31s)

---------------  T H R E A D  ---------------

Current thread (0x00000175d550b000):  JavaThread "C2 CompilerThread0" daemon [_thread_in_native, id=8020, stack(0x000000635b700000,0x000000635b800000)]


Current CompileTask:
C2:  31460 14228       4       org.gradle.internal.file.FileHierarchySet$Node::isChildOfOrThis (110 bytes)

Stack: [0x000000635b700000,0x000000635b800000]
Native frames: (J=compiled Java code, j=interpreted, Vv=VM code, C=native code)
V  [jvm.dll+0x6100fa]
V  [jvm.dll+0x747090]
V  [jvm.dll+0x7486ad]
V  [jvm.dll+0x748d83]
V  [jvm.dll+0x24ab48]
V  [jvm.dll+0xc04dc]
V  [jvm.dll+0xc0a0c]
V  [jvm.dll+0x2bfab4]
V  [jvm.dll+0x524238]
V  [jvm.dll+0x20b193]
V  [jvm.dll+0x204ca0]
V  [jvm.dll+0x2023c2]
V  [jvm.dll+0x188e01]
V  [jvm.dll+0x21106b]
V  [jvm.dll+0x20f8c1]
V  [jvm.dll+0x70de0f]
V  [jvm.dll+0x706a75]
V  [jvm.dll+0x60ed66]
C  [ucrtbase.dll+0x26c0c]
C  [KERNEL32.DLL+0x154e0]
C  [ntdll.dll+0x485b]


---------------  P R O C E S S  ---------------

Threads class SMR info:
_java_thread_list=0x00000175d94a6030, length=143, elements={
0x00000175b90ae800, 0x00000175d54e1800, 0x00000175d54ec800, 0x00000175d5ea2800,
0x00000175d54fc000, 0x00000175d54fd000, 0x00000175d550b000, 0x00000175d550f800,
0x00000175d5513000, 0x00000175d5ff7800, 0x00000175d7340000, 0x00000175d61c6800,
0x00000175d9110000, 0x00000175d8b8d000, 0x00000175d83fb000, 0x00000175d6862800,
0x00000175d6f16000, 0x00000175d7cde800, 0x00000175d7e43800, 0x00000175d92d3800,
0x00000175d9163800, 0x00000175d9164000, 0x00000175d9161800, 0x00000175d9165000,
0x00000175d9165800, 0x00000175d9162800, 0x00000175d9160000, 0x00000175d9166800,
0x00000175d9161000, 0x00000175d8595800, 0x00000175d8593000, 0x00000175d8596000,
0x00000175d8592000, 0x00000175d8593800, 0x00000175d8594800, 0x00000175d8590800,
0x00000175d859a000, 0x00000175d8599800, 0x00000175d859b000, 0x00000175d859c800,
0x00000175d859c000, 0x00000175d8598800, 0x00000175d8597000, 0x00000175d859d800,
0x00000175d8597800, 0x00000175d859e800, 0x00000175d859f000, 0x00000175daee5000,
0x00000175daee7000, 0x00000175daee6800, 0x00000175daee8000, 0x00000175daee2800,
0x00000175daee5800, 0x00000175daee9000, 0x00000175daee3000, 0x00000175daee9800,
0x00000175daee4000, 0x00000175daeea800, 0x00000175daeed800, 0x00000175daef0000,
0x00000175daeeb800, 0x00000175daeee800, 0x00000175daeef800, 0x00000175daef1000,
0x00000175daeec000, 0x00000175daeed000, 0x00000175dd09f000, 0x00000175dd0a0000,
0x00000175dd0a1800, 0x00000175dd0a4000, 0x00000175dd0a3000, 0x00000175dd0a0800,
0x00000175dd0a2000, 0x00000175dd09e000, 0x00000175dd0a8000, 0x00000175dd0a6800,
0x00000175dd0a4800, 0x00000175dd0a9000, 0x00000175dd0a7000, 0x00000175dd0a9800,
0x00000175dd0aa800, 0x00000175dd0ab000, 0x00000175dd0a5800, 0x00000175dd0ac000,
0x00000175dd0ad000, 0x00000175dcfcf000, 0x00000175dcfd4800, 0x00000175dcfd3000,
0x00000175dcfd1000, 0x00000175dcfd3800, 0x00000175dcfcf800, 0x00000175dcfd2000,
0x00000175dcfd0800, 0x00000175dcfd8800, 0x00000175dcfd9800, 0x00000175dcfd7800,
0x00000175dcfd5800, 0x00000175dcfda000, 0x00000175dcfd6000, 0x00000175dcfdb000,
0x00000175dcfd7000, 0x00000175dcfdc000, 0x00000175dcfdc800, 0x00000175dcfdd800,
0x00000175db714000, 0x00000175db713000, 0x00000175db715000, 0x00000175db710800,
0x00000175db711800, 0x00000175db715800, 0x00000175db717800, 0x00000175db712800,
0x00000175db719800, 0x00000175db71a800, 0x00000175db71b800, 0x00000175db718000,
0x00000175db71c000, 0x00000175db719000, 0x00000175db716800, 0x00000175db71f800,
0x00000175db71e800, 0x00000175db71d000, 0x00000175db71e000, 0x00000175dd2f7800,
0x00000175dd2f6000, 0x00000175dd2fa000, 0x00000175dd2f5800, 0x00000175dd2fb000,
0x00000175dd2f7000, 0x00000175dd2fc000, 0x00000175dd2fe000, 0x00000175dd2f8800,
0x00000175dd2fd800, 0x00000175dd2ff000, 0x00000175dd2f9800, 0x00000175dd2fc800,
0x00000175dd302800, 0x00000175dd300000, 0x00000175dd303000, 0x00000175dd304000,
0x00000175dd300800, 0x00000175dd301800, 0x00000175e08ce000
}

Java Threads: ( => current thread )
  0x00000175b90ae800 JavaThread "main" [_thread_blocked, id=6524, stack(0x000000635ab00000,0x000000635ac00000)]
  0x00000175d54e1800 JavaThread "Reference Handler" daemon [_thread_blocked, id=7528, stack(0x000000635b200000,0x000000635b300000)]
  0x00000175d54ec800 JavaThread "Finalizer" daemon [_thread_blocked, id=12720, stack(0x000000635b300000,0x000000635b400000)]
  0x00000175d5ea2800 JavaThread "Signal Dispatcher" daemon [_thread_blocked, id=6692, stack(0x000000635b400000,0x000000635b500000)]
  0x00000175d54fc000 JavaThread "Attach Listener" daemon [_thread_blocked, id=8816, stack(0x000000635b500000,0x000000635b600000)]
  0x00000175d54fd000 JavaThread "Service Thread" daemon [_thread_blocked, id=9944, stack(0x000000635b600000,0x000000635b700000)]
=>0x00000175d550b000 JavaThread "C2 CompilerThread0" daemon [_thread_in_native, id=8020, stack(0x000000635b700000,0x000000635b800000)]
  0x00000175d550f800 JavaThread "C1 CompilerThread0" daemon [_thread_blocked, id=2748, stack(0x000000635b800000,0x000000635b900000)]
  0x00000175d5513000 JavaThread "Sweeper thread" daemon [_thread_blocked, id=12120, stack(0x000000635b900000,0x000000635ba00000)]
  0x00000175d5ff7800 JavaThread "Common-Cleaner" daemon [_thread_blocked, id=14016, stack(0x000000635ba00000,0x000000635bb00000)]
  0x00000175d7340000 JavaThread "Daemon health stats" [_thread_blocked, id=2540, stack(0x000000635bf00000,0x000000635c000000)]
  0x00000175d61c6800 JavaThread "Incoming local TCP Connector on port 51584" [_thread_in_native, id=5296, stack(0x000000635bc00000,0x000000635bd00000)]
  0x00000175d9110000 JavaThread "Daemon periodic checks" [_thread_blocked, id=6132, stack(0x000000635c100000,0x000000635c200000)]
  0x00000175d8b8d000 JavaThread "Daemon" [_thread_blocked, id=13740, stack(0x000000635c200000,0x000000635c300000)]
  0x00000175d83fb000 JavaThread "Handler for socket connection from /127.0.0.1:51584 to /127.0.0.1:51585" [_thread_in_native, id=7416, stack(0x000000635c300000,0x000000635c400000)]
  0x00000175d6862800 JavaThread "Cancel handler" [_thread_blocked, id=6464, stack(0x000000635c400000,0x000000635c500000)]
  0x00000175d6f16000 JavaThread "Daemon worker" [_thread_blocked, id=3052, stack(0x000000635c500000,0x000000635c600000)]
  0x00000175d7cde800 JavaThread "Asynchronous log dispatcher for DefaultDaemonConnection: socket connection from /127.0.0.1:51584 to /127.0.0.1:51585" [_thread_blocked, id=7844, stack(0x000000635c600000,0x000000635c700000)]
  0x00000175d7e43800 JavaThread "Stdin handler" [_thread_blocked, id=11460, stack(0x000000635c700000,0x000000635c800000)]
  0x00000175d92d3800 JavaThread "Daemon client event forwarder" [_thread_blocked, id=11292, stack(0x000000635c800000,0x000000635c900000)]
  0x00000175d9163800 JavaThread "Cache worker for journal cache (C:\Users\Marwa\.gradle\caches\journal-1)" [_thread_blocked, id=9960, stack(0x000000635ce00000,0x000000635cf00000)]
  0x00000175d9164000 JavaThread "File lock request listener" [_thread_in_native, id=10352, stack(0x000000635cf00000,0x000000635d000000)]
  0x00000175d9161800 JavaThread "Cache worker for file hash cache (C:\Users\Marwa\.gradle\caches\7.4\fileHashes)" [_thread_blocked, id=7744, stack(0x000000635d000000,0x000000635d100000)]
  0x00000175d9165000 JavaThread "File watcher server" daemon [_thread_in_native, id=9520, stack(0x000000635d200000,0x000000635d300000)]
  0x00000175d9165800 JavaThread "File watcher consumer" daemon [_thread_blocked, id=13624, stack(0x000000635d300000,0x000000635d400000)]
  0x00000175d9162800 JavaThread "Cache worker for checksums cache (C:\Users\Marwa\OneDrive\Bureau\tuto\dev_mobile\ArgoSight\.gradle\7.4\checksums)" [_thread_blocked, id=7588, stack(0x000000635d400000,0x000000635d500000)]
  0x00000175d9160000 JavaThread "Cache worker for cache directory md-rule (C:\Users\Marwa\.gradle\caches\7.4\md-rule)" [_thread_blocked, id=10548, stack(0x000000635d500000,0x000000635d600000)]
  0x00000175d9166800 JavaThread "Cache worker for file hash cache (C:\Users\Marwa\OneDrive\Bureau\tuto\dev_mobile\ArgoSight\.gradle\7.4\fileHashes)" [_thread_blocked, id=6208, stack(0x000000635d600000,0x000000635d700000)]
  0x00000175d9161000 JavaThread "Cache worker for cache directory md-supplier (C:\Users\Marwa\.gradle\caches\7.4\md-supplier)" [_thread_blocked, id=6396, stack(0x000000635d700000,0x000000635d800000)]
  0x00000175d8595800 JavaThread "Cache worker for execution history cache (C:\Users\Marwa\.gradle\caches\7.4\executionHistory)" [_thread_blocked, id=8644, stack(0x000000635d800000,0x000000635d900000)]
  0x00000175d8593000 JavaThread "jar transforms" [_thread_blocked, id=13248, stack(0x000000635d900000,0x000000635da00000)]
  0x00000175d8596000 JavaThread "Cache worker for file content cache (C:\Users\Marwa\.gradle\caches\7.4\fileContent)" [_thread_blocked, id=7216, stack(0x000000635da00000,0x000000635db00000)]
  0x00000175d8592000 JavaThread "jar transforms Thread 2" [_thread_blocked, id=1544, stack(0x000000635db00000,0x000000635dc00000)]
  0x00000175d8593800 JavaThread "Cache worker for dependencies-accessors (C:\Users\Marwa\OneDrive\Bureau\tuto\dev_mobile\ArgoSight\.gradle\7.4\dependencies-accessors)" [_thread_blocked, id=14080, stack(0x000000635dc00000,0x000000635dd00000)]
  0x00000175d8594800 JavaThread "jar transforms Thread 3" [_thread_blocked, id=13352, stack(0x000000635dd00000,0x000000635de00000)]
  0x00000175d8590800 JavaThread "Cache worker for Build Output Cleanup Cache (C:\Users\Marwa\OneDrive\Bureau\tuto\dev_mobile\ArgoSight\.gradle\buildOutputCleanup)" [_thread_blocked, id=5652, stack(0x000000635de00000,0x000000635df00000)]
  0x00000175d859a000 JavaThread "Unconstrained build operations" [_thread_blocked, id=9328, stack(0x000000635df00000,0x000000635e000000)]
  0x00000175d8599800 JavaThread "Unconstrained build operations Thread 2" [_thread_blocked, id=972, stack(0x000000635e000000,0x000000635e100000)]
  0x00000175d859b000 JavaThread "Unconstrained build operations Thread 3" [_thread_blocked, id=6436, stack(0x000000635e100000,0x000000635e200000)]
  0x00000175d859c800 JavaThread "Unconstrained build operations Thread 4" [_thread_blocked, id=13804, stack(0x000000635e200000,0x000000635e300000)]
  0x00000175d859c000 JavaThread "Unconstrained build operations Thread 5" [_thread_blocked, id=5660, stack(0x000000635e300000,0x000000635e400000)]
  0x00000175d8598800 JavaThread "Unconstrained build operations Thread 6" [_thread_blocked, id=14020, stack(0x000000635e400000,0x000000635e500000)]
  0x00000175d8597000 JavaThread "Unconstrained build operations Thread 7" [_thread_blocked, id=8196, stack(0x000000635e500000,0x000000635e600000)]
  0x00000175d859d800 JavaThread "Unconstrained build operations Thread 8" [_thread_blocked, id=7284, stack(0x000000635e600000,0x000000635e700000)]
  0x00000175d8597800 JavaThread "Unconstrained build operations Thread 9" [_thread_blocked, id=7612, stack(0x000000635e700000,0x000000635e800000)]
  0x00000175d859e800 JavaThread "Unconstrained build operations Thread 10" [_thread_blocked, id=13580, stack(0x000000635e800000,0x000000635e900000)]
  0x00000175d859f000 JavaThread "Unconstrained build operations Thread 11" [_thread_in_vm, id=12272, stack(0x000000635e900000,0x000000635ea00000)]
  0x00000175daee5000 JavaThread "Unconstrained build operations Thread 12" [_thread_blocked, id=13992, stack(0x000000635ea00000,0x000000635eb00000)]
  0x00000175daee7000 JavaThread "Unconstrained build operations Thread 13" [_thread_blocked, id=7464, stack(0x000000635eb00000,0x000000635ec00000)]
  0x00000175daee6800 JavaThread "Unconstrained build operations Thread 14" [_thread_blocked, id=6520, stack(0x000000635ec00000,0x000000635ed00000)]
  0x00000175daee8000 JavaThread "Unconstrained build operations Thread 15" [_thread_blocked, id=7808, stack(0x000000635ed00000,0x000000635ee00000)]
  0x00000175daee2800 JavaThread "Unconstrained build operations Thread 16" [_thread_blocked, id=9604, stack(0x000000635ee00000,0x000000635ef00000)]
  0x00000175daee5800 JavaThread "Unconstrained build operations Thread 17" [_thread_blocked, id=2308, stack(0x000000635ef00000,0x000000635f000000)]
  0x00000175daee9000 JavaThread "Unconstrained build operations Thread 18" [_thread_blocked, id=11948, stack(0x000000635f000000,0x000000635f100000)]
  0x00000175daee3000 JavaThread "Unconstrained build operations Thread 19" [_thread_blocked, id=1556, stack(0x000000635f100000,0x000000635f200000)]
  0x00000175daee9800 JavaThread "Unconstrained build operations Thread 20" [_thread_blocked, id=1240, stack(0x000000635f200000,0x000000635f300000)]
  0x00000175daee4000 JavaThread "Unconstrained build operations Thread 21" [_thread_blocked, id=7992, stack(0x000000635f300000,0x000000635f400000)]
  0x00000175daeea800 JavaThread "Unconstrained build operations Thread 22" [_thread_blocked, id=11656, stack(0x000000635f400000,0x000000635f500000)]
  0x00000175daeed800 JavaThread "Unconstrained build operations Thread 23" [_thread_blocked, id=7368, stack(0x000000635f500000,0x000000635f600000)]
  0x00000175daef0000 JavaThread "Unconstrained build operations Thread 24" [_thread_blocked, id=9952, stack(0x000000635f600000,0x000000635f700000)]
  0x00000175daeeb800 JavaThread "Unconstrained build operations Thread 25" [_thread_blocked, id=14332, stack(0x000000635f700000,0x000000635f800000)]
  0x00000175daeee800 JavaThread "Unconstrained build operations Thread 26" [_thread_blocked, id=9816, stack(0x000000635f800000,0x000000635f900000)]
  0x00000175daeef800 JavaThread "Unconstrained build operations Thread 27" [_thread_blocked, id=12060, stack(0x000000635f900000,0x000000635fa00000)]
  0x00000175daef1000 JavaThread "Unconstrained build operations Thread 28" [_thread_blocked, id=180, stack(0x000000635fa00000,0x000000635fb00000)]
  0x00000175daeec000 JavaThread "Unconstrained build operations Thread 29" [_thread_blocked, id=7160, stack(0x000000635fb00000,0x000000635fc00000)]
  0x00000175daeed000 JavaThread "Unconstrained build operations Thread 30" [_thread_blocked, id=7044, stack(0x000000635fc00000,0x000000635fd00000)]
  0x00000175dd09f000 JavaThread "Unconstrained build operations Thread 31" [_thread_blocked, id=4816, stack(0x000000635fd00000,0x000000635fe00000)]
  0x00000175dd0a0000 JavaThread "Unconstrained build operations Thread 32" [_thread_blocked, id=13256, stack(0x000000635fe00000,0x000000635ff00000)]
  0x00000175dd0a1800 JavaThread "Unconstrained build operations Thread 33" [_thread_blocked, id=1172, stack(0x000000635ff00000,0x0000006360000000)]
  0x00000175dd0a4000 JavaThread "Unconstrained build operations Thread 34" [_thread_blocked, id=11036, stack(0x0000006360000000,0x0000006360100000)]
  0x00000175dd0a3000 JavaThread "Unconstrained build operations Thread 35" [_thread_blocked, id=8280, stack(0x0000006360100000,0x0000006360200000)]
  0x00000175dd0a0800 JavaThread "Unconstrained build operations Thread 36" [_thread_blocked, id=10756, stack(0x0000006360200000,0x0000006360300000)]
  0x00000175dd0a2000 JavaThread "Unconstrained build operations Thread 37" [_thread_blocked, id=9456, stack(0x0000006360300000,0x0000006360400000)]
  0x00000175dd09e000 JavaThread "Unconstrained build operations Thread 38" [_thread_blocked, id=2700, stack(0x0000006360400000,0x0000006360500000)]
  0x00000175dd0a8000 JavaThread "Unconstrained build operations Thread 39" [_thread_blocked, id=11448, stack(0x0000006360500000,0x0000006360600000)]
  0x00000175dd0a6800 JavaThread "Unconstrained build operations Thread 40" [_thread_blocked, id=13288, stack(0x0000006360600000,0x0000006360700000)]
  0x00000175dd0a4800 JavaThread "Unconstrained build operations Thread 41" [_thread_blocked, id=14216, stack(0x0000006360700000,0x0000006360800000)]
  0x00000175dd0a9000 JavaThread "Unconstrained build operations Thread 42" [_thread_blocked, id=14140, stack(0x0000006360800000,0x0000006360900000)]
  0x00000175dd0a7000 JavaThread "Unconstrained build operations Thread 43" [_thread_blocked, id=1664, stack(0x0000006360900000,0x0000006360a00000)]
  0x00000175dd0a9800 JavaThread "Unconstrained build operations Thread 44" [_thread_blocked, id=3960, stack(0x0000006360a00000,0x0000006360b00000)]
  0x00000175dd0aa800 JavaThread "Unconstrained build operations Thread 45" [_thread_blocked, id=9856, stack(0x0000006360b00000,0x0000006360c00000)]
  0x00000175dd0ab000 JavaThread "Unconstrained build operations Thread 46" [_thread_blocked, id=9824, stack(0x0000006360c00000,0x0000006360d00000)]
  0x00000175dd0a5800 JavaThread "Unconstrained build operations Thread 47" [_thread_blocked, id=3572, stack(0x0000006360d00000,0x0000006360e00000)]
  0x00000175dd0ac000 JavaThread "Unconstrained build operations Thread 48" [_thread_blocked, id=11652, stack(0x0000006360e00000,0x0000006360f00000)]
  0x00000175dd0ad000 JavaThread "Unconstrained build operations Thread 49" [_thread_blocked, id=14224, stack(0x0000006360f00000,0x0000006361000000)]
  0x00000175dcfcf000 JavaThread "Unconstrained build operations Thread 50" [_thread_blocked, id=13836, stack(0x0000006361000000,0x0000006361100000)]
  0x00000175dcfd4800 JavaThread "Unconstrained build operations Thread 51" [_thread_blocked, id=14304, stack(0x0000006361100000,0x0000006361200000)]
  0x00000175dcfd3000 JavaThread "Unconstrained build operations Thread 52" [_thread_blocked, id=11808, stack(0x0000006361200000,0x0000006361300000)]
  0x00000175dcfd1000 JavaThread "Unconstrained build operations Thread 53" [_thread_blocked, id=1260, stack(0x0000006361300000,0x0000006361400000)]
  0x00000175dcfd3800 JavaThread "Unconstrained build operations Thread 54" [_thread_blocked, id=12820, stack(0x0000006361400000,0x0000006361500000)]
  0x00000175dcfcf800 JavaThread "Unconstrained build operations Thread 55" [_thread_blocked, id=7968, stack(0x0000006361500000,0x0000006361600000)]
  0x00000175dcfd2000 JavaThread "Unconstrained build operations Thread 56" [_thread_blocked, id=10480, stack(0x0000006361600000,0x0000006361700000)]
  0x00000175dcfd0800 JavaThread "Unconstrained build operations Thread 57" [_thread_blocked, id=7876, stack(0x0000006361700000,0x0000006361800000)]
  0x00000175dcfd8800 JavaThread "Unconstrained build operations Thread 58" [_thread_blocked, id=10576, stack(0x0000006361800000,0x0000006361900000)]
  0x00000175dcfd9800 JavaThread "Unconstrained build operations Thread 59" [_thread_blocked, id=9796, stack(0x0000006361900000,0x0000006361a00000)]
  0x00000175dcfd7800 JavaThread "Unconstrained build operations Thread 60" [_thread_blocked, id=5400, stack(0x0000006361a00000,0x0000006361b00000)]
  0x00000175dcfd5800 JavaThread "Unconstrained build operations Thread 61" [_thread_blocked, id=8940, stack(0x0000006361b00000,0x0000006361c00000)]
  0x00000175dcfda000 JavaThread "Unconstrained build operations Thread 62" [_thread_blocked, id=5072, stack(0x0000006361c00000,0x0000006361d00000)]
  0x00000175dcfd6000 JavaThread "Unconstrained build operations Thread 63" [_thread_blocked, id=2100, stack(0x0000006361d00000,0x0000006361e00000)]
  0x00000175dcfdb000 JavaThread "Unconstrained build operations Thread 64" [_thread_blocked, id=13116, stack(0x0000006361e00000,0x0000006361f00000)]
  0x00000175dcfd7000 JavaThread "Unconstrained build operations Thread 65" [_thread_blocked, id=11360, stack(0x0000006361f00000,0x0000006362000000)]
  0x00000175dcfdc000 JavaThread "Unconstrained build operations Thread 66" [_thread_blocked, id=5588, stack(0x0000006362000000,0x0000006362100000)]
  0x00000175dcfdc800 JavaThread "Unconstrained build operations Thread 67" [_thread_blocked, id=7056, stack(0x0000006362100000,0x0000006362200000)]
  0x00000175dcfdd800 JavaThread "Unconstrained build operations Thread 68" [_thread_blocked, id=7868, stack(0x0000006362200000,0x0000006362300000)]
  0x00000175db714000 JavaThread "Unconstrained build operations Thread 69" [_thread_blocked, id=12932, stack(0x0000006362300000,0x0000006362400000)]
  0x00000175db713000 JavaThread "Unconstrained build operations Thread 70" [_thread_blocked, id=12328, stack(0x0000006362400000,0x0000006362500000)]
  0x00000175db715000 JavaThread "Unconstrained build operations Thread 71" [_thread_blocked, id=6324, stack(0x0000006362500000,0x0000006362600000)]
  0x00000175db710800 JavaThread "Unconstrained build operations Thread 72" [_thread_blocked, id=2352, stack(0x0000006362600000,0x0000006362700000)]
  0x00000175db711800 JavaThread "Unconstrained build operations Thread 73" [_thread_blocked, id=3544, stack(0x0000006362700000,0x0000006362800000)]
  0x00000175db715800 JavaThread "Unconstrained build operations Thread 74" [_thread_blocked, id=7396, stack(0x0000006362800000,0x0000006362900000)]
  0x00000175db717800 JavaThread "Unconstrained build operations Thread 75" [_thread_blocked, id=14248, stack(0x0000006362900000,0x0000006362a00000)]
  0x00000175db712800 JavaThread "Unconstrained build operations Thread 76" [_thread_blocked, id=12764, stack(0x0000006362a00000,0x0000006362b00000)]
  0x00000175db719800 JavaThread "Unconstrained build operations Thread 77" [_thread_blocked, id=4996, stack(0x0000006362b00000,0x0000006362c00000)]
  0x00000175db71a800 JavaThread "Unconstrained build operations Thread 78" [_thread_blocked, id=108, stack(0x0000006362c00000,0x0000006362d00000)]
  0x00000175db71b800 JavaThread "Unconstrained build operations Thread 79" [_thread_blocked, id=12068, stack(0x0000006362d00000,0x0000006362e00000)]
  0x00000175db718000 JavaThread "Unconstrained build operations Thread 80" [_thread_blocked, id=11680, stack(0x0000006362e00000,0x0000006362f00000)]
  0x00000175db71c000 JavaThread "jar transforms Thread 4" [_thread_blocked, id=13060, stack(0x0000006362f00000,0x0000006363000000)]
  0x00000175db719000 JavaThread "jar transforms Thread 5" [_thread_blocked, id=8796, stack(0x0000006363000000,0x0000006363100000)]
  0x00000175db716800 JavaThread "jar transforms Thread 6" [_thread_blocked, id=5504, stack(0x0000006363100000,0x0000006363200000)]
  0x00000175db71f800 JavaThread "jar transforms Thread 7" [_thread_blocked, id=11352, stack(0x0000006363200000,0x0000006363300000)]
  0x00000175db71e800 JavaThread "jar transforms Thread 8" [_thread_blocked, id=8708, stack(0x0000006363300000,0x0000006363400000)]
  0x00000175db71d000 JavaThread "Memory manager" [_thread_blocked, id=12676, stack(0x000000635c000000,0x000000635c100000)]
  0x00000175db71e000 JavaThread "build event listener" [_thread_blocked, id=13076, stack(0x0000006363500000,0x0000006363600000)]
  0x00000175dd2f7800 JavaThread "pool-3-thread-1" [_thread_blocked, id=4184, stack(0x0000006363600000,0x0000006363700000)]
  0x00000175dd2f6000 JavaThread "build event listener" [_thread_blocked, id=3868, stack(0x0000006363700000,0x0000006363800000)]
  0x00000175dd2fa000 JavaThread "included builds" [_thread_blocked, id=4060, stack(0x0000006363800000,0x0000006363900000)]
  0x00000175dd2f5800 JavaThread "Execution worker for ':'" [_thread_blocked, id=2292, stack(0x0000006363900000,0x0000006363a00000)]
  0x00000175dd2fb000 JavaThread "Execution worker for ':' Thread 2" [_thread_blocked, id=7620, stack(0x0000006363a00000,0x0000006363b00000)]
  0x00000175dd2f7000 JavaThread "Execution worker for ':' Thread 3" [_thread_blocked, id=5440, stack(0x0000006363b00000,0x0000006363c00000)]
  0x00000175dd2fc000 JavaThread "Execution worker for ':' Thread 4" [_thread_blocked, id=6028, stack(0x0000006363c00000,0x0000006363d00000)]
  0x00000175dd2fe000 JavaThread "Execution worker for ':' Thread 5" [_thread_blocked, id=12380, stack(0x0000006363d00000,0x0000006363e00000)]
  0x00000175dd2f8800 JavaThread "Execution worker for ':' Thread 6" [_thread_blocked, id=492, stack(0x0000006363e00000,0x0000006363f00000)]
  0x00000175dd2fd800 JavaThread "Execution worker for ':' Thread 7" [_thread_blocked, id=4964, stack(0x0000006363f00000,0x0000006364000000)]
  0x00000175dd2ff000 JavaThread "Cache worker for execution history cache (C:\Users\Marwa\OneDrive\Bureau\tuto\dev_mobile\ArgoSight\.gradle\7.4\executionHistory)" [_thread_blocked, id=14196, stack(0x0000006364000000,0x0000006364100000)]
  0x00000175dd2f9800 JavaThread "WorkerExecutor Queue" [_thread_blocked, id=12220, stack(0x0000006364100000,0x0000006364200000)]
  0x00000175dd2fc800 JavaThread "WorkerExecutor Queue Thread 2" [_thread_in_native, id=6536, stack(0x0000006364500000,0x0000006364600000)]
  0x00000175dd302800 JavaThread "WorkerExecutor Queue Thread 3" [_thread_blocked, id=6824, stack(0x0000006364600000,0x0000006364700000)]
  0x00000175dd300000 JavaThread "WorkerExecutor Queue Thread 4" [_thread_blocked, id=2504, stack(0x0000006364700000,0x0000006364800000)]
  0x00000175dd303000 JavaThread "WorkerExecutor Queue Thread 5" [_thread_blocked, id=13972, stack(0x0000006364800000,0x0000006364900000)]
  0x00000175dd304000 JavaThread "WorkerExecutor Queue Thread 6" [_thread_blocked, id=12492, stack(0x0000006364900000,0x0000006364a00000)]
  0x00000175dd300800 JavaThread "WorkerExecutor Queue Thread 7" [_thread_blocked, id=5416, stack(0x0000006364a00000,0x0000006364b00000)]
  0x00000175dd301800 JavaThread "WorkerExecutor Queue Thread 8" [_thread_blocked, id=9440, stack(0x0000006364b00000,0x0000006364c00000)]
  0x00000175e08ce000 JavaThread "WorkerExecutor Queue Thread 9" [_thread_blocked, id=5896, stack(0x0000006363400000,0x0000006363500000)]

Other Threads:
  0x00000175d54df000 VMThread "VM Thread" [stack: 0x000000635b100000,0x000000635b200000] [id=11092]
  0x00000175d602a000 WatcherThread [stack: 0x000000635bb00000,0x000000635bc00000] [id=10088]
  0x00000175b90c7800 GCTaskThread "GC Thread#0" [stack: 0x000000635ac00000,0x000000635ad00000] [id=4560]
  0x00000175d6dc4800 GCTaskThread "GC Thread#1" [stack: 0x000000635bd00000,0x000000635be00000] [id=13360]
  0x00000175d68cc000 GCTaskThread "GC Thread#2" [stack: 0x000000635be00000,0x000000635bf00000] [id=7736]
  0x00000175d7572800 GCTaskThread "GC Thread#3" [stack: 0x000000635c900000,0x000000635ca00000] [id=9068]
  0x00000175d6c52000 GCTaskThread "GC Thread#4" [stack: 0x000000635ca00000,0x000000635cb00000] [id=12776]
  0x00000175d6555800 GCTaskThread "GC Thread#5" [stack: 0x000000635cb00000,0x000000635cc00000] [id=14184]
  0x00000175d8b87000 GCTaskThread "GC Thread#6" [stack: 0x000000635cc00000,0x000000635cd00000] [id=980]
  0x00000175d6367800 GCTaskThread "GC Thread#7" [stack: 0x000000635cd00000,0x000000635ce00000] [id=7856]
  0x00000175b90f9800 ConcurrentGCThread "G1 Main Marker" [stack: 0x000000635ad00000,0x000000635ae00000] [id=9408]
  0x00000175b90fc000 ConcurrentGCThread "G1 Conc#0" [stack: 0x000000635ae00000,0x000000635af00000] [id=7608]
  0x00000175d8e2a800 ConcurrentGCThread "G1 Conc#1" [stack: 0x000000635d100000,0x000000635d200000] [id=3916]
  0x00000175b918d800 ConcurrentGCThread "G1 Refine#0" [stack: 0x000000635af00000,0x000000635b000000] [id=13864]
  0x00000175d90d8000 ConcurrentGCThread "G1 Refine#1" [stack: 0x0000006364200000,0x0000006364300000] [id=10796]
  0x00000175d7148000 ConcurrentGCThread "G1 Refine#2" [stack: 0x0000006364300000,0x0000006364400000] [id=10696]
  0x00000175ddad1800 ConcurrentGCThread "G1 Refine#3" [stack: 0x0000006364400000,0x0000006364500000] [id=7896]
  0x00000175d5330800 ConcurrentGCThread "G1 Young RemSet Sampling" [stack: 0x000000635b000000,0x000000635b100000] [id=2752]

Threads with active compile tasks:
C2 CompilerThread0  31507 14228       4       org.gradle.internal.file.FileHierarchySet$Node::isChildOfOrThis (110 bytes)

VM state:not at safepoint (normal execution)

VM Mutex/Monitor currently owned by a thread: None

Heap address: 0x0000000080000000, size: 2048 MB, Compressed Oops mode: 32-bit
Narrow klass base: 0x0000000000000000, Narrow klass shift: 3
Compressed class space size: 1073741824 Address: 0x0000000100000000

Heap:
 garbage-first heap   total 225280K, used 160429K [0x0000000080000000, 0x0000000100000000)
  region size 1024K, 60 young (61440K), 9 survivors (9216K)
 Metaspace       used 105220K, capacity 107747K, committed 107984K, reserved 1142784K
  class space    used 13115K, capacity 14035K, committed 14080K, reserved 1048576K
Heap Regions: E=young(eden), S=young(survivor), O=old, HS=humongous(starts), HC=humongous(continues), CS=collection set, F=free, A=archive, TAMS=top-at-mark-start (previous, next)
|   0|0x0000000080000000, 0x0000000080100000, 0x0000000080100000|100%| O|  |TAMS 0x0000000080100000, 0x0000000080000000| Untracked 
|   1|0x0000000080100000, 0x0000000080200000, 0x0000000080200000|100%| O|  |TAMS 0x0000000080200000, 0x0000000080100000| Untracked 
|   2|0x0000000080200000, 0x0000000080300000, 0x0000000080300000|100%| O|  |TAMS 0x0000000080300000, 0x0000000080200000| Untracked 
|   3|0x0000000080300000, 0x0000000080400000, 0x0000000080400000|100%|HS|  |TAMS 0x0000000080400000, 0x0000000080300000| Complete 
|   4|0x0000000080400000, 0x0000000080500000, 0x0000000080500000|100%|HC|  |TAMS 0x0000000080500000, 0x0000000080400000| Complete 
|   5|0x0000000080500000, 0x0000000080600000, 0x0000000080600000|100%|HC|  |TAMS 0x0000000080600000, 0x0000000080500000| Complete 
|   6|0x0000000080600000, 0x0000000080700000, 0x0000000080700000|100%| O|  |TAMS 0x0000000080700000, 0x0000000080600000| Untracked 
|   7|0x0000000080700000, 0x0000000080800000, 0x0000000080800000|100%| O|  |TAMS 0x0000000080800000, 0x0000000080700000| Untracked 
|   8|0x0000000080800000, 0x0000000080900000, 0x0000000080900000|100%| O|  |TAMS 0x0000000080900000, 0x0000000080800000| Untracked 
|   9|0x0000000080900000, 0x0000000080a00000, 0x0000000080a00000|100%| O|  |TAMS 0x0000000080a00000, 0x0000000080900000| Untracked 
|  10|0x0000000080a00000, 0x0000000080b00000, 0x0000000080b00000|100%| O|  |TAMS 0x0000000080b00000, 0x0000000080a00000| Untracked 
|  11|0x0000000080b00000, 0x0000000080c00000, 0x0000000080c00000|100%| O|  |TAMS 0x0000000080c00000, 0x0000000080b00000| Untracked 
|  12|0x0000000080c00000, 0x0000000080d00000, 0x0000000080d00000|100%| O|  |TAMS 0x0000000080d00000, 0x0000000080c00000| Untracked 
|  13|0x0000000080d00000, 0x0000000080e00000, 0x0000000080e00000|100%| O|  |TAMS 0x0000000080e00000, 0x0000000080d00000| Untracked 
|  14|0x0000000080e00000, 0x0000000080f00000, 0x0000000080f00000|100%| O|  |TAMS 0x0000000080f00000, 0x0000000080e00000| Untracked 
|  15|0x0000000080f00000, 0x0000000081000000, 0x0000000081000000|100%| O|  |TAMS 0x0000000081000000, 0x0000000080f00000| Untracked 
|  16|0x0000000081000000, 0x0000000081100000, 0x0000000081100000|100%|HS|  |TAMS 0x0000000081100000, 0x0000000081000000| Complete 
|  17|0x0000000081100000, 0x0000000081200000, 0x0000000081200000|100%| O|  |TAMS 0x0000000081200000, 0x0000000081100000| Untracked 
|  18|0x0000000081200000, 0x0000000081300000, 0x0000000081300000|100%| O|  |TAMS 0x0000000081300000, 0x0000000081200000| Untracked 
|  19|0x0000000081300000, 0x0000000081400000, 0x0000000081400000|100%| O|  |TAMS 0x0000000081400000, 0x0000000081300000| Untracked 
|  20|0x0000000081400000, 0x0000000081500000, 0x0000000081500000|100%| O|  |TAMS 0x0000000081500000, 0x0000000081400000| Untracked 
|  21|0x0000000081500000, 0x0000000081600000, 0x0000000081600000|100%| O|  |TAMS 0x0000000081600000, 0x0000000081500000| Untracked 
|  22|0x0000000081600000, 0x0000000081700000, 0x0000000081700000|100%| O|  |TAMS 0x0000000081700000, 0x0000000081600000| Untracked 
|  23|0x0000000081700000, 0x0000000081800000, 0x0000000081800000|100%| O|  |TAMS 0x0000000081800000, 0x0000000081700000| Untracked 
|  24|0x0000000081800000, 0x0000000081900000, 0x0000000081900000|100%| O|  |TAMS 0x0000000081900000, 0x0000000081800000| Untracked 
|  25|0x0000000081900000, 0x0000000081a00000, 0x0000000081a00000|100%| O|  |TAMS 0x0000000081a00000, 0x0000000081900000| Untracked 
|  26|0x0000000081a00000, 0x0000000081b00000, 0x0000000081b00000|100%| O|  |TAMS 0x0000000081b00000, 0x0000000081a00000| Untracked 
|  27|0x0000000081b00000, 0x0000000081c00000, 0x0000000081c00000|100%| O|  |TAMS 0x0000000081c00000, 0x0000000081b00000| Untracked 
|  28|0x0000000081c00000, 0x0000000081d00000, 0x0000000081d00000|100%|HS|  |TAMS 0x0000000081d00000, 0x0000000081c00000| Complete 
|  29|0x0000000081d00000, 0x0000000081e00000, 0x0000000081e00000|100%| O|  |TAMS 0x0000000081e00000, 0x0000000081d00000| Untracked 
|  30|0x0000000081e00000, 0x0000000081f00000, 0x0000000081f00000|100%|HS|  |TAMS 0x0000000081f00000, 0x0000000081e00000| Complete 
|  31|0x0000000081f00000, 0x0000000082000000, 0x0000000082000000|100%|HC|  |TAMS 0x0000000082000000, 0x0000000081f00000| Complete 
|  32|0x0000000082000000, 0x0000000082100000, 0x0000000082100000|100%| O|  |TAMS 0x0000000082100000, 0x0000000082000000| Untracked 
|  33|0x0000000082100000, 0x0000000082200000, 0x0000000082200000|100%| O|  |TAMS 0x0000000082200000, 0x0000000082100000| Untracked 
|  34|0x0000000082200000, 0x0000000082300000, 0x0000000082300000|100%| O|  |TAMS 0x0000000082300000, 0x0000000082200000| Untracked 
|  35|0x0000000082300000, 0x0000000082400000, 0x0000000082400000|100%| O|  |TAMS 0x0000000082400000, 0x0000000082300000| Untracked 
|  36|0x0000000082400000, 0x0000000082500000, 0x0000000082500000|100%| O|  |TAMS 0x0000000082500000, 0x0000000082400000| Untracked 
|  37|0x0000000082500000, 0x0000000082600000, 0x0000000082600000|100%| O|  |TAMS 0x0000000082600000, 0x0000000082500000| Untracked 
|  38|0x0000000082600000, 0x0000000082700000, 0x0000000082700000|100%| O|  |TAMS 0x0000000082700000, 0x0000000082600000| Untracked 
|  39|0x0000000082700000, 0x0000000082800000, 0x0000000082800000|100%| O|  |TAMS 0x0000000082800000, 0x0000000082700000| Untracked 
|  40|0x0000000082800000, 0x0000000082900000, 0x0000000082900000|100%| O|  |TAMS 0x0000000082900000, 0x0000000082800000| Untracked 
|  41|0x0000000082900000, 0x0000000082a00000, 0x0000000082a00000|100%| O|  |TAMS 0x0000000082a00000, 0x0000000082900000| Untracked 
|  42|0x0000000082a00000, 0x0000000082b00000, 0x0000000082b00000|100%| O|  |TAMS 0x0000000082b00000, 0x0000000082a00000| Untracked 
|  43|0x0000000082b00000, 0x0000000082c00000, 0x0000000082c00000|100%| O|  |TAMS 0x0000000082c00000, 0x0000000082b00000| Untracked 
|  44|0x0000000082c00000, 0x0000000082d00000, 0x0000000082d00000|100%| O|  |TAMS 0x0000000082d00000, 0x0000000082c00000| Untracked 
|  45|0x0000000082d00000, 0x0000000082e00000, 0x0000000082e00000|100%| O|  |TAMS 0x0000000082e00000, 0x0000000082d00000| Untracked 
|  46|0x0000000082e00000, 0x0000000082f00000, 0x0000000082f00000|100%| O|  |TAMS 0x0000000082f00000, 0x0000000082e00000| Untracked 
|  47|0x0000000082f00000, 0x0000000083000000, 0x0000000083000000|100%| O|  |TAMS 0x0000000083000000, 0x0000000082f00000| Untracked 
|  48|0x0000000083000000, 0x0000000083100000, 0x0000000083100000|100%| O|  |TAMS 0x0000000083100000, 0x0000000083000000| Untracked 
|  49|0x0000000083100000, 0x0000000083200000, 0x0000000083200000|100%| O|  |TAMS 0x0000000083200000, 0x0000000083100000| Untracked 
|  50|0x0000000083200000, 0x0000000083300000, 0x0000000083300000|100%| O|  |TAMS 0x0000000083300000, 0x0000000083200000| Untracked 
|  51|0x0000000083300000, 0x0000000083400000, 0x0000000083400000|100%| O|  |TAMS 0x0000000083400000, 0x0000000083300000| Untracked 
|  52|0x0000000083400000, 0x0000000083500000, 0x0000000083500000|100%| O|  |TAMS 0x0000000083500000, 0x0000000083400000| Untracked 
|  53|0x0000000083500000, 0x0000000083600000, 0x0000000083600000|100%| O|  |TAMS 0x0000000083600000, 0x0000000083500000| Untracked 
|  54|0x0000000083600000, 0x0000000083700000, 0x0000000083700000|100%| O|  |TAMS 0x0000000083700000, 0x0000000083600000| Untracked 
|  55|0x0000000083700000, 0x0000000083800000, 0x0000000083800000|100%| O|  |TAMS 0x0000000083800000, 0x0000000083700000| Untracked 
|  56|0x0000000083800000, 0x0000000083900000, 0x0000000083900000|100%| O|  |TAMS 0x0000000083900000, 0x0000000083800000| Untracked 
|  57|0x0000000083900000, 0x0000000083a00000, 0x0000000083a00000|100%| O|  |TAMS 0x0000000083a00000, 0x0000000083900000| Untracked 
|  58|0x0000000083a00000, 0x0000000083b00000, 0x0000000083b00000|100%| O|  |TAMS 0x0000000083b00000, 0x0000000083a00000| Untracked 
|  59|0x0000000083b00000, 0x0000000083c00000, 0x0000000083c00000|100%| O|  |TAMS 0x0000000083c00000, 0x0000000083b00000| Untracked 
|  60|0x0000000083c00000, 0x0000000083d00000, 0x0000000083d00000|100%| O|  |TAMS 0x0000000083d00000, 0x0000000083c00000| Untracked 
|  61|0x0000000083d00000, 0x0000000083e00000, 0x0000000083e00000|100%| O|  |TAMS 0x0000000083e00000, 0x0000000083d00000| Untracked 
|  62|0x0000000083e00000, 0x0000000083f00000, 0x0000000083f00000|100%| O|  |TAMS 0x0000000083f00000, 0x0000000083e00000| Untracked 
|  63|0x0000000083f00000, 0x0000000084000000, 0x0000000084000000|100%| O|  |TAMS 0x0000000084000000, 0x0000000083f00000| Untracked 
|  64|0x0000000084000000, 0x0000000084100000, 0x0000000084100000|100%| O|  |TAMS 0x0000000084000000, 0x0000000084000000| Untracked 
|  65|0x0000000084100000, 0x0000000084200000, 0x0000000084200000|100%| O|  |TAMS 0x0000000084100000, 0x0000000084100000| Untracked 
|  66|0x0000000084200000, 0x0000000084300000, 0x0000000084300000|100%| O|  |TAMS 0x0000000084300000, 0x0000000084200000| Untracked 
|  67|0x0000000084300000, 0x0000000084400000, 0x0000000084400000|100%| O|  |TAMS 0x0000000084300000, 0x0000000084300000| Untracked 
|  68|0x0000000084400000, 0x0000000084500000, 0x0000000084500000|100%| O|  |TAMS 0x0000000084500000, 0x0000000084400000| Untracked 
|  69|0x0000000084500000, 0x0000000084600000, 0x0000000084600000|100%| O|  |TAMS 0x0000000084600000, 0x0000000084500000| Untracked 
|  70|0x0000000084600000, 0x0000000084700000, 0x0000000084700000|100%| O|  |TAMS 0x0000000084700000, 0x0000000084600000| Untracked 
|  71|0x0000000084700000, 0x0000000084800000, 0x0000000084800000|100%| O|  |TAMS 0x0000000084800000, 0x0000000084700000| Untracked 
|  72|0x0000000084800000, 0x0000000084900000, 0x0000000084900000|100%| O|  |TAMS 0x0000000084900000, 0x0000000084800000| Untracked 
|  73|0x0000000084900000, 0x0000000084a00000, 0x0000000084a00000|100%| O|  |TAMS 0x0000000084a00000, 0x0000000084900000| Untracked 
|  74|0x0000000084a00000, 0x0000000084b00000, 0x0000000084b00000|100%| O|  |TAMS 0x0000000084b00000, 0x0000000084a00000| Untracked 
|  75|0x0000000084b00000, 0x0000000084c00000, 0x0000000084c00000|100%| O|  |TAMS 0x0000000084b00000, 0x0000000084b00000| Untracked 
|  76|0x0000000084c00000, 0x0000000084d00000, 0x0000000084d00000|100%| O|  |TAMS 0x0000000084c00000, 0x0000000084c00000| Untracked 
|  77|0x0000000084d00000, 0x0000000084e00000, 0x0000000084e00000|100%| O|  |TAMS 0x0000000084d00000, 0x0000000084d00000| Untracked 
|  78|0x0000000084e00000, 0x0000000084f00000, 0x0000000084f00000|100%| O|  |TAMS 0x0000000084e00000, 0x0000000084e00000| Untracked 
|  79|0x0000000084f00000, 0x0000000085000000, 0x0000000085000000|100%| O|  |TAMS 0x0000000084f00000, 0x0000000084f00000| Untracked 
|  80|0x0000000085000000, 0x0000000085100000, 0x0000000085100000|100%| O|  |TAMS 0x0000000085000000, 0x0000000085000000| Untracked 
|  81|0x0000000085100000, 0x0000000085200000, 0x0000000085200000|100%| O|  |TAMS 0x0000000085100000, 0x0000000085100000| Untracked 
|  82|0x0000000085200000, 0x0000000085300000, 0x0000000085300000|100%| O|  |TAMS 0x0000000085200000, 0x0000000085200000| Untracked 
|  83|0x0000000085300000, 0x0000000085400000, 0x0000000085400000|100%| O|  |TAMS 0x0000000085300000, 0x0000000085300000| Untracked 
|  84|0x0000000085400000, 0x0000000085500000, 0x0000000085500000|100%| O|  |TAMS 0x0000000085400000, 0x0000000085400000| Untracked 
|  85|0x0000000085500000, 0x00000000855ab400, 0x0000000085600000| 66%| O|  |TAMS 0x0000000085500000, 0x0000000085500000| Untracked 
|  86|0x0000000085600000, 0x0000000085700000, 0x0000000085700000|100%|HS|  |TAMS 0x0000000085600000, 0x0000000085600000| Complete 
|  87|0x0000000085700000, 0x0000000085800000, 0x0000000085800000|100%|HC|  |TAMS 0x0000000085700000, 0x0000000085700000| Complete 
|  88|0x0000000085800000, 0x0000000085800000, 0x0000000085900000|  0%| F|  |TAMS 0x0000000085800000, 0x0000000085800000| Untracked 
|  89|0x0000000085900000, 0x0000000085900000, 0x0000000085a00000|  0%| F|  |TAMS 0x0000000085900000, 0x0000000085900000| Untracked 
|  90|0x0000000085a00000, 0x0000000085a00000, 0x0000000085b00000|  0%| F|  |TAMS 0x0000000085a00000, 0x0000000085a00000| Untracked 
|  91|0x0000000085b00000, 0x0000000085c00000, 0x0000000085c00000|100%| O|  |TAMS 0x0000000085c00000, 0x0000000085b00000| Untracked 
|  92|0x0000000085c00000, 0x0000000085d00000, 0x0000000085d00000|100%| O|  |TAMS 0x0000000085d00000, 0x0000000085c00000| Untracked 
|  93|0x0000000085d00000, 0x0000000085d00000, 0x0000000085e00000|  0%| F|  |TAMS 0x0000000085d00000, 0x0000000085d00000| Untracked 
|  94|0x0000000085e00000, 0x0000000085e00000, 0x0000000085f00000|  0%| F|  |TAMS 0x0000000085e00000, 0x0000000085e00000| Untracked 
|  95|0x0000000085f00000, 0x0000000086000000, 0x0000000086000000|100%| O|  |TAMS 0x0000000086000000, 0x0000000085f00000| Untracked 
|  96|0x0000000086000000, 0x0000000086100000, 0x0000000086100000|100%| O|  |TAMS 0x0000000086100000, 0x0000000086000000| Untracked 
|  97|0x0000000086100000, 0x0000000086200000, 0x0000000086200000|100%| O|  |TAMS 0x0000000086200000, 0x0000000086100000| Untracked 
|  98|0x0000000086200000, 0x0000000086300000, 0x0000000086300000|100%| O|  |TAMS 0x0000000086300000, 0x0000000086200000| Untracked 
|  99|0x0000000086300000, 0x0000000086300000, 0x0000000086400000|  0%| F|  |TAMS 0x0000000086300000, 0x0000000086300000| Untracked 
| 100|0x0000000086400000, 0x0000000086500000, 0x0000000086500000|100%| O|  |TAMS 0x0000000086500000, 0x0000000086400000| Untracked 
| 101|0x0000000086500000, 0x0000000086600000, 0x0000000086600000|100%| O|  |TAMS 0x0000000086600000, 0x0000000086500000| Untracked 
| 102|0x0000000086600000, 0x0000000086700000, 0x0000000086700000|100%| O|  |TAMS 0x0000000086700000, 0x0000000086600000| Untracked 
| 103|0x0000000086700000, 0x0000000086800000, 0x0000000086800000|100%| O|  |TAMS 0x0000000086800000, 0x0000000086700000| Untracked 
| 104|0x0000000086800000, 0x0000000086900000, 0x0000000086900000|100%| O|  |TAMS 0x0000000086829800, 0x0000000086800000| Untracked 
| 105|0x0000000086900000, 0x0000000086900000, 0x0000000086a00000|  0%| F|  |TAMS 0x0000000086900000, 0x0000000086900000| Untracked 
| 106|0x0000000086a00000, 0x0000000086a00000, 0x0000000086b00000|  0%| F|  |TAMS 0x0000000086a00000, 0x0000000086a00000| Untracked 
| 107|0x0000000086b00000, 0x0000000086b00000, 0x0000000086c00000|  0%| F|  |TAMS 0x0000000086b00000, 0x0000000086b00000| Untracked 
| 108|0x0000000086c00000, 0x0000000086c00000, 0x0000000086d00000|  0%| F|  |TAMS 0x0000000086c00000, 0x0000000086c00000| Untracked 
| 109|0x0000000086d00000, 0x0000000086d00000, 0x0000000086e00000|  0%| F|  |TAMS 0x0000000086d00000, 0x0000000086d00000| Untracked 
| 110|0x0000000086e00000, 0x0000000086e00000, 0x0000000086f00000|  0%| F|  |TAMS 0x0000000086e00000, 0x0000000086e00000| Untracked 
| 111|0x0000000086f00000, 0x0000000086f00000, 0x0000000087000000|  0%| F|  |TAMS 0x0000000086f00000, 0x0000000086f00000| Untracked 
| 112|0x0000000087000000, 0x0000000087000000, 0x0000000087100000|  0%| F|  |TAMS 0x0000000087000000, 0x0000000087000000| Untracked 
| 113|0x0000000087100000, 0x0000000087100000, 0x0000000087200000|  0%| F|  |TAMS 0x0000000087100000, 0x0000000087100000| Untracked 
| 114|0x0000000087200000, 0x0000000087200000, 0x0000000087300000|  0%| F|  |TAMS 0x0000000087200000, 0x0000000087200000| Untracked 
| 115|0x0000000087300000, 0x0000000087300000, 0x0000000087400000|  0%| F|  |TAMS 0x0000000087300000, 0x0000000087300000| Untracked 
| 116|0x0000000087400000, 0x0000000087400000, 0x0000000087500000|  0%| F|  |TAMS 0x0000000087400000, 0x0000000087400000| Untracked 
| 117|0x0000000087500000, 0x0000000087500000, 0x0000000087600000|  0%| F|  |TAMS 0x0000000087500000, 0x0000000087500000| Untracked 
| 118|0x0000000087600000, 0x0000000087600000, 0x0000000087700000|  0%| F|  |TAMS 0x0000000087600000, 0x0000000087600000| Untracked 
| 119|0x0000000087700000, 0x0000000087700000, 0x0000000087800000|  0%| F|  |TAMS 0x0000000087700000, 0x0000000087700000| Untracked 
| 120|0x0000000087800000, 0x0000000087800000, 0x0000000087900000|  0%| F|  |TAMS 0x0000000087800000, 0x0000000087800000| Untracked 
| 121|0x0000000087900000, 0x0000000087900000, 0x0000000087a00000|  0%| F|  |TAMS 0x0000000087900000, 0x0000000087900000| Untracked 
| 122|0x0000000087a00000, 0x0000000087a00000, 0x0000000087b00000|  0%| F|  |TAMS 0x0000000087a00000, 0x0000000087a00000| Untracked 
| 123|0x0000000087b00000, 0x0000000087b00000, 0x0000000087c00000|  0%| F|  |TAMS 0x0000000087b00000, 0x0000000087b00000| Untracked 
| 124|0x0000000087c00000, 0x0000000087c00000, 0x0000000087d00000|  0%| F|  |TAMS 0x0000000087c00000, 0x0000000087c00000| Untracked 
| 125|0x0000000087d00000, 0x0000000087d00000, 0x0000000087e00000|  0%| F|  |TAMS 0x0000000087d00000, 0x0000000087d00000| Untracked 
| 126|0x0000000087e00000, 0x0000000087e00000, 0x0000000087f00000|  0%| F|  |TAMS 0x0000000087e00000, 0x0000000087e00000| Untracked 
| 127|0x0000000087f00000, 0x0000000087f00000, 0x0000000088000000|  0%| F|  |TAMS 0x0000000087f00000, 0x0000000087f00000| Untracked 
| 128|0x0000000088000000, 0x0000000088000000, 0x0000000088100000|  0%| F|  |TAMS 0x0000000088000000, 0x0000000088000000| Untracked 
| 129|0x0000000088100000, 0x0000000088100000, 0x0000000088200000|  0%| F|  |TAMS 0x0000000088100000, 0x0000000088100000| Untracked 
| 130|0x0000000088200000, 0x0000000088200000, 0x0000000088300000|  0%| F|  |TAMS 0x0000000088200000, 0x0000000088200000| Untracked 
| 131|0x0000000088300000, 0x0000000088300000, 0x0000000088400000|  0%| F|  |TAMS 0x0000000088300000, 0x0000000088300000| Untracked 
| 132|0x0000000088400000, 0x0000000088400000, 0x0000000088500000|  0%| F|  |TAMS 0x0000000088400000, 0x0000000088400000| Untracked 
| 133|0x0000000088500000, 0x0000000088500000, 0x0000000088600000|  0%| F|  |TAMS 0x0000000088500000, 0x0000000088500000| Untracked 
| 134|0x0000000088600000, 0x0000000088600000, 0x0000000088700000|  0%| F|  |TAMS 0x0000000088600000, 0x0000000088600000| Untracked 
| 135|0x0000000088700000, 0x0000000088700000, 0x0000000088800000|  0%| F|  |TAMS 0x0000000088700000, 0x0000000088700000| Untracked 
| 136|0x0000000088800000, 0x0000000088800000, 0x0000000088900000|  0%| F|  |TAMS 0x0000000088800000, 0x0000000088800000| Untracked 
| 137|0x0000000088900000, 0x0000000088900000, 0x0000000088a00000|  0%| F|  |TAMS 0x0000000088900000, 0x0000000088900000| Untracked 
| 138|0x0000000088a00000, 0x0000000088a00000, 0x0000000088b00000|  0%| F|  |TAMS 0x0000000088a00000, 0x0000000088a00000| Untracked 
| 139|0x0000000088b00000, 0x0000000088b00000, 0x0000000088c00000|  0%| F|  |TAMS 0x0000000088b00000, 0x0000000088b00000| Untracked 
| 140|0x0000000088c00000, 0x0000000088d00000, 0x0000000088d00000|100%| S|CS|TAMS 0x0000000088c00000, 0x0000000088c00000| Complete 
| 141|0x0000000088d00000, 0x0000000088e00000, 0x0000000088e00000|100%| S|CS|TAMS 0x0000000088d00000, 0x0000000088d00000| Complete 
| 142|0x0000000088e00000, 0x0000000088f00000, 0x0000000088f00000|100%| S|CS|TAMS 0x0000000088e00000, 0x0000000088e00000| Complete 
| 143|0x0000000088f00000, 0x0000000089000000, 0x0000000089000000|100%| S|CS|TAMS 0x0000000088f00000, 0x0000000088f00000| Complete 
| 144|0x0000000089000000, 0x0000000089100000, 0x0000000089100000|100%| S|CS|TAMS 0x0000000089000000, 0x0000000089000000| Complete 
| 145|0x0000000089100000, 0x0000000089200000, 0x0000000089200000|100%| S|CS|TAMS 0x0000000089100000, 0x0000000089100000| Complete 
| 146|0x0000000089200000, 0x0000000089200000, 0x0000000089300000|  0%| F|  |TAMS 0x0000000089200000, 0x0000000089200000| Untracked 
| 147|0x0000000089300000, 0x0000000089300000, 0x0000000089400000|  0%| F|  |TAMS 0x0000000089300000, 0x0000000089300000| Untracked 
| 148|0x0000000089400000, 0x0000000089400000, 0x0000000089500000|  0%| F|  |TAMS 0x0000000089400000, 0x0000000089400000| Untracked 
| 149|0x0000000089500000, 0x0000000089500000, 0x0000000089600000|  0%| F|  |TAMS 0x0000000089500000, 0x0000000089500000| Untracked 
| 150|0x0000000089600000, 0x0000000089600000, 0x0000000089700000|  0%| F|  |TAMS 0x0000000089600000, 0x0000000089600000| Untracked 
| 151|0x0000000089700000, 0x0000000089700000, 0x0000000089800000|  0%| F|  |TAMS 0x0000000089700000, 0x0000000089700000| Untracked 
| 152|0x0000000089800000, 0x0000000089800000, 0x0000000089900000|  0%| F|  |TAMS 0x0000000089800000, 0x0000000089800000| Untracked 
| 153|0x0000000089900000, 0x0000000089a00000, 0x0000000089a00000|100%| S|CS|TAMS 0x0000000089900000, 0x0000000089900000| Complete 
| 154|0x0000000089a00000, 0x0000000089b00000, 0x0000000089b00000|100%| S|CS|TAMS 0x0000000089a00000, 0x0000000089a00000| Complete 
| 155|0x0000000089b00000, 0x0000000089c00000, 0x0000000089c00000|100%| S|CS|TAMS 0x0000000089b00000, 0x0000000089b00000| Complete 
| 156|0x0000000089c00000, 0x0000000089c00000, 0x0000000089d00000|  0%| F|  |TAMS 0x0000000089c00000, 0x0000000089c00000| Untracked 
| 157|0x0000000089d00000, 0x0000000089d00000, 0x0000000089e00000|  0%| F|  |TAMS 0x0000000089d00000, 0x0000000089d00000| Untracked 
| 158|0x0000000089e00000, 0x0000000089e00000, 0x0000000089f00000|  0%| F|  |TAMS 0x0000000089e00000, 0x0000000089e00000| Untracked 
| 159|0x0000000089f00000, 0x0000000089f00000, 0x000000008a000000|  0%| F|  |TAMS 0x0000000089f00000, 0x0000000089f00000| Untracked 
| 160|0x000000008a000000, 0x000000008a000000, 0x000000008a100000|  0%| F|  |TAMS 0x000000008a000000, 0x000000008a000000| Untracked 
| 161|0x000000008a100000, 0x000000008a100000, 0x000000008a200000|  0%| F|  |TAMS 0x000000008a100000, 0x000000008a100000| Untracked 
| 162|0x000000008a200000, 0x000000008a200000, 0x000000008a300000|  0%| F|  |TAMS 0x000000008a200000, 0x000000008a200000| Untracked 
| 163|0x000000008a300000, 0x000000008a300000, 0x000000008a400000|  0%| F|  |TAMS 0x000000008a300000, 0x000000008a300000| Untracked 
| 164|0x000000008a400000, 0x000000008a400000, 0x000000008a500000|  0%| F|  |TAMS 0x000000008a400000, 0x000000008a400000| Untracked 
| 165|0x000000008a500000, 0x000000008a500000, 0x000000008a600000|  0%| F|  |TAMS 0x000000008a500000, 0x000000008a500000| Untracked 
| 166|0x000000008a600000, 0x000000008a600000, 0x000000008a700000|  0%| F|  |TAMS 0x000000008a600000, 0x000000008a600000| Untracked 
| 167|0x000000008a700000, 0x000000008a700000, 0x000000008a800000|  0%| F|  |TAMS 0x000000008a700000, 0x000000008a700000| Untracked 
| 168|0x000000008a800000, 0x000000008a800000, 0x000000008a900000|  0%| F|  |TAMS 0x000000008a800000, 0x000000008a800000| Untracked 
| 169|0x000000008a900000, 0x000000008a9a1e00, 0x000000008aa00000| 63%| E|  |TAMS 0x000000008a900000, 0x000000008a900000| Complete 
| 170|0x000000008aa00000, 0x000000008ab00000, 0x000000008ab00000|100%| E|CS|TAMS 0x000000008aa00000, 0x000000008aa00000| Complete 
| 171|0x000000008ab00000, 0x000000008ac00000, 0x000000008ac00000|100%| E|CS|TAMS 0x000000008ab00000, 0x000000008ab00000| Complete 
| 172|0x000000008ac00000, 0x000000008ad00000, 0x000000008ad00000|100%| E|CS|TAMS 0x000000008ac00000, 0x000000008ac00000| Complete 
| 173|0x000000008ad00000, 0x000000008ae00000, 0x000000008ae00000|100%| E|CS|TAMS 0x000000008ad00000, 0x000000008ad00000| Complete 
| 174|0x000000008ae00000, 0x000000008af00000, 0x000000008af00000|100%| E|CS|TAMS 0x000000008ae00000, 0x000000008ae00000| Complete 
| 175|0x000000008af00000, 0x000000008b000000, 0x000000008b000000|100%| E|CS|TAMS 0x000000008af00000, 0x000000008af00000| Complete 
| 176|0x000000008b000000, 0x000000008b100000, 0x000000008b100000|100%| E|  |TAMS 0x000000008b000000, 0x000000008b000000| Complete 
| 177|0x000000008b100000, 0x000000008b200000, 0x000000008b200000|100%| E|CS|TAMS 0x000000008b100000, 0x000000008b100000| Complete 
| 178|0x000000008b200000, 0x000000008b300000, 0x000000008b300000|100%| E|CS|TAMS 0x000000008b200000, 0x000000008b200000| Complete 
| 179|0x000000008b300000, 0x000000008b400000, 0x000000008b400000|100%| E|CS|TAMS 0x000000008b300000, 0x000000008b300000| Complete 
| 180|0x000000008b400000, 0x000000008b500000, 0x000000008b500000|100%| E|CS|TAMS 0x000000008b400000, 0x000000008b400000| Complete 
| 181|0x000000008b500000, 0x000000008b600000, 0x000000008b600000|100%| E|CS|TAMS 0x000000008b500000, 0x000000008b500000| Complete 
| 182|0x000000008b600000, 0x000000008b700000, 0x000000008b700000|100%| E|CS|TAMS 0x000000008b600000, 0x000000008b600000| Complete 
| 183|0x000000008b700000, 0x000000008b800000, 0x000000008b800000|100%| E|CS|TAMS 0x000000008b700000, 0x000000008b700000| Complete 
| 184|0x000000008b800000, 0x000000008b900000, 0x000000008b900000|100%| E|CS|TAMS 0x000000008b800000, 0x000000008b800000| Complete 
| 185|0x000000008b900000, 0x000000008ba00000, 0x000000008ba00000|100%| E|CS|TAMS 0x000000008b900000, 0x000000008b900000| Complete 
| 186|0x000000008ba00000, 0x000000008bb00000, 0x000000008bb00000|100%| E|CS|TAMS 0x000000008ba00000, 0x000000008ba00000| Complete 
| 187|0x000000008bb00000, 0x000000008bc00000, 0x000000008bc00000|100%| E|CS|TAMS 0x000000008bb00000, 0x000000008bb00000| Complete 
| 188|0x000000008bc00000, 0x000000008bd00000, 0x000000008bd00000|100%| E|CS|TAMS 0x000000008bc00000, 0x000000008bc00000| Complete 
| 189|0x000000008bd00000, 0x000000008be00000, 0x000000008be00000|100%| E|CS|TAMS 0x000000008bd00000, 0x000000008bd00000| Complete 
| 190|0x000000008be00000, 0x000000008bf00000, 0x000000008bf00000|100%| E|CS|TAMS 0x000000008be00000, 0x000000008be00000| Complete 
| 191|0x000000008bf00000, 0x000000008c000000, 0x000000008c000000|100%| E|CS|TAMS 0x000000008bf00000, 0x000000008bf00000| Complete 
| 192|0x000000008c000000, 0x000000008c100000, 0x000000008c100000|100%| E|CS|TAMS 0x000000008c000000, 0x000000008c000000| Complete 
| 193|0x000000008c100000, 0x000000008c200000, 0x000000008c200000|100%| E|CS|TAMS 0x000000008c100000, 0x000000008c100000| Complete 
| 194|0x000000008c200000, 0x000000008c300000, 0x000000008c300000|100%| E|CS|TAMS 0x000000008c200000, 0x000000008c200000| Complete 
| 195|0x000000008c300000, 0x000000008c400000, 0x000000008c400000|100%| E|CS|TAMS 0x000000008c300000, 0x000000008c300000| Complete 
| 196|0x000000008c400000, 0x000000008c500000, 0x000000008c500000|100%| E|CS|TAMS 0x000000008c400000, 0x000000008c400000| Complete 
| 197|0x000000008c500000, 0x000000008c600000, 0x000000008c600000|100%| E|CS|TAMS 0x000000008c500000, 0x000000008c500000| Complete 
| 198|0x000000008c600000, 0x000000008c700000, 0x000000008c700000|100%| E|CS|TAMS 0x000000008c600000, 0x000000008c600000| Complete 
| 199|0x000000008c700000, 0x000000008c800000, 0x000000008c800000|100%| E|CS|TAMS 0x000000008c700000, 0x000000008c700000| Complete 
| 200|0x000000008c800000, 0x000000008c900000, 0x000000008c900000|100%| E|CS|TAMS 0x000000008c800000, 0x000000008c800000| Complete 
| 201|0x000000008c900000, 0x000000008ca00000, 0x000000008ca00000|100%| E|CS|TAMS 0x000000008c900000, 0x000000008c900000| Complete 
| 202|0x000000008ca00000, 0x000000008cb00000, 0x000000008cb00000|100%| E|CS|TAMS 0x000000008ca00000, 0x000000008ca00000| Complete 
| 203|0x000000008cb00000, 0x000000008cc00000, 0x000000008cc00000|100%| E|CS|TAMS 0x000000008cb00000, 0x000000008cb00000| Complete 
| 204|0x000000008cc00000, 0x000000008cd00000, 0x000000008cd00000|100%| E|CS|TAMS 0x000000008cc00000, 0x000000008cc00000| Complete 
| 205|0x000000008cd00000, 0x000000008ce00000, 0x000000008ce00000|100%| E|CS|TAMS 0x000000008cd00000, 0x000000008cd00000| Complete 
| 206|0x000000008ce00000, 0x000000008cf00000, 0x000000008cf00000|100%| E|CS|TAMS 0x000000008ce00000, 0x000000008ce00000| Complete 
| 207|0x000000008cf00000, 0x000000008d000000, 0x000000008d000000|100%| E|CS|TAMS 0x000000008cf00000, 0x000000008cf00000| Complete 
| 208|0x000000008d000000, 0x000000008d100000, 0x000000008d100000|100%| E|CS|TAMS 0x000000008d000000, 0x000000008d000000| Complete 
| 209|0x000000008d100000, 0x000000008d200000, 0x000000008d200000|100%| E|CS|TAMS 0x000000008d100000, 0x000000008d100000| Complete 
| 210|0x000000008d200000, 0x000000008d300000, 0x000000008d300000|100%| E|CS|TAMS 0x000000008d200000, 0x000000008d200000| Complete 
| 211|0x000000008d300000, 0x000000008d400000, 0x000000008d400000|100%| E|CS|TAMS 0x000000008d300000, 0x000000008d300000| Complete 
| 212|0x000000008d400000, 0x000000008d500000, 0x000000008d500000|100%| E|CS|TAMS 0x000000008d400000, 0x000000008d400000| Complete 
| 213|0x000000008d500000, 0x000000008d600000, 0x000000008d600000|100%| E|CS|TAMS 0x000000008d500000, 0x000000008d500000| Complete 
| 214|0x000000008d600000, 0x000000008d700000, 0x000000008d700000|100%| E|CS|TAMS 0x000000008d600000, 0x000000008d600000| Complete 
| 215|0x000000008d700000, 0x000000008d800000, 0x000000008d800000|100%| E|CS|TAMS 0x000000008d700000, 0x000000008d700000| Complete 
| 216|0x000000008d800000, 0x000000008d900000, 0x000000008d900000|100%| E|CS|TAMS 0x000000008d800000, 0x000000008d800000| Complete 
| 217|0x000000008d900000, 0x000000008da00000, 0x000000008da00000|100%| E|CS|TAMS 0x000000008d900000, 0x000000008d900000| Complete 
| 218|0x000000008da00000, 0x000000008db00000, 0x000000008db00000|100%| E|CS|TAMS 0x000000008da00000, 0x000000008da00000| Complete 
| 219|0x000000008db00000, 0x000000008dc00000, 0x000000008dc00000|100%| E|CS|TAMS 0x000000008db00000, 0x000000008db00000| Complete 

Card table byte_map: [0x00000175ce210000,0x00000175ce610000] _byte_map_base: 0x00000175cde10000

Marking Bits (Prev, Next): (CMBitMap*) 0x00000175b90f0b08, (CMBitMap*) 0x00000175b90f0b40
 Prev Bits: [0x00000175cea10000, 0x00000175d0a10000)
 Next Bits: [0x00000175d0a10000, 0x00000175d2a10000)

Polling page: 0x00000175b9190000

Metaspace:

Usage:
  Non-class:     91.58 MB capacity,    90.00 MB ( 98%) used,     1.29 MB (  1%) free+waste,   291.75 KB ( <1%) overhead. 
      Class:     13.71 MB capacity,    12.82 MB ( 94%) used,   779.62 KB (  6%) free+waste,   129.50 KB ( <1%) overhead. 
       Both:    105.28 MB capacity,   102.82 MB ( 98%) used,     2.05 MB (  2%) free+waste,   421.25 KB ( <1%) overhead. 

Virtual space:
  Non-class space:       92.00 MB reserved,      91.70 MB (>99%) committed 
      Class space:        1.00 GB reserved,      13.75 MB (  1%) committed 
             Both:        1.09 GB reserved,     105.45 MB (  9%) committed 

Chunk freelists:
   Non-Class:  0 bytes
       Class:  13.00 KB
        Both:  13.00 KB

MaxMetaspaceSize: 17179869184.00 GB
CompressedClassSpaceSize: 1.00 GB
Initial GC threshold: 20.80 MB
Current GC threshold: 153.05 MB
CDS: off

CodeHeap 'non-profiled nmethods': size=120000Kb used=7298Kb max_used=7298Kb free=112701Kb
 bounds [0x00000175c5e70000, 0x00000175c65a0000, 0x00000175cd3a0000]
CodeHeap 'profiled nmethods': size=120000Kb used=29258Kb max_used=29258Kb free=90741Kb
 bounds [0x00000175be940000, 0x00000175c05e0000, 0x00000175c5e70000]
CodeHeap 'non-nmethods': size=5760Kb used=2405Kb max_used=2446Kb free=3354Kb
 bounds [0x00000175be3a0000, 0x00000175be610000, 0x00000175be940000]
 total_blobs=14804 nmethods=13871 adapters=845
 compilation: enabled
              stopped_count=0, restarted_count=0
 full_count=0

Compilation events (20 events):
Event: 31.322 Thread 0x00000175d550f800 14226       2       org.apache.commons.codec.binary.BaseNCodec::ensureBufferSize (32 bytes)
Event: 31.322 Thread 0x00000175d550f800 nmethod 14226 0x00000175c05d1390 code [0x00000175c05d1540, 0x00000175c05d1688]
Event: 31.327 Thread 0x00000175d550b000 nmethod 14136 0x00000175c658af10 code [0x00000175c658b0e0, 0x00000175c658b9f8]
Event: 31.327 Thread 0x00000175d550b000 14115       4       com.android.tools.r8.graph.a1::a (117 bytes)
Event: 31.359 Thread 0x00000175d550b000 nmethod 14115 0x00000175c658bd90 code [0x00000175c658bf40, 0x00000175c658c9d8]
Event: 31.359 Thread 0x00000175d550b000 14227       4       java.util.zip.ZipFile$Source::getEntryPos (206 bytes)
Event: 31.401 Thread 0x00000175d550b000 nmethod 14227 0x00000175c658cc90 code [0x00000175c658ce60, 0x00000175c658d958]
Event: 31.401 Thread 0x00000175d550b000 13828       4       java.lang.Character::toLowerCase (9 bytes)
Event: 31.403 Thread 0x00000175d550b000 nmethod 13828 0x00000175c658df90 code [0x00000175c658e140, 0x00000175c658e238]
Event: 31.404 Thread 0x00000175d550b000 13882       4       com.android.build.gradle.internal.packaging.ParsedPackagingOptions$getAction$3::test (9 bytes)
Event: 31.408 Thread 0x00000175d550b000 nmethod 13882 0x00000175c658e390 code [0x00000175c658e520, 0x00000175c658e618]
Event: 31.408 Thread 0x00000175d550b000 13833       4       sun.nio.fs.WindowsPath::<init> (26 bytes)
Event: 31.414 Thread 0x00000175d550b000 nmethod 13833 0x00000175c658e710 code [0x00000175c658e8a0, 0x00000175c658ec18]
Event: 31.414 Thread 0x00000175d550b000 14069       4       com.android.tools.r8.graph.a1::a (129 bytes)
Event: 31.415 Thread 0x00000175d550b000 nmethod 14069 0x00000175c658ec90 code [0x00000175c658ee20, 0x00000175c658eed8]
Event: 31.415 Thread 0x00000175d550b000 14117       4       java.util.TreeMap::compare (32 bytes)
Event: 31.419 Thread 0x00000175d550b000 nmethod 14117 0x00000175c658f010 code [0x00000175c658f1c0, 0x00000175c658f4d8]
Event: 31.419 Thread 0x00000175d550b000 13890       4       kotlin.text.StringsKt__StringsJVMKt::endsWith (45 bytes)
Event: 31.449 Thread 0x00000175d550b000 nmethod 13890 0x00000175c658f690 code [0x00000175c658f860, 0x00000175c65901d8]
Event: 31.449 Thread 0x00000175d550b000 14228       4       org.gradle.internal.file.FileHierarchySet$Node::isChildOfOrThis (110 bytes)

GC Heap History (20 events):
Event: 24.525 GC heap before
{Heap before GC invocations=25 (full 0):
 garbage-first heap   total 187392K, used 102308K [0x0000000080000000, 0x0000000100000000)
  region size 1024K, 8 young (8192K), 5 survivors (5120K)
 Metaspace       used 87588K, capacity 89702K, committed 90448K, reserved 1128448K
  class space    used 11173K, capacity 11947K, committed 12160K, reserved 1048576K
}
Event: 24.540 GC heap after
{Heap after GC invocations=26 (full 0):
 garbage-first heap   total 187392K, used 103041K [0x0000000080000000, 0x0000000100000000)
  region size 1024K, 3 young (3072K), 3 survivors (3072K)
 Metaspace       used 87588K, capacity 89702K, committed 90448K, reserved 1128448K
  class space    used 11173K, capacity 11947K, committed 12160K, reserved 1048576K
}
Event: 24.950 GC heap before
{Heap before GC invocations=27 (full 0):
 garbage-first heap   total 187392K, used 146049K [0x0000000080000000, 0x0000000100000000)
  region size 1024K, 28 young (28672K), 3 survivors (3072K)
 Metaspace       used 88267K, capacity 90458K, committed 90960K, reserved 1128448K
  class space    used 11224K, capacity 11994K, committed 12160K, reserved 1048576K
}
Event: 24.955 GC heap after
{Heap after GC invocations=28 (full 0):
 garbage-first heap   total 187392K, used 106414K [0x0000000080000000, 0x0000000100000000)
  region size 1024K, 4 young (4096K), 4 survivors (4096K)
 Metaspace       used 88267K, capacity 90458K, committed 90960K, reserved 1128448K
  class space    used 11224K, capacity 11994K, committed 12160K, reserved 1048576K
}
Event: 25.385 GC heap before
{Heap before GC invocations=28 (full 0):
 garbage-first heap   total 187392K, used 132014K [0x0000000080000000, 0x0000000100000000)
  region size 1024K, 30 young (30720K), 4 survivors (4096K)
 Metaspace       used 91079K, capacity 93255K, committed 93776K, reserved 1130496K
  class space    used 11458K, capacity 12256K, committed 12416K, reserved 1048576K
}
Event: 25.397 GC heap after
{Heap after GC invocations=29 (full 0):
 garbage-first heap   total 187392K, used 109936K [0x0000000080000000, 0x0000000100000000)
  region size 1024K, 4 young (4096K), 4 survivors (4096K)
 Metaspace       used 91079K, capacity 93255K, committed 93776K, reserved 1130496K
  class space    used 11458K, capacity 12256K, committed 12416K, reserved 1048576K
}
Event: 25.869 GC heap before
{Heap before GC invocations=30 (full 0):
 garbage-first heap   total 187392K, used 124272K [0x0000000080000000, 0x0000000100000000)
  region size 1024K, 30 young (30720K), 4 survivors (4096K)
 Metaspace       used 91483K, capacity 93697K, committed 94288K, reserved 1130496K
  class space    used 11479K, capacity 12271K, committed 12416K, reserved 1048576K
}
Event: 25.877 GC heap after
{Heap after GC invocations=31 (full 0):
 garbage-first heap   total 225280K, used 99731K [0x0000000080000000, 0x0000000100000000)
  region size 1024K, 3 young (3072K), 3 survivors (3072K)
 Metaspace       used 91483K, capacity 93697K, committed 94288K, reserved 1130496K
  class space    used 11479K, capacity 12271K, committed 12416K, reserved 1048576K
}
Event: 25.988 GC heap before
{Heap before GC invocations=31 (full 0):
 garbage-first heap   total 225280K, used 107923K [0x0000000080000000, 0x0000000100000000)
  region size 1024K, 11 young (11264K), 3 survivors (3072K)
 Metaspace       used 91601K, capacity 93764K, committed 94288K, reserved 1130496K
  class space    used 11489K, capacity 12272K, committed 12416K, reserved 1048576K
}
Event: 25.995 GC heap after
{Heap after GC invocations=32 (full 0):
 garbage-first heap   total 225280K, used 89758K [0x0000000080000000, 0x0000000100000000)
  region size 1024K, 2 young (2048K), 2 survivors (2048K)
 Metaspace       used 91601K, capacity 93764K, committed 94288K, reserved 1130496K
  class space    used 11489K, capacity 12272K, committed 12416K, reserved 1048576K
}
Event: 26.913 GC heap before
{Heap before GC invocations=32 (full 0):
 garbage-first heap   total 225280K, used 143006K [0x0000000080000000, 0x0000000100000000)
  region size 1024K, 53 young (54272K), 2 survivors (2048K)
 Metaspace       used 93344K, capacity 95590K, committed 96080K, reserved 1132544K
  class space    used 11646K, capacity 12474K, committed 12672K, reserved 1048576K
}
Event: 26.925 GC heap after
{Heap after GC invocations=33 (full 0):
 garbage-first heap   total 225280K, used 96327K [0x0000000080000000, 0x0000000100000000)
  region size 1024K, 7 young (7168K), 7 survivors (7168K)
 Metaspace       used 93344K, capacity 95590K, committed 96080K, reserved 1132544K
  class space    used 11646K, capacity 12474K, committed 12672K, reserved 1048576K
}
Event: 28.067 GC heap before
{Heap before GC invocations=33 (full 0):
 garbage-first heap   total 225280K, used 149574K [0x0000000080000000, 0x0000000100000000)
  region size 1024K, 60 young (61440K), 7 survivors (7168K)
 Metaspace       used 94963K, capacity 97214K, committed 97744K, reserved 1134592K
  class space    used 11791K, capacity 12616K, committed 12800K, reserved 1048576K
}
Event: 28.074 GC heap after
{Heap after GC invocations=34 (full 0):
 garbage-first heap   total 225280K, used 94355K [0x0000000080000000, 0x0000000100000000)
  region size 1024K, 3 young (3072K), 3 survivors (3072K)
 Metaspace       used 94963K, capacity 97214K, committed 97744K, reserved 1134592K
  class space    used 11791K, capacity 12616K, committed 12800K, reserved 1048576K
}
Event: 29.384 GC heap before
{Heap before GC invocations=34 (full 0):
 garbage-first heap   total 225280K, used 153747K [0x0000000080000000, 0x0000000100000000)
  region size 1024K, 62 young (63488K), 3 survivors (3072K)
 Metaspace       used 98497K, capacity 100726K, committed 101200K, reserved 1136640K
  class space    used 12230K, capacity 13036K, committed 13184K, reserved 1048576K
}
Event: 29.392 GC heap after
{Heap after GC invocations=35 (full 0):
 garbage-first heap   total 225280K, used 96596K [0x0000000080000000, 0x0000000100000000)
  region size 1024K, 5 young (5120K), 5 survivors (5120K)
 Metaspace       used 98497K, capacity 100726K, committed 101200K, reserved 1136640K
  class space    used 12230K, capacity 13036K, committed 13184K, reserved 1048576K
}
Event: 29.987 GC heap before
{Heap before GC invocations=35 (full 0):
 garbage-first heap   total 225280K, used 159060K [0x0000000080000000, 0x0000000100000000)
  region size 1024K, 67 young (68608K), 5 survivors (5120K)
 Metaspace       used 99904K, capacity 102273K, committed 102352K, reserved 1138688K
  class space    used 12384K, capacity 13237K, committed 13312K, reserved 1048576K
}
Event: 29.996 GC heap after
{Heap after GC invocations=36 (full 0):
 garbage-first heap   total 225280K, used 100684K [0x0000000080000000, 0x0000000100000000)
  region size 1024K, 7 young (7168K), 7 survivors (7168K)
 Metaspace       used 99904K, capacity 102273K, committed 102352K, reserved 1138688K
  class space    used 12384K, capacity 13237K, committed 13312K, reserved 1048576K
}
Event: 30.451 GC heap before
{Heap before GC invocations=36 (full 0):
 garbage-first heap   total 225280K, used 165196K [0x0000000080000000, 0x0000000100000000)
  region size 1024K, 71 young (72704K), 7 survivors (7168K)
 Metaspace       used 102197K, capacity 104606K, committed 104784K, reserved 1140736K
  class space    used 12712K, capacity 13611K, committed 13696K, reserved 1048576K
}
Event: 30.464 GC heap after
{Heap after GC invocations=37 (full 0):
 garbage-first heap   total 225280K, used 108205K [0x0000000080000000, 0x0000000100000000)
  region size 1024K, 9 young (9216K), 9 survivors (9216K)
 Metaspace       used 102197K, capacity 104606K, committed 104784K, reserved 1140736K
  class space    used 12712K, capacity 13611K, committed 13696K, reserved 1048576K
}

Deoptimization events (20 events):
Event: 31.115 Thread 0x00000175dd2fc800 Uncommon trap: trap_request=0xffffff4d fr.pc=0x00000175c6462f40 relative=0x0000000000004f60
Event: 31.115 Thread 0x00000175dd2fc800 Uncommon trap: reason=unstable_if action=reinterpret pc=0x00000175c6462f40 method=java.io.ObjectOutputStream$BlockDataOutputStream.writeInt(I)V @ 9 c2
Event: 31.115 Thread 0x00000175dd2fc800 DEOPT PACKING pc=0x00000175c6462f40 sp=0x00000063645fd460
Event: 31.115 Thread 0x00000175dd2fc800 DEOPT UNPACKING pc=0x00000175be3ea1af sp=0x00000063645fd380 mode 2
Event: 31.116 Thread 0x00000175dd2fc800 Uncommon trap: trap_request=0xffffff4d fr.pc=0x00000175c64f83a0 relative=0x0000000000000100
Event: 31.116 Thread 0x00000175dd2fc800 Uncommon trap: reason=unstable_if action=reinterpret pc=0x00000175c64f83a0 method=java.io.ObjectOutputStream$BlockDataOutputStream.writeInt(I)V @ 9 c2
Event: 31.116 Thread 0x00000175dd2fc800 DEOPT PACKING pc=0x00000175c64f83a0 sp=0x00000063645fd320
Event: 31.116 Thread 0x00000175dd2fc800 DEOPT UNPACKING pc=0x00000175be3ea1af sp=0x00000063645fd2c8 mode 2
Event: 31.124 Thread 0x00000175dd2fc800 Uncommon trap: trap_request=0xffffffc6 fr.pc=0x00000175c6463c94 relative=0x0000000000005cb4
Event: 31.124 Thread 0x00000175dd2fc800 Uncommon trap: reason=bimorphic_or_optimized_type_check action=maybe_recompile pc=0x00000175c6463c94 method=java.io.ObjectOutputStream$BlockDataOutputStream.drain()V @ 36 c2
Event: 31.124 Thread 0x00000175dd2fc800 DEOPT PACKING pc=0x00000175c6463c94 sp=0x00000063645fda70
Event: 31.127 Thread 0x00000175dd2fc800 DEOPT UNPACKING pc=0x00000175be3ea1af sp=0x00000063645fd970 mode 2
Event: 31.179 Thread 0x00000175dd2fc800 Uncommon trap: trap_request=0xffffff4d fr.pc=0x00000175c62bc338 relative=0x0000000000000738
Event: 31.179 Thread 0x00000175dd2fc800 Uncommon trap: reason=unstable_if action=reinterpret pc=0x00000175c62bc338 method=java.lang.StringCoding.decode(Ljava/nio/charset/Charset;[BII)Ljava/lang/StringCoding$Result; @ 19 c2
Event: 31.179 Thread 0x00000175dd2fc800 DEOPT PACKING pc=0x00000175c62bc338 sp=0x00000063645fd8d0
Event: 31.179 Thread 0x00000175dd2fc800 DEOPT UNPACKING pc=0x00000175be3ea1af sp=0x00000063645fd858 mode 2
Event: 31.193 Thread 0x00000175d859f000 DEOPT PACKING pc=0x00000175c0558877 sp=0x000000635e9fa3a0
Event: 31.193 Thread 0x00000175d859f000 DEOPT UNPACKING pc=0x00000175be3ea95e sp=0x000000635e9f9918 mode 0
Event: 31.215 Thread 0x00000175d859f000 DEOPT PACKING pc=0x00000175c02156f6 sp=0x000000635e9fae80
Event: 31.215 Thread 0x00000175d859f000 DEOPT UNPACKING pc=0x00000175be3ea95e sp=0x000000635e9fa3a0 mode 0

Classes redefined (0 events):
No events

Internal exceptions (20 events):
Event: 27.601 Thread 0x00000175dd2fe000 Exception <a 'sun/nio/fs/WindowsException'{0x000000008b69cd50}> (0x000000008b69cd50) thrown at [./src/hotspot/share/prims/jni.cpp, line 616]
Event: 27.601 Thread 0x00000175dd2fe000 Exception <a 'sun/nio/fs/WindowsException'{0x000000008b69d058}> (0x000000008b69d058) thrown at [./src/hotspot/share/prims/jni.cpp, line 616]
Event: 27.601 Thread 0x00000175dd2fe000 Exception <a 'sun/nio/fs/WindowsException'{0x000000008b69e130}> (0x000000008b69e130) thrown at [./src/hotspot/share/prims/jni.cpp, line 616]
Event: 27.953 Thread 0x00000175dd2fe000 Implicit null exception at 0x00000175c618b374 to 0x00000175c618b96c
Event: 29.335 Thread 0x00000175dd2f5800 Exception <a 'java/lang/NoSuchMethodError'{0x000000008a454500}: <clinit>> (0x000000008a454500) thrown at [./src/hotspot/share/prims/jni.cpp, line 1366]
Event: 29.623 Thread 0x00000175dd2f5800 Exception <a 'sun/nio/fs/WindowsException'{0x000000008c772d68}> (0x000000008c772d68) thrown at [./src/hotspot/share/prims/jni.cpp, line 616]
Event: 29.623 Thread 0x00000175dd2f5800 Exception <a 'sun/nio/fs/WindowsException'{0x000000008c773c00}> (0x000000008c773c00) thrown at [./src/hotspot/share/prims/jni.cpp, line 616]
Event: 29.640 Thread 0x00000175dd2fc800 Exception <a 'sun/nio/fs/WindowsException'{0x000000008c649788}> (0x000000008c649788) thrown at [./src/hotspot/share/prims/jni.cpp, line 616]
Event: 29.641 Thread 0x00000175dd2fc800 Exception <a 'sun/nio/fs/WindowsException'{0x000000008c649ab0}> (0x000000008c649ab0) thrown at [./src/hotspot/share/prims/jni.cpp, line 616]
Event: 29.686 Thread 0x00000175dcfd7000 Exception <a 'sun/nio/fs/WindowsException'{0x000000008c2accb8}> (0x000000008c2accb8) thrown at [./src/hotspot/share/prims/jni.cpp, line 616]
Event: 29.869 Thread 0x00000175daee7000 Implicit null exception at 0x00000175c6539bae to 0x00000175c653a0f4
Event: 29.869 Thread 0x00000175d8597000 Implicit null exception at 0x00000175c6539bae to 0x00000175c653a0f4
Event: 29.869 Thread 0x00000175dd0a9800 Implicit null exception at 0x00000175c6539bae to 0x00000175c653a0f4
Event: 30.238 Thread 0x00000175d859f000 Exception <a 'sun/nio/fs/WindowsException'{0x000000008b3c9620}> (0x000000008b3c9620) thrown at [./src/hotspot/share/prims/jni.cpp, line 616]
Event: 30.318 Thread 0x00000175d859f000 Exception <a 'java/lang/NoSuchMethodError'{0x000000008abc6168}: 'java.lang.Object java.lang.invoke.DirectMethodHandle$Holder.newInvokeSpecial(java.lang.Object, int)'> (0x000000008abc6168) thrown at [./src/hotspot/share/interpreter/linkResolver.cpp, line 773]
Event: 30.430 Thread 0x00000175dd2fc800 Exception <a 'java/lang/NoSuchMethodError'{0x0000000089ecbc78}: 'java.lang.Object java.lang.invoke.DirectMethodHandle$Holder.invokeVirtual(java.lang.Object, java.lang.Object, int)'> (0x0000000089ecbc78) thrown at [./src/hotspot/share/interpreter/linkResolver.cpp, line 773]
Event: 30.434 Thread 0x00000175dd2fc800 Exception <a 'java/lang/NoSuchMethodError'{0x0000000089ef34c0}: 'void java.lang.invoke.DirectMethodHandle$Holder.invokeStatic(java.lang.Object, java.lang.Object, java.lang.Object, int)'> (0x0000000089ef34c0) thrown at [./src/hotspot/share/interpreter/linkResolver.cpp, line 773]
Event: 30.531 Thread 0x00000175d859f000 Exception <a 'java/lang/NoSuchMethodError'{0x000000008d5c6128}: 'java.lang.Object java.lang.invoke.DirectMethodHandle$Holder.invokeStaticInit(java.lang.Object, java.lang.Object, java.lang.Object, java.lang.Object, java.lang.Object, java.lang.Object, java.lang.Object, java.lang.Object, java.lang.Object, java.lang.Object, java.lang.Object, java.lang.Object, java.lang.Object, java.lang.Object, java.lang.Object, java.lang.Object, java.lang.Object, java.lang.Object, int, java.lang.Object, java.lang.Object)'> (0
Event: 30.600 Thread 0x00000175d859f000 Exception <a 'java/lang/IncompatibleClassChangeError'{0x000000008cdb15b8}: Found class java.lang.Object, but interface was expected> (0x000000008cdb15b8) thrown at [./src/hotspot/share/interpreter/linkResolver.cpp, line 839]
Event: 30.699 Thread 0x00000175d859f000 Exception <a 'java/lang/NoSuchMethodError'{0x000000008c1b18c8}: 'java.lang.Object java.lang.invoke.DirectMethodHandle$Holder.invokeStatic(java.lang.Object, long)'> (0x000000008c1b18c8) thrown at [./src/hotspot/share/interpreter/linkResolver.cpp, line 773]

Events (20 events):
Event: 31.384 loading class com/android/tools/r8/internal/Bm
Event: 31.384 loading class com/android/tools/r8/internal/Bm done
Event: 31.384 loading class com/android/tools/r8/internal/lZ
Event: 31.384 loading class com/android/tools/r8/internal/lZ done
Event: 31.385 loading class com/android/tools/r8/internal/Z9
Event: 31.385 loading class com/android/tools/r8/internal/Z9 done
Event: 31.385 loading class com/android/tools/r8/internal/Oi
Event: 31.385 loading class com/android/tools/r8/internal/Oi done
Event: 31.386 loading class com/android/tools/r8/internal/Hi
Event: 31.386 loading class com/android/tools/r8/internal/Hi done
Event: 31.388 loading class com/android/tools/r8/internal/AL
Event: 31.388 loading class com/android/tools/r8/internal/AL done
Event: 31.402 loading class com/android/tools/r8/internal/vk
Event: 31.402 loading class com/android/tools/r8/internal/vk done
Event: 31.403 loading class com/android/tools/r8/internal/vF
Event: 31.403 loading class com/android/tools/r8/internal/vF done
Event: 31.405 loading class com/android/tools/r8/internal/CL
Event: 31.405 loading class com/android/tools/r8/internal/CL done
Event: 31.422 loading class com/android/tools/r8/internal/u7
Event: 31.422 loading class com/android/tools/r8/internal/u7 done


Dynamic libraries:
0x00007ff629b20000 - 0x00007ff629b2a000 	C:\Program Files\Android\Android Studio1\jre\bin\java.exe
0x00007ffe71500000 - 0x00007ffe71707000 	C:\Windows\SYSTEM32\ntdll.dll
0x00007ffe6f830000 - 0x00007ffe6f8ed000 	C:\Windows\System32\KERNEL32.DLL
0x00007ffe6ea80000 - 0x00007ffe6edf4000 	C:\Windows\System32\KERNELBASE.dll
0x00007ffe6f100000 - 0x00007ffe6f211000 	C:\Windows\System32\ucrtbase.dll
0x00007ffe54f90000 - 0x00007ffe54fa9000 	C:\Program Files\Android\Android Studio1\jre\bin\jli.dll
0x00007ffe706f0000 - 0x00007ffe7089c000 	C:\Windows\System32\USER32.dll
0x00007ffe6ee70000 - 0x00007ffe6ee96000 	C:\Windows\System32\win32u.dll
0x00007ffe6f590000 - 0x00007ffe6f5b9000 	C:\Windows\System32\GDI32.dll
0x00007ffe6ef60000 - 0x00007ffe6f072000 	C:\Windows\System32\gdi32full.dll
0x00007ffe6e9e0000 - 0x00007ffe6ea7d000 	C:\Windows\System32\msvcp_win.dll
0x00007ffe52820000 - 0x00007ffe52ac5000 	C:\Windows\WinSxS\amd64_microsoft.windows.common-controls_6595b64144ccf1df_6.0.22000.120_none_9d947278b86cc467\COMCTL32.dll
0x00007ffe6fe30000 - 0x00007ffe6fed3000 	C:\Windows\System32\msvcrt.dll
0x00007ffe54bb0000 - 0x00007ffe54bc7000 	C:\Program Files\Android\Android Studio1\jre\bin\VCRUNTIME140.dll
0x00007ffe711e0000 - 0x00007ffe71211000 	C:\Windows\System32\IMM32.DLL
0x00007ffe54490000 - 0x00007ffe5452d000 	C:\Program Files\Android\Android Studio1\jre\bin\msvcp140.dll
0x00007ffe11fa0000 - 0x00007ffe12aa2000 	C:\Program Files\Android\Android Studio1\jre\bin\server\jvm.dll
0x00007ffe71350000 - 0x00007ffe713fc000 	C:\Windows\System32\ADVAPI32.dll
0x00007ffe71140000 - 0x00007ffe711dd000 	C:\Windows\System32\sechost.dll
0x00007ffe708a0000 - 0x00007ffe709c1000 	C:\Windows\System32\RPCRT4.dll
0x00007ffe71220000 - 0x00007ffe71228000 	C:\Windows\System32\PSAPI.DLL
0x00007ffe50a10000 - 0x00007ffe50a19000 	C:\Windows\SYSTEM32\WSOCK32.dll
0x00007ffe70e40000 - 0x00007ffe70eaf000 	C:\Windows\System32\WS2_32.dll
0x00007ffe6b650000 - 0x00007ffe6b683000 	C:\Windows\SYSTEM32\WINMM.dll
0x00007ffe69980000 - 0x00007ffe6998a000 	C:\Windows\SYSTEM32\VERSION.dll
0x00007ffe6dc00000 - 0x00007ffe6dc18000 	C:\Windows\SYSTEM32\kernel.appcore.dll
0x00007ffe541f0000 - 0x00007ffe54201000 	C:\Program Files\Android\Android Studio1\jre\bin\verify.dll
0x00007ffe5c6d0000 - 0x00007ffe5c8f1000 	C:\Windows\SYSTEM32\DBGHELP.DLL
0x00007ffe5af60000 - 0x00007ffe5af91000 	C:\Windows\SYSTEM32\dbgcore.DLL
0x00007ffe6f080000 - 0x00007ffe6f100000 	C:\Windows\System32\bcryptPrimitives.dll
0x00007ffe52480000 - 0x00007ffe524a9000 	C:\Program Files\Android\Android Studio1\jre\bin\java.dll
0x00007ffe6b6c0000 - 0x00007ffe6b6cb000 	C:\Program Files\Android\Android Studio1\jre\bin\jimage.dll
0x00007ffe541d0000 - 0x00007ffe541e8000 	C:\Program Files\Android\Android Studio1\jre\bin\zip.dll
0x00007ffe6ff40000 - 0x00007ffe706e9000 	C:\Windows\System32\SHELL32.dll
0x00007ffe6cba0000 - 0x00007ffe6d402000 	C:\Windows\SYSTEM32\windows.storage.dll
0x00007ffe709e0000 - 0x00007ffe70d58000 	C:\Windows\System32\combase.dll
0x00007ffe6ca30000 - 0x00007ffe6cb96000 	C:\Windows\SYSTEM32\wintypes.dll
0x00007ffe6f4a0000 - 0x00007ffe6f58a000 	C:\Windows\System32\SHCORE.dll
0x00007ffe6f7d0000 - 0x00007ffe6f82d000 	C:\Windows\System32\shlwapi.dll
0x00007ffe6e910000 - 0x00007ffe6e931000 	C:\Windows\SYSTEM32\profapi.dll
0x00007ffe522b0000 - 0x00007ffe522ca000 	C:\Program Files\Android\Android Studio1\jre\bin\net.dll
0x00007ffe6a360000 - 0x00007ffe6a46c000 	C:\Windows\SYSTEM32\WINHTTP.dll
0x00007ffe6e010000 - 0x00007ffe6e077000 	C:\Windows\system32\mswsock.dll
0x00007ffe52290000 - 0x00007ffe522a4000 	C:\Program Files\Android\Android Studio1\jre\bin\nio.dll
0x00007ffe54250000 - 0x00007ffe54277000 	C:\Users\Marwa\.gradle\native\e1d6ef7f7dcc3fd88c89a11ec53ec762bb8ba0a96d01ffa2cd45eb1d1d8dd5c5\windows-amd64\native-platform.dll
0x00007ffe19130000 - 0x00007ffe19274000 	C:\Users\Marwa\.gradle\native\0d407fdbe67a94daf76414ababcb853783967236a71b16ec16e742cd7a986fd3\windows-amd64\native-platform-file-events.dll
0x00007ffe59720000 - 0x00007ffe5972a000 	C:\Program Files\Android\Android Studio1\jre\bin\management.dll
0x00007ffe59700000 - 0x00007ffe5970d000 	C:\Program Files\Android\Android Studio1\jre\bin\management_ext.dll
0x00007ffe6e260000 - 0x00007ffe6e278000 	C:\Windows\SYSTEM32\CRYPTSP.dll
0x00007ffe6db60000 - 0x00007ffe6db95000 	C:\Windows\system32\rsaenh.dll
0x00007ffe6e100000 - 0x00007ffe6e129000 	C:\Windows\SYSTEM32\USERENV.dll
0x00007ffe6e3d0000 - 0x00007ffe6e3f7000 	C:\Windows\SYSTEM32\bcrypt.dll
0x00007ffe6e250000 - 0x00007ffe6e25c000 	C:\Windows\SYSTEM32\CRYPTBASE.dll
0x00007ffe6d740000 - 0x00007ffe6d76d000 	C:\Windows\SYSTEM32\IPHLPAPI.DLL
0x00007ffe709d0000 - 0x00007ffe709d9000 	C:\Windows\System32\NSI.dll
0x00007ffe69960000 - 0x00007ffe69979000 	C:\Windows\SYSTEM32\dhcpcsvc6.DLL
0x00007ffe69b90000 - 0x00007ffe69bae000 	C:\Windows\SYSTEM32\dhcpcsvc.DLL
0x00007ffe6d770000 - 0x00007ffe6d857000 	C:\Windows\SYSTEM32\DNSAPI.dll
0x00007ffe6c3e0000 - 0x00007ffe6c414000 	C:\Windows\SYSTEM32\ntmarta.dll

dbghelp: loaded successfully - version: 4.0.5 - missing functions: none
symbol engine: initialized successfully - sym options: 0x614 - pdb path: .;C:\Program Files\Android\Android Studio1\jre\bin;C:\Windows\SYSTEM32;C:\Windows\WinSxS\amd64_microsoft.windows.common-controls_6595b64144ccf1df_6.0.22000.120_none_9d947278b86cc467;C:\Program Files\Android\Android Studio1\jre\bin\server;C:\Users\Marwa\.gradle\native\e1d6ef7f7dcc3fd88c89a11ec53ec762bb8ba0a96d01ffa2cd45eb1d1d8dd5c5\windows-amd64;C:\Users\Marwa\.gradle\native\0d407fdbe67a94daf76414ababcb853783967236a71b16ec16e742cd7a986fd3\windows-amd64

VM Arguments:
jvm_args: --add-opens=java.base/java.util=ALL-UNNAMED --add-opens=java.base/java.lang=ALL-UNNAMED --add-opens=java.base/java.lang.invoke=ALL-UNNAMED --add-opens=java.base/java.util=ALL-UNNAMED --add-opens=java.prefs/java.util.prefs=ALL-UNNAMED --add-opens=java.prefs/java.util.prefs=ALL-UNNAMED --add-opens=java.base/java.nio.charset=ALL-UNNAMED --add-opens=java.base/java.net=ALL-UNNAMED --add-opens=java.base/java.util.concurrent.atomic=ALL-UNNAMED -Xmx2048m -Dfile.encoding=UTF-8 -Duser.country=US -Duser.language=en -Duser.variant 
java_command: org.gradle.launcher.daemon.bootstrap.GradleDaemon 7.4
java_class_path (initial): C:\Users\Marwa\.gradle\wrapper\dists\gradle-7.4-bin\c0gwcg53nkjbqw7r0h0umtfvt\gradle-7.4\lib\gradle-launcher-7.4.jar
Launcher Type: SUN_STANDARD

[Global flags]
     intx CICompilerCount                          = 4                                         {product} {ergonomic}
     uint ConcGCThreads                            = 2                                         {product} {ergonomic}
     uint G1ConcRefinementThreads                  = 8                                         {product} {ergonomic}
   size_t G1HeapRegionSize                         = 1048576                                   {product} {ergonomic}
    uintx GCDrainStackTargetSize                   = 64                                        {product} {ergonomic}
   size_t InitialHeapSize                          = 132120576                                 {product} {ergonomic}
   size_t MarkStackSize                            = 4194304                                   {product} {ergonomic}
   size_t MaxHeapSize                              = 2147483648                                {product} {command line}
   size_t MaxNewSize                               = 1287651328                                {product} {ergonomic}
   size_t MinHeapDeltaBytes                        = 1048576                                   {product} {ergonomic}
    uintx NonNMethodCodeHeapSize                   = 5836300                                {pd product} {ergonomic}
    uintx NonProfiledCodeHeapSize                  = 122910970                              {pd product} {ergonomic}
    uintx ProfiledCodeHeapSize                     = 122910970                              {pd product} {ergonomic}
    uintx ReservedCodeCacheSize                    = 251658240                              {pd product} {ergonomic}
     bool SegmentedCodeCache                       = true                                      {product} {ergonomic}
     bool UseCompressedClassPointers               = true                                 {lp64_product} {ergonomic}
     bool UseCompressedOops                        = true                                 {lp64_product} {ergonomic}
     bool UseG1GC                                  = true                                      {product} {ergonomic}
     bool UseLargePagesIndividualAllocation        = false                                  {pd product} {ergonomic}

Logging:
Log output configuration:
 #0: stdout all=warning uptime,level,tags
 #1: stderr all=off uptime,level,tags

Environment Variables:
PATH=C:\oraclexe\app\oracle\product\10.2.0\server\bin;C:\Python310\Scripts\;C:\Python310\;C:\Program Files\Common Files\Oracle\Java\javapath;C:\Windows\system32;C:\Windows;C:\Windows\System32\Wbem;C:\Windows\System32\WindowsPowerShell\v1.0\;C:\Windows\System32\OpenSSH\;C:\Users\Marwa\AppData\Roaming\nvm;C:\Program Files\nodejs;C:\Program Files\Git\cmd;C:\Program Files\Java\jdk-16.0.2\bin;C:\msys64\mingw64\bin;C:\xampp\php;C:\ProgramData\ComposerSetup\bin;C:\Users\Marwa\AppData\Local\Microsoft\WindowsApps;C:\Users\Marwa\AppData\Roaming\npm;C:\Users\Marwa\AppData\Local\Programs\Microsoft VS Code\bin;C:\Users\Marwa\AppData\Roaming\nvm;C:\Program Files\nodejs;C:\MinGW\bin;C:\Users\Marwa\AppData\Roaming\Composer\vendor\bin
USERNAME=Marwa
OS=Windows_NT
PROCESSOR_IDENTIFIER=Intel64 Family 6 Model 165 Stepping 2, GenuineIntel



---------------  S Y S T E M  ---------------

OS: Windows 11 , 64 bit Build 22000 (10.0.22000.120)
OS uptime: 2 days 10:48 hours

CPU:total 8 (initial active 8) (4 cores per cpu, 2 threads per core) family 6 model 165 stepping 2 microcode 0xe0, cmov, cx8, fxsr, mmx, sse, sse2, sse3, ssse3, sse4.1, sse4.2, popcnt, avx, avx2, aes, clmul, erms, 3dnowpref, lzcnt, ht, tsc, tscinvbit, bmi1, bmi2, adx, fma

Memory: 4k page, system-wide physical 8010M (299M free)
TotalPageFile size 10058M (AvailPageFile size 0M)
current process WorkingSet (physical memory assigned to process): 510M, peak: 518M
current process commit charge ("private bytes"): 561M, peak: 561M

vm_info: OpenJDK 64-Bit Server VM (11.0.13+0-b1751.21-8125866) for windows-amd64 JRE (11.0.13+0-b1751.21-8125866), built on Feb  2 2022 03:00:22 by "builder" with MS VC++ 14.0 (VS2015)

END.
