#
# There is insufficient memory for the Java Runtime Environment to continue.
# Native memory allocation (malloc) failed to allocate 2332336 bytes for Chunk::new
# Possible reasons:
#   The system is out of physical RAM or swap space
#   The process is running with CompressedOops enabled, and the Java Heap may be blocking the growth of the native heap
# Possible solutions:
#   Reduce memory load on the system
#   Increase physical memory or swap space
#   Check if swap backing store is full
#   Decrease Java heap size (-Xmx/-Xms)
#   Decrease number of Java threads
#   Decrease Java thread stack sizes (-Xss)
#   Set larger code cache with -XX:ReservedCodeCacheSize=
#   JVM is running with Unscaled Compressed Oops mode in which the Java heap is
#     placed in the first 4GB address space. The Java Heap base address is the
#     maximum limit for the native heap growth. Please use -XX:HeapBaseMinAddress
#     to set the Java Heap base and to place the Java Heap above 4GB virtual address.
# This output file may be truncated or incomplete.
#
#  Out of Memory Error (./src/hotspot/share/memory/arena.cpp:197), pid=7700, tid=3784
#
# JRE version: OpenJDK Runtime Environment (11.0.13) (build 11.0.13+0-b1751.21-8125866)
# Java VM: OpenJDK 64-Bit Server VM (11.0.13+0-b1751.21-8125866, mixed mode, tiered, compressed oops, g1 gc, windows-amd64)
# No core dump will be written. Minidumps are not enabled by default on client versions of Windows
#

---------------  S U M M A R Y ------------

Command Line: --add-opens=java.base/java.util=ALL-UNNAMED --add-opens=java.base/java.lang=ALL-UNNAMED --add-opens=java.base/java.lang.invoke=ALL-UNNAMED --add-opens=java.base/java.util=ALL-UNNAMED --add-opens=java.prefs/java.util.prefs=ALL-UNNAMED --add-opens=java.prefs/java.util.prefs=ALL-UNNAMED --add-opens=java.base/java.nio.charset=ALL-UNNAMED --add-opens=java.base/java.net=ALL-UNNAMED --add-opens=java.base/java.util.concurrent.atomic=ALL-UNNAMED -Xmx2048m -Dfile.encoding=UTF-8 -Duser.country=US -Duser.language=en -Duser.variant org.gradle.launcher.daemon.bootstrap.GradleDaemon 7.4

Host: Intel(R) Core(TM) i5-10300H CPU @ 2.50GHz, 8 cores, 7G,  Windows 11 , 64 bit Build 22000 (10.0.22000.120)
Time: Thu Jan  5 00:28:54 2023 W. Central Africa Standard Time elapsed time: 313.211362 seconds (0d 0h 5m 13s)

---------------  T H R E A D  ---------------

Current thread (0x00000204db1dc000):  JavaThread "C2 CompilerThread0" daemon [_thread_in_native, id=3784, stack(0x000000a95da00000,0x000000a95db00000)]


Current CompileTask:
C2: 313211 14664       4       org.apache.xerces.impl.XMLNSDocumentScannerImpl::scanAttribute (586 bytes)

Stack: [0x000000a95da00000,0x000000a95db00000]
Native frames: (J=compiled Java code, j=interpreted, Vv=VM code, C=native code)
V  [jvm.dll+0x6100fa]
V  [jvm.dll+0x747090]
V  [jvm.dll+0x7486ad]
V  [jvm.dll+0x748d83]
V  [jvm.dll+0x24ab48]
V  [jvm.dll+0xc04dc]
V  [jvm.dll+0xc0a0c]
V  [jvm.dll+0x35eb9d]
V  [jvm.dll+0x32b833]
V  [jvm.dll+0x32ad2a]
V  [jvm.dll+0x2032b2]
V  [jvm.dll+0x202437]
V  [jvm.dll+0x188e01]
V  [jvm.dll+0x21106b]
V  [jvm.dll+0x20f8c1]
V  [jvm.dll+0x70de0f]
V  [jvm.dll+0x706a75]
V  [jvm.dll+0x60ed66]
C  [ucrtbase.dll+0x26c0c]
C  [KERNEL32.DLL+0x154e0]
C  [ntdll.dll+0x485b]


---------------  P R O C E S S  ---------------

Threads class SMR info:
_java_thread_list=0x00000204df397080, length=138, elements={
0x00000204c0d0f800, 0x00000204db1b8800, 0x00000204db1c6800, 0x00000204db1d0000,
0x00000204db1d0800, 0x00000204db1d1800, 0x00000204db1dc000, 0x00000204db1e0000,
0x00000204db1e4800, 0x00000204dbc89800, 0x00000204ddb7b000, 0x00000204de517000,
0x00000204dbd82000, 0x00000204de299800, 0x00000204de295800, 0x00000204de295000,
0x00000204de298000, 0x00000204de296800, 0x00000204de297800, 0x00000204de299000,
0x00000204de29a800, 0x00000204de29b800, 0x00000204df00e000, 0x00000204df00c800,
0x00000204df008800, 0x00000204df00d000, 0x00000204df010800, 0x00000204df011800,
0x00000204de331800, 0x00000204de32f000, 0x00000204dc797000, 0x00000204dc791000,
0x00000204dc797800, 0x00000204dc796000, 0x00000204dc793800, 0x00000204dc792000,
0x00000204dc795800, 0x00000204dc793000, 0x00000204dc79c000, 0x00000204dc798800,
0x00000204dc79d800, 0x00000204dc79a000, 0x00000204dc79b000, 0x00000204dc799800,
0x00000204dc79e800, 0x00000204dc79f000, 0x00000204dc79c800, 0x00000204dc7a0000,
0x00000204de327000, 0x00000204de323000, 0x00000204de328800, 0x00000204de329800,
0x00000204de323800, 0x00000204de327800, 0x00000204de325000, 0x00000204de32a000,
0x00000204de326000, 0x00000204de324800, 0x00000204de330000, 0x00000204de32b000,
0x00000204de32c000, 0x00000204de330800, 0x00000204de32c800, 0x00000204de32d800,
0x00000204de32e000, 0x00000204df00f000, 0x00000204df009000, 0x00000204df00f800,
0x00000204df00a000, 0x00000204df015800, 0x00000204df016000, 0x00000204df013000,
0x00000204df017000, 0x00000204df012000, 0x00000204e1b14000, 0x00000204e1b19000,
0x00000204e1b19800, 0x00000204e1b1a800, 0x00000204e1b18000, 0x00000204e1b14800,
0x00000204e1b1b800, 0x00000204e1b16800, 0x00000204e1b15800, 0x00000204e1b1d000,
0x00000204e1b1c000, 0x00000204e1b17000, 0x00000204e1b1f800, 0x00000204e1b21000,
0x00000204e1b1e800, 0x00000204e1b22000, 0x00000204e1b1d800, 0x00000204e1b20000,
0x00000204e1b22800, 0x00000204de073000, 0x00000204de06d800, 0x00000204de074000,
0x00000204de070800, 0x00000204de070000, 0x00000204de06e000, 0x00000204de074800,
0x00000204de06f000, 0x00000204de075800, 0x00000204de071800, 0x00000204de076800,
0x00000204de078000, 0x00000204de077000, 0x00000204de072800, 0x00000204de079000,
0x00000204de079800, 0x00000204de07c000, 0x00000204de07a800, 0x00000204de07b800,
0x00000204e15d6800, 0x00000204e15dd000, 0x00000204e15d9800, 0x00000204e15d7000,
0x00000204e15dd800, 0x00000204e15dc000, 0x00000204e15da800, 0x00000204e15db000,
0x00000204e15d8000, 0x00000204e15de800, 0x00000204e15d8800, 0x00000204e15e3800,
0x00000204e15e5000, 0x00000204e15e2800, 0x00000204e15e4000, 0x00000204e15e1800,
0x00000204e15df800, 0x00000204e15e0000, 0x00000204e15e1000, 0x00000204e0ee6000,
0x00000204e0ee1800, 0x00000204e0ee7000, 0x00000204e0ee8000, 0x00000204e0ee2000,
0x00000204e0ee4800, 0x00000204e0ee5800
}

Java Threads: ( => current thread )
  0x00000204c0d0f800 JavaThread "main" [_thread_blocked, id=10424, stack(0x000000a95ce00000,0x000000a95cf00000)]
  0x00000204db1b8800 JavaThread "Reference Handler" daemon [_thread_blocked, id=12768, stack(0x000000a95d500000,0x000000a95d600000)]
  0x00000204db1c6800 JavaThread "Finalizer" daemon [_thread_blocked, id=13356, stack(0x000000a95d600000,0x000000a95d700000)]
  0x00000204db1d0000 JavaThread "Signal Dispatcher" daemon [_thread_blocked, id=7680, stack(0x000000a95d700000,0x000000a95d800000)]
  0x00000204db1d0800 JavaThread "Attach Listener" daemon [_thread_blocked, id=5736, stack(0x000000a95d800000,0x000000a95d900000)]
  0x00000204db1d1800 JavaThread "Service Thread" daemon [_thread_blocked, id=9508, stack(0x000000a95d900000,0x000000a95da00000)]
=>0x00000204db1dc000 JavaThread "C2 CompilerThread0" daemon [_thread_in_native, id=3784, stack(0x000000a95da00000,0x000000a95db00000)]
  0x00000204db1e0000 JavaThread "C1 CompilerThread0" daemon [_thread_in_native, id=2556, stack(0x000000a95db00000,0x000000a95dc00000)]
  0x00000204db1e4800 JavaThread "Sweeper thread" daemon [_thread_blocked, id=7708, stack(0x000000a95dc00000,0x000000a95dd00000)]
  0x00000204dbc89800 JavaThread "Common-Cleaner" daemon [_thread_blocked, id=12536, stack(0x000000a95dd00000,0x000000a95de00000)]
  0x00000204ddb7b000 JavaThread "Daemon health stats" [_thread_blocked, id=7664, stack(0x000000a95e300000,0x000000a95e400000)]
  0x00000204de517000 JavaThread "Incoming local TCP Connector on port 51108" [_thread_in_native, id=1076, stack(0x000000a95df00000,0x000000a95e000000)]
  0x00000204dbd82000 JavaThread "Daemon periodic checks" [_thread_blocked, id=6228, stack(0x000000a95e200000,0x000000a95e300000)]
  0x00000204de299800 JavaThread "Cache worker for journal cache (C:\Users\Marwa\.gradle\caches\journal-1)" [_thread_blocked, id=6476, stack(0x000000a95f000000,0x000000a95f100000)]
  0x00000204de295800 JavaThread "File lock request listener" [_thread_in_native, id=10852, stack(0x000000a95f100000,0x000000a95f200000)]
  0x00000204de295000 JavaThread "Cache worker for file hash cache (C:\Users\Marwa\.gradle\caches\7.4\fileHashes)" [_thread_blocked, id=2324, stack(0x000000a95f300000,0x000000a95f400000)]
  0x00000204de298000 JavaThread "File watcher server" daemon [_thread_in_native, id=6752, stack(0x000000a95f500000,0x000000a95f600000)]
  0x00000204de296800 JavaThread "File watcher consumer" daemon [_thread_blocked, id=3200, stack(0x000000a95f600000,0x000000a95f700000)]
  0x00000204de297800 JavaThread "jar transforms" [_thread_blocked, id=9208, stack(0x000000a95f800000,0x000000a95f900000)]
  0x00000204de299000 JavaThread "jar transforms Thread 2" [_thread_blocked, id=6924, stack(0x000000a95f900000,0x000000a95fa00000)]
  0x00000204de29a800 JavaThread "jar transforms Thread 3" [_thread_blocked, id=11316, stack(0x000000a95fa00000,0x000000a95fb00000)]
  0x00000204de29b800 JavaThread "jar transforms Thread 4" [_thread_blocked, id=3156, stack(0x000000a95fb00000,0x000000a95fc00000)]
  0x00000204df00e000 JavaThread "jar transforms Thread 5" [_thread_blocked, id=10448, stack(0x000000a95fc00000,0x000000a95fd00000)]
  0x00000204df00c800 JavaThread "jar transforms Thread 6" [_thread_blocked, id=9532, stack(0x000000a95fd00000,0x000000a95fe00000)]
  0x00000204df008800 JavaThread "jar transforms Thread 7" [_thread_blocked, id=4852, stack(0x000000a95fe00000,0x000000a95ff00000)]
  0x00000204df00d000 JavaThread "jar transforms Thread 8" [_thread_blocked, id=7292, stack(0x000000a95ff00000,0x000000a960000000)]
  0x00000204df010800 JavaThread "Cache worker for execution history cache (C:\Users\Marwa\.gradle\caches\7.4\executionHistory)" [_thread_blocked, id=13124, stack(0x000000a960400000,0x000000a960500000)]
  0x00000204df011800 JavaThread "Cache worker for file content cache (C:\Users\Marwa\.gradle\caches\7.4\fileContent)" [_thread_blocked, id=9644, stack(0x000000a960500000,0x000000a960600000)]
  0x00000204de331800 JavaThread "Memory manager" [_thread_blocked, id=6128, stack(0x000000a95f700000,0x000000a95f800000)]
  0x00000204de32f000 JavaThread "pool-3-thread-1" [_thread_blocked, id=13848, stack(0x000000a965800000,0x000000a965900000)]
  0x00000204dc797000 JavaThread "Daemon Thread 2" [_thread_blocked, id=5972, stack(0x000000a95cb00000,0x000000a95cc00000)]
  0x00000204dc791000 JavaThread "Handler for socket connection from /127.0.0.1:51108 to /127.0.0.1:51315" [_thread_in_native, id=11956, stack(0x000000a95cc00000,0x000000a95cd00000)]
  0x00000204dc797800 JavaThread "Cancel handler" [_thread_blocked, id=4324, stack(0x000000a95cd00000,0x000000a95ce00000)]
  0x00000204dc796000 JavaThread "Daemon worker Thread 2" [_thread_blocked, id=10932, stack(0x000000a95e400000,0x000000a95e500000)]
  0x00000204dc793800 JavaThread "Asynchronous log dispatcher for DefaultDaemonConnection: socket connection from /127.0.0.1:51108 to /127.0.0.1:51315" [_thread_blocked, id=6404, stack(0x000000a95e500000,0x000000a95e600000)]
  0x00000204dc792000 JavaThread "Stdin handler" [_thread_blocked, id=5528, stack(0x000000a95e600000,0x000000a95e700000)]
  0x00000204dc795800 JavaThread "Daemon client event forwarder" [_thread_blocked, id=4704, stack(0x000000a95e700000,0x000000a95e800000)]
  0x00000204dc793000 JavaThread "Cache worker for checksums cache (C:\Users\Marwa\OneDrive\Bureau\tuto\dev_mobile\ArgoSight\.gradle\7.4\checksums)" [_thread_blocked, id=11920, stack(0x000000a95e800000,0x000000a95e900000)]
  0x00000204dc79c000 JavaThread "Cache worker for cache directory md-rule (C:\Users\Marwa\.gradle\caches\7.4\md-rule)" [_thread_blocked, id=2240, stack(0x000000a95e900000,0x000000a95ea00000)]
  0x00000204dc798800 JavaThread "Cache worker for file hash cache (C:\Users\Marwa\OneDrive\Bureau\tuto\dev_mobile\ArgoSight\.gradle\7.4\fileHashes)" [_thread_blocked, id=7812, stack(0x000000a95ea00000,0x000000a95eb00000)]
  0x00000204dc79d800 JavaThread "Cache worker for cache directory md-supplier (C:\Users\Marwa\.gradle\caches\7.4\md-supplier)" [_thread_blocked, id=4832, stack(0x000000a95f400000,0x000000a95f500000)]
  0x00000204dc79a000 JavaThread "Cache worker for dependencies-accessors (C:\Users\Marwa\OneDrive\Bureau\tuto\dev_mobile\ArgoSight\.gradle\7.4\dependencies-accessors)" [_thread_blocked, id=6788, stack(0x000000a960000000,0x000000a960100000)]
  0x00000204dc79b000 JavaThread "Cache worker for Build Output Cleanup Cache (C:\Users\Marwa\OneDrive\Bureau\tuto\dev_mobile\ArgoSight\.gradle\buildOutputCleanup)" [_thread_blocked, id=13108, stack(0x000000a960100000,0x000000a960200000)]
  0x00000204dc799800 JavaThread "Unconstrained build operations" [_thread_blocked, id=7660, stack(0x000000a960200000,0x000000a960300000)]
  0x00000204dc79e800 JavaThread "Unconstrained build operations Thread 2" [_thread_blocked, id=10476, stack(0x000000a960300000,0x000000a960400000)]
  0x00000204dc79f000 JavaThread "Unconstrained build operations Thread 3" [_thread_blocked, id=10996, stack(0x000000a960600000,0x000000a960700000)]
  0x00000204dc79c800 JavaThread "Unconstrained build operations Thread 4" [_thread_blocked, id=10960, stack(0x000000a960700000,0x000000a960800000)]
  0x00000204dc7a0000 JavaThread "Unconstrained build operations Thread 5" [_thread_blocked, id=6268, stack(0x000000a960800000,0x000000a960900000)]
  0x00000204de327000 JavaThread "Unconstrained build operations Thread 6" [_thread_blocked, id=2044, stack(0x000000a960900000,0x000000a960a00000)]
  0x00000204de323000 JavaThread "Unconstrained build operations Thread 7" [_thread_blocked, id=1296, stack(0x000000a960a00000,0x000000a960b00000)]
  0x00000204de328800 JavaThread "Unconstrained build operations Thread 8" [_thread_blocked, id=2852, stack(0x000000a960b00000,0x000000a960c00000)]
  0x00000204de329800 JavaThread "Unconstrained build operations Thread 9" [_thread_blocked, id=13948, stack(0x000000a960c00000,0x000000a960d00000)]
  0x00000204de323800 JavaThread "Unconstrained build operations Thread 10" [_thread_blocked, id=3636, stack(0x000000a960d00000,0x000000a960e00000)]
  0x00000204de327800 JavaThread "Unconstrained build operations Thread 11" [_thread_blocked, id=12456, stack(0x000000a960e00000,0x000000a960f00000)]
  0x00000204de325000 JavaThread "Unconstrained build operations Thread 12" [_thread_blocked, id=6996, stack(0x000000a960f00000,0x000000a961000000)]
  0x00000204de32a000 JavaThread "Unconstrained build operations Thread 13" [_thread_blocked, id=10648, stack(0x000000a961000000,0x000000a961100000)]
  0x00000204de326000 JavaThread "Unconstrained build operations Thread 14" [_thread_blocked, id=11348, stack(0x000000a961100000,0x000000a961200000)]
  0x00000204de324800 JavaThread "Unconstrained build operations Thread 15" [_thread_blocked, id=4016, stack(0x000000a961200000,0x000000a961300000)]
  0x00000204de330000 JavaThread "Unconstrained build operations Thread 16" [_thread_blocked, id=11536, stack(0x000000a961300000,0x000000a961400000)]
  0x00000204de32b000 JavaThread "Unconstrained build operations Thread 17" [_thread_blocked, id=4620, stack(0x000000a961400000,0x000000a961500000)]
  0x00000204de32c000 JavaThread "Unconstrained build operations Thread 18" [_thread_blocked, id=7204, stack(0x000000a961500000,0x000000a961600000)]
  0x00000204de330800 JavaThread "Unconstrained build operations Thread 19" [_thread_blocked, id=1744, stack(0x000000a961600000,0x000000a961700000)]
  0x00000204de32c800 JavaThread "Unconstrained build operations Thread 20" [_thread_blocked, id=12044, stack(0x000000a961700000,0x000000a961800000)]
  0x00000204de32d800 JavaThread "Unconstrained build operations Thread 21" [_thread_blocked, id=12632, stack(0x000000a961800000,0x000000a961900000)]
  0x00000204de32e000 JavaThread "Unconstrained build operations Thread 22" [_thread_blocked, id=1348, stack(0x000000a961900000,0x000000a961a00000)]
  0x00000204df00f000 JavaThread "Unconstrained build operations Thread 23" [_thread_blocked, id=3540, stack(0x000000a961a00000,0x000000a961b00000)]
  0x00000204df009000 JavaThread "Unconstrained build operations Thread 24" [_thread_blocked, id=14240, stack(0x000000a961b00000,0x000000a961c00000)]
  0x00000204df00f800 JavaThread "Unconstrained build operations Thread 25" [_thread_blocked, id=9312, stack(0x000000a961c00000,0x000000a961d00000)]
  0x00000204df00a000 JavaThread "Unconstrained build operations Thread 26" [_thread_blocked, id=2560, stack(0x000000a961d00000,0x000000a961e00000)]
  0x00000204df015800 JavaThread "Unconstrained build operations Thread 27" [_thread_blocked, id=1964, stack(0x000000a961e00000,0x000000a961f00000)]
  0x00000204df016000 JavaThread "Unconstrained build operations Thread 28" [_thread_blocked, id=8936, stack(0x000000a961f00000,0x000000a962000000)]
  0x00000204df013000 JavaThread "Unconstrained build operations Thread 29" [_thread_blocked, id=10924, stack(0x000000a962000000,0x000000a962100000)]
  0x00000204df017000 JavaThread "Unconstrained build operations Thread 30" [_thread_blocked, id=6512, stack(0x000000a962100000,0x000000a962200000)]
  0x00000204df012000 JavaThread "Unconstrained build operations Thread 31" [_thread_blocked, id=12700, stack(0x000000a962200000,0x000000a962300000)]
  0x00000204e1b14000 JavaThread "Unconstrained build operations Thread 32" [_thread_blocked, id=3380, stack(0x000000a962300000,0x000000a962400000)]
  0x00000204e1b19000 JavaThread "Unconstrained build operations Thread 33" [_thread_blocked, id=9104, stack(0x000000a962400000,0x000000a962500000)]
  0x00000204e1b19800 JavaThread "Unconstrained build operations Thread 34" [_thread_blocked, id=10392, stack(0x000000a962500000,0x000000a962600000)]
  0x00000204e1b1a800 JavaThread "Unconstrained build operations Thread 35" [_thread_blocked, id=13868, stack(0x000000a962600000,0x000000a962700000)]
  0x00000204e1b18000 JavaThread "Unconstrained build operations Thread 36" [_thread_blocked, id=8028, stack(0x000000a962700000,0x000000a962800000)]
  0x00000204e1b14800 JavaThread "Unconstrained build operations Thread 37" [_thread_blocked, id=13080, stack(0x000000a962800000,0x000000a962900000)]
  0x00000204e1b1b800 JavaThread "Unconstrained build operations Thread 38" [_thread_blocked, id=6644, stack(0x000000a962900000,0x000000a962a00000)]
  0x00000204e1b16800 JavaThread "Unconstrained build operations Thread 39" [_thread_blocked, id=10920, stack(0x000000a962a00000,0x000000a962b00000)]
  0x00000204e1b15800 JavaThread "Unconstrained build operations Thread 40" [_thread_blocked, id=9464, stack(0x000000a962b00000,0x000000a962c00000)]
  0x00000204e1b1d000 JavaThread "Unconstrained build operations Thread 41" [_thread_blocked, id=8424, stack(0x000000a962c00000,0x000000a962d00000)]
  0x00000204e1b1c000 JavaThread "Unconstrained build operations Thread 42" [_thread_blocked, id=9264, stack(0x000000a962d00000,0x000000a962e00000)]
  0x00000204e1b17000 JavaThread "Unconstrained build operations Thread 43" [_thread_blocked, id=3500, stack(0x000000a962e00000,0x000000a962f00000)]
  0x00000204e1b1f800 JavaThread "Unconstrained build operations Thread 44" [_thread_blocked, id=4696, stack(0x000000a962f00000,0x000000a963000000)]
  0x00000204e1b21000 JavaThread "Unconstrained build operations Thread 45" [_thread_blocked, id=13408, stack(0x000000a963000000,0x000000a963100000)]
  0x00000204e1b1e800 JavaThread "Unconstrained build operations Thread 46" [_thread_blocked, id=5048, stack(0x000000a963100000,0x000000a963200000)]
  0x00000204e1b22000 JavaThread "Unconstrained build operations Thread 47" [_thread_blocked, id=5600, stack(0x000000a963200000,0x000000a963300000)]
  0x00000204e1b1d800 JavaThread "Unconstrained build operations Thread 48" [_thread_blocked, id=1788, stack(0x000000a963300000,0x000000a963400000)]
  0x00000204e1b20000 JavaThread "Unconstrained build operations Thread 49" [_thread_blocked, id=12732, stack(0x000000a963400000,0x000000a963500000)]
  0x00000204e1b22800 JavaThread "Unconstrained build operations Thread 50" [_thread_blocked, id=4044, stack(0x000000a963500000,0x000000a963600000)]
  0x00000204de073000 JavaThread "Unconstrained build operations Thread 51" [_thread_blocked, id=1192, stack(0x000000a963600000,0x000000a963700000)]
  0x00000204de06d800 JavaThread "Unconstrained build operations Thread 52" [_thread_blocked, id=5804, stack(0x000000a963700000,0x000000a963800000)]
  0x00000204de074000 JavaThread "Unconstrained build operations Thread 53" [_thread_blocked, id=2644, stack(0x000000a963800000,0x000000a963900000)]
  0x00000204de070800 JavaThread "Unconstrained build operations Thread 54" [_thread_blocked, id=5352, stack(0x000000a963900000,0x000000a963a00000)]
  0x00000204de070000 JavaThread "Unconstrained build operations Thread 55" [_thread_blocked, id=13284, stack(0x000000a963a00000,0x000000a963b00000)]
  0x00000204de06e000 JavaThread "Unconstrained build operations Thread 56" [_thread_blocked, id=5632, stack(0x000000a963b00000,0x000000a963c00000)]
  0x00000204de074800 JavaThread "Unconstrained build operations Thread 57" [_thread_blocked, id=14060, stack(0x000000a963c00000,0x000000a963d00000)]
  0x00000204de06f000 JavaThread "Unconstrained build operations Thread 58" [_thread_blocked, id=13172, stack(0x000000a963d00000,0x000000a963e00000)]
  0x00000204de075800 JavaThread "Unconstrained build operations Thread 59" [_thread_blocked, id=2532, stack(0x000000a963e00000,0x000000a963f00000)]
  0x00000204de071800 JavaThread "Unconstrained build operations Thread 60" [_thread_blocked, id=6328, stack(0x000000a963f00000,0x000000a964000000)]
  0x00000204de076800 JavaThread "Unconstrained build operations Thread 61" [_thread_blocked, id=5044, stack(0x000000a964000000,0x000000a964100000)]
  0x00000204de078000 JavaThread "Unconstrained build operations Thread 62" [_thread_blocked, id=984, stack(0x000000a964100000,0x000000a964200000)]
  0x00000204de077000 JavaThread "Unconstrained build operations Thread 63" [_thread_blocked, id=4824, stack(0x000000a964200000,0x000000a964300000)]
  0x00000204de072800 JavaThread "Unconstrained build operations Thread 64" [_thread_blocked, id=8580, stack(0x000000a964300000,0x000000a964400000)]
  0x00000204de079000 JavaThread "Unconstrained build operations Thread 65" [_thread_blocked, id=7360, stack(0x000000a964400000,0x000000a964500000)]
  0x00000204de079800 JavaThread "Unconstrained build operations Thread 66" [_thread_blocked, id=13780, stack(0x000000a964500000,0x000000a964600000)]
  0x00000204de07c000 JavaThread "Unconstrained build operations Thread 67" [_thread_blocked, id=5808, stack(0x000000a964600000,0x000000a964700000)]
  0x00000204de07a800 JavaThread "Unconstrained build operations Thread 68" [_thread_blocked, id=9116, stack(0x000000a964700000,0x000000a964800000)]
  0x00000204de07b800 JavaThread "Unconstrained build operations Thread 69" [_thread_blocked, id=10840, stack(0x000000a964800000,0x000000a964900000)]
  0x00000204e15d6800 JavaThread "Unconstrained build operations Thread 70" [_thread_blocked, id=11904, stack(0x000000a964900000,0x000000a964a00000)]
  0x00000204e15dd000 JavaThread "Unconstrained build operations Thread 71" [_thread_blocked, id=8284, stack(0x000000a964a00000,0x000000a964b00000)]
  0x00000204e15d9800 JavaThread "Unconstrained build operations Thread 72" [_thread_blocked, id=1108, stack(0x000000a964b00000,0x000000a964c00000)]
  0x00000204e15d7000 JavaThread "Unconstrained build operations Thread 73" [_thread_blocked, id=5720, stack(0x000000a964c00000,0x000000a964d00000)]
  0x00000204e15dd800 JavaThread "Unconstrained build operations Thread 74" [_thread_blocked, id=11516, stack(0x000000a964d00000,0x000000a964e00000)]
  0x00000204e15dc000 JavaThread "Unconstrained build operations Thread 75" [_thread_blocked, id=10416, stack(0x000000a964e00000,0x000000a964f00000)]
  0x00000204e15da800 JavaThread "Unconstrained build operations Thread 76" [_thread_blocked, id=10268, stack(0x000000a964f00000,0x000000a965000000)]
  0x00000204e15db000 JavaThread "Unconstrained build operations Thread 77" [_thread_blocked, id=10192, stack(0x000000a965000000,0x000000a965100000)]
  0x00000204e15d8000 JavaThread "Unconstrained build operations Thread 78" [_thread_blocked, id=7648, stack(0x000000a965100000,0x000000a965200000)]
  0x00000204e15de800 JavaThread "Unconstrained build operations Thread 79" [_thread_blocked, id=3708, stack(0x000000a965200000,0x000000a965300000)]
  0x00000204e15d8800 JavaThread "Unconstrained build operations Thread 80" [_thread_blocked, id=3048, stack(0x000000a965300000,0x000000a965400000)]
  0x00000204e15e3800 JavaThread "build event listener" [_thread_blocked, id=7544, stack(0x000000a965400000,0x000000a965500000)]
  0x00000204e15e5000 JavaThread "pool-6-thread-1" [_thread_blocked, id=10212, stack(0x000000a965500000,0x000000a965600000)]
  0x00000204e15e2800 JavaThread "build event listener" [_thread_blocked, id=12224, stack(0x000000a965600000,0x000000a965700000)]
  0x00000204e15e4000 JavaThread "included builds" [_thread_blocked, id=7344, stack(0x000000a965700000,0x000000a965800000)]
  0x00000204e15e1800 JavaThread "Execution worker for ':'" [_thread_blocked, id=7020, stack(0x000000a965900000,0x000000a965a00000)]
  0x00000204e15df800 JavaThread "Execution worker for ':' Thread 2" [_thread_in_Java, id=1272, stack(0x000000a965a00000,0x000000a965b00000)]
  0x00000204e15e0000 JavaThread "Execution worker for ':' Thread 3" [_thread_blocked, id=3376, stack(0x000000a965b00000,0x000000a965c00000)]
  0x00000204e15e1000 JavaThread "Execution worker for ':' Thread 4" [_thread_blocked, id=5380, stack(0x000000a965c00000,0x000000a965d00000)]
  0x00000204e0ee6000 JavaThread "Execution worker for ':' Thread 5" [_thread_blocked, id=12420, stack(0x000000a965d00000,0x000000a965e00000)]
  0x00000204e0ee1800 JavaThread "Execution worker for ':' Thread 6" [_thread_blocked, id=11964, stack(0x000000a965e00000,0x000000a965f00000)]
  0x00000204e0ee7000 JavaThread "Execution worker for ':' Thread 7" [_thread_blocked, id=12772, stack(0x000000a965f00000,0x000000a966000000)]
  0x00000204e0ee8000 JavaThread "Cache worker for execution history cache (C:\Users\Marwa\OneDrive\Bureau\tuto\dev_mobile\ArgoSight\.gradle\7.4\executionHistory)" [_thread_blocked, id=4884, stack(0x000000a966000000,0x000000a966100000)]
  0x00000204e0ee2000 JavaThread "WorkerExecutor Queue" [_thread_blocked, id=11456, stack(0x000000a966100000,0x000000a966200000)]
  0x00000204e0ee4800 JavaThread "WorkerExecutor Queue Thread 2" [_thread_blocked, id=8356, stack(0x000000a966200000,0x000000a966300000)]
  0x00000204e0ee5800 JavaThread "WorkerExecutor Queue Thread 3" [_thread_blocked, id=4028, stack(0x000000a966300000,0x000000a966400000)]

Other Threads:
  0x00000204db1b3800 VMThread "VM Thread" [stack: 0x000000a95d400000,0x000000a95d500000] [id=12812]
  0x00000204dbca2000 WatcherThread [stack: 0x000000a95de00000,0x000000a95df00000] [id=9984]
  0x00000204c0d29800 GCTaskThread "GC Thread#0" [stack: 0x000000a95cf00000,0x000000a95d000000] [id=13920]
  0x00000204dc5b9000 GCTaskThread "GC Thread#1" [stack: 0x000000a95e000000,0x000000a95e100000] [id=11344]
  0x00000204dc5e4800 GCTaskThread "GC Thread#2" [stack: 0x000000a95e100000,0x000000a95e200000] [id=12752]
  0x00000204dc155800 GCTaskThread "GC Thread#3" [stack: 0x000000a95eb00000,0x000000a95ec00000] [id=8348]
  0x00000204de4f6000 GCTaskThread "GC Thread#4" [stack: 0x000000a95ec00000,0x000000a95ed00000] [id=5608]
  0x00000204ddc92000 GCTaskThread "GC Thread#5" [stack: 0x000000a95ed00000,0x000000a95ee00000] [id=10988]
  0x00000204de29f000 GCTaskThread "GC Thread#6" [stack: 0x000000a95ee00000,0x000000a95ef00000] [id=4536]
  0x00000204dc808000 GCTaskThread "GC Thread#7" [stack: 0x000000a95ef00000,0x000000a95f000000] [id=13872]
  0x00000204c0d58800 ConcurrentGCThread "G1 Main Marker" [stack: 0x000000a95d000000,0x000000a95d100000] [id=1936]
  0x00000204c0d5c800 ConcurrentGCThread "G1 Conc#0" [stack: 0x000000a95d100000,0x000000a95d200000] [id=12648]
  0x00000204dccf1800 ConcurrentGCThread "G1 Conc#1" [stack: 0x000000a95f200000,0x000000a95f300000] [id=5532]
  0x00000204c0dee800 ConcurrentGCThread "G1 Refine#0" [stack: 0x000000a95d200000,0x000000a95d300000] [id=9876]
  0x00000204db000800 ConcurrentGCThread "G1 Young RemSet Sampling" [stack: 0x000000a95d300000,0x000000a95d400000] [id=944]

Threads with active compile tasks:
C2 CompilerThread0 313261 14664       4       org.apache.xerces.impl.XMLNSDocumentScannerImpl::scanAttribute (586 bytes)
C1 CompilerThread0 313261 14841       2       org.apache.xerces.dom.AttrImpl::normalize (124 bytes)

VM state:not at safepoint (normal execution)

VM Mutex/Monitor currently owned by a thread: None

Heap address: 0x0000000080000000, size: 2048 MB, Compressed Oops mode: 32-bit
Narrow klass base: 0x0000000000000000, Narrow klass shift: 3
Compressed class space size: 1073741824 Address: 0x0000000100000000

Heap:
 garbage-first heap   total 270336K, used 219072K [0x0000000080000000, 0x0000000100000000)
  region size 1024K, 49 young (50176K), 5 survivors (5120K)
 Metaspace       used 115842K, capacity 119027K, committed 119168K, reserved 1153024K
  class space    used 14465K, capacity 15633K, committed 15744K, reserved 1048576K
Heap Regions: E=young(eden), S=young(survivor), O=old, HS=humongous(starts), HC=humongous(continues), CS=collection set, F=free, A=archive, TAMS=top-at-mark-start (previous, next)
|   0|0x0000000080000000, 0x0000000080100000, 0x0000000080100000|100%| O|  |TAMS 0x0000000080100000, 0x0000000080000000| Untracked 
|   1|0x0000000080100000, 0x0000000080200000, 0x0000000080200000|100%| O|  |TAMS 0x0000000080200000, 0x0000000080100000| Untracked 
|   2|0x0000000080200000, 0x0000000080300000, 0x0000000080300000|100%| O|  |TAMS 0x0000000080300000, 0x0000000080200000| Untracked 
|   3|0x0000000080300000, 0x0000000080400000, 0x0000000080400000|100%|HS|  |TAMS 0x0000000080400000, 0x0000000080300000| Complete 
|   4|0x0000000080400000, 0x0000000080500000, 0x0000000080500000|100%|HC|  |TAMS 0x0000000080500000, 0x0000000080400000| Complete 
|   5|0x0000000080500000, 0x0000000080600000, 0x0000000080600000|100%|HC|  |TAMS 0x0000000080600000, 0x0000000080500000| Complete 
|   6|0x0000000080600000, 0x0000000080700000, 0x0000000080700000|100%| O|  |TAMS 0x0000000080700000, 0x0000000080600000| Untracked 
|   7|0x0000000080700000, 0x0000000080800000, 0x0000000080800000|100%| O|  |TAMS 0x0000000080800000, 0x0000000080700000| Complete 
|   8|0x0000000080800000, 0x0000000080900000, 0x0000000080900000|100%| O|  |TAMS 0x0000000080900000, 0x0000000080800000| Untracked 
|   9|0x0000000080900000, 0x0000000080a00000, 0x0000000080a00000|100%| O|  |TAMS 0x0000000080a00000, 0x0000000080900000| Untracked 
|  10|0x0000000080a00000, 0x0000000080b00000, 0x0000000080b00000|100%| O|  |TAMS 0x0000000080b00000, 0x0000000080a00000| Untracked 
|  11|0x0000000080b00000, 0x0000000080c00000, 0x0000000080c00000|100%| O|  |TAMS 0x0000000080c00000, 0x0000000080b00000| Complete 
|  12|0x0000000080c00000, 0x0000000080d00000, 0x0000000080d00000|100%| O|  |TAMS 0x0000000080d00000, 0x0000000080c00000| Untracked 
|  13|0x0000000080d00000, 0x0000000080e00000, 0x0000000080e00000|100%| O|  |TAMS 0x0000000080e00000, 0x0000000080d00000| Complete 
|  14|0x0000000080e00000, 0x0000000080f00000, 0x0000000080f00000|100%| O|  |TAMS 0x0000000080f00000, 0x0000000080e00000| Untracked 
|  15|0x0000000080f00000, 0x0000000081000000, 0x0000000081000000|100%| O|  |TAMS 0x0000000081000000, 0x0000000080f00000| Complete 
|  16|0x0000000081000000, 0x0000000081100000, 0x0000000081100000|100%|HS|  |TAMS 0x0000000081100000, 0x0000000081000000| Complete 
|  17|0x0000000081100000, 0x0000000081200000, 0x0000000081200000|100%|HC|  |TAMS 0x0000000081200000, 0x0000000081100000| Complete 
|  18|0x0000000081200000, 0x0000000081300000, 0x0000000081300000|100%|HS|  |TAMS 0x0000000081300000, 0x0000000081200000| Complete 
|  19|0x0000000081300000, 0x0000000081400000, 0x0000000081400000|100%|HC|  |TAMS 0x0000000081400000, 0x0000000081300000| Complete 
|  20|0x0000000081400000, 0x0000000081500000, 0x0000000081500000|100%|HC|  |TAMS 0x0000000081500000, 0x0000000081400000| Complete 
|  21|0x0000000081500000, 0x0000000081600000, 0x0000000081600000|100%|HS|  |TAMS 0x0000000081600000, 0x0000000081500000| Complete 
|  22|0x0000000081600000, 0x0000000081700000, 0x0000000081700000|100%|HC|  |TAMS 0x0000000081700000, 0x0000000081600000| Complete 
|  23|0x0000000081700000, 0x0000000081800000, 0x0000000081800000|100%|HC|  |TAMS 0x0000000081800000, 0x0000000081700000| Complete 
|  24|0x0000000081800000, 0x0000000081900000, 0x0000000081900000|100%|HS|  |TAMS 0x0000000081900000, 0x0000000081800000| Complete 
|  25|0x0000000081900000, 0x0000000081a00000, 0x0000000081a00000|100%|HC|  |TAMS 0x0000000081a00000, 0x0000000081900000| Complete 
|  26|0x0000000081a00000, 0x0000000081b00000, 0x0000000081b00000|100%|HC|  |TAMS 0x0000000081b00000, 0x0000000081a00000| Complete 
|  27|0x0000000081b00000, 0x0000000081c00000, 0x0000000081c00000|100%|HC|  |TAMS 0x0000000081c00000, 0x0000000081b00000| Complete 
|  28|0x0000000081c00000, 0x0000000081d00000, 0x0000000081d00000|100%|HC|  |TAMS 0x0000000081d00000, 0x0000000081c00000| Complete 
|  29|0x0000000081d00000, 0x0000000081e00000, 0x0000000081e00000|100%|HS|  |TAMS 0x0000000081e00000, 0x0000000081d00000| Complete 
|  30|0x0000000081e00000, 0x0000000081f00000, 0x0000000081f00000|100%| O|  |TAMS 0x0000000081f00000, 0x0000000081e00000| Complete 
|  31|0x0000000081f00000, 0x0000000082000000, 0x0000000082000000|100%| O|  |TAMS 0x0000000082000000, 0x0000000081f00000| Complete 
|  32|0x0000000082000000, 0x0000000082100000, 0x0000000082100000|100%| O|  |TAMS 0x0000000082100000, 0x0000000082000000| Untracked 
|  33|0x0000000082100000, 0x0000000082200000, 0x0000000082200000|100%| O|  |TAMS 0x0000000082200000, 0x0000000082100000| Untracked 
|  34|0x0000000082200000, 0x0000000082300000, 0x0000000082300000|100%| O|  |TAMS 0x0000000082300000, 0x0000000082200000| Untracked 
|  35|0x0000000082300000, 0x0000000082400000, 0x0000000082400000|100%| O|  |TAMS 0x0000000082400000, 0x0000000082300000| Complete 
|  36|0x0000000082400000, 0x0000000082500000, 0x0000000082500000|100%| O|  |TAMS 0x0000000082500000, 0x0000000082400000| Complete 
|  37|0x0000000082500000, 0x0000000082600000, 0x0000000082600000|100%| O|  |TAMS 0x0000000082600000, 0x0000000082500000| Untracked 
|  38|0x0000000082600000, 0x0000000082700000, 0x0000000082700000|100%| O|  |TAMS 0x0000000082700000, 0x0000000082600000| Untracked 
|  39|0x0000000082700000, 0x0000000082800000, 0x0000000082800000|100%|HS|  |TAMS 0x0000000082800000, 0x0000000082700000| Complete 
|  40|0x0000000082800000, 0x0000000082900000, 0x0000000082900000|100%|HC|  |TAMS 0x0000000082900000, 0x0000000082800000| Complete 
|  41|0x0000000082900000, 0x0000000082a00000, 0x0000000082a00000|100%|HC|  |TAMS 0x0000000082a00000, 0x0000000082900000| Complete 
|  42|0x0000000082a00000, 0x0000000082b00000, 0x0000000082b00000|100%|HS|  |TAMS 0x0000000082b00000, 0x0000000082a00000| Complete 
|  43|0x0000000082b00000, 0x0000000082c00000, 0x0000000082c00000|100%|HC|  |TAMS 0x0000000082c00000, 0x0000000082b00000| Complete 
|  44|0x0000000082c00000, 0x0000000082d00000, 0x0000000082d00000|100%|HS|  |TAMS 0x0000000082d00000, 0x0000000082c00000| Complete 
|  45|0x0000000082d00000, 0x0000000082e00000, 0x0000000082e00000|100%|HC|  |TAMS 0x0000000082e00000, 0x0000000082d00000| Complete 
|  46|0x0000000082e00000, 0x0000000082f00000, 0x0000000082f00000|100%|HC|  |TAMS 0x0000000082f00000, 0x0000000082e00000| Complete 
|  47|0x0000000082f00000, 0x0000000083000000, 0x0000000083000000|100%|HC|  |TAMS 0x0000000083000000, 0x0000000082f00000| Complete 
|  48|0x0000000083000000, 0x0000000083100000, 0x0000000083100000|100%|HS|  |TAMS 0x0000000083100000, 0x0000000083000000| Complete 
|  49|0x0000000083100000, 0x0000000083200000, 0x0000000083200000|100%|HC|  |TAMS 0x0000000083200000, 0x0000000083100000| Complete 
|  50|0x0000000083200000, 0x0000000083300000, 0x0000000083300000|100%|HC|  |TAMS 0x0000000083300000, 0x0000000083200000| Complete 
|  51|0x0000000083300000, 0x0000000083400000, 0x0000000083400000|100%| O|  |TAMS 0x0000000083400000, 0x0000000083300000| Untracked 
|  52|0x0000000083400000, 0x0000000083500000, 0x0000000083500000|100%| O|  |TAMS 0x0000000083500000, 0x0000000083400000| Untracked 
|  53|0x0000000083500000, 0x0000000083600000, 0x0000000083600000|100%| O|  |TAMS 0x0000000083600000, 0x0000000083500000| Untracked 
|  54|0x0000000083600000, 0x0000000083700000, 0x0000000083700000|100%| O|  |TAMS 0x0000000083700000, 0x0000000083600000| Untracked 
|  55|0x0000000083700000, 0x0000000083800000, 0x0000000083800000|100%| O|  |TAMS 0x0000000083800000, 0x0000000083700000| Untracked 
|  56|0x0000000083800000, 0x0000000083900000, 0x0000000083900000|100%| O|  |TAMS 0x0000000083900000, 0x0000000083800000| Untracked 
|  57|0x0000000083900000, 0x0000000083a00000, 0x0000000083a00000|100%| O|  |TAMS 0x0000000083a00000, 0x0000000083900000| Untracked 
|  58|0x0000000083a00000, 0x0000000083b00000, 0x0000000083b00000|100%| O|  |TAMS 0x0000000083b00000, 0x0000000083a00000| Untracked 
|  59|0x0000000083b00000, 0x0000000083c00000, 0x0000000083c00000|100%| O|  |TAMS 0x0000000083c00000, 0x0000000083b00000| Untracked 
|  60|0x0000000083c00000, 0x0000000083d00000, 0x0000000083d00000|100%| O|  |TAMS 0x0000000083d00000, 0x0000000083c00000| Untracked 
|  61|0x0000000083d00000, 0x0000000083e00000, 0x0000000083e00000|100%| O|  |TAMS 0x0000000083e00000, 0x0000000083d00000| Untracked 
|  62|0x0000000083e00000, 0x0000000083f00000, 0x0000000083f00000|100%|HS|  |TAMS 0x0000000083f00000, 0x0000000083e00000| Complete 
|  63|0x0000000083f00000, 0x0000000084000000, 0x0000000084000000|100%|HC|  |TAMS 0x0000000084000000, 0x0000000083f00000| Complete 
|  64|0x0000000084000000, 0x0000000084100000, 0x0000000084100000|100%|HC|  |TAMS 0x0000000084100000, 0x0000000084000000| Complete 
|  65|0x0000000084100000, 0x0000000084200000, 0x0000000084200000|100%|HC|  |TAMS 0x0000000084200000, 0x0000000084100000| Complete 
|  66|0x0000000084200000, 0x0000000084300000, 0x0000000084300000|100%|HC|  |TAMS 0x0000000084300000, 0x0000000084200000| Complete 
|  67|0x0000000084300000, 0x0000000084400000, 0x0000000084400000|100%| O|  |TAMS 0x0000000084400000, 0x0000000084300000| Complete 
|  68|0x0000000084400000, 0x0000000084500000, 0x0000000084500000|100%| O|  |TAMS 0x0000000084500000, 0x0000000084400000| Untracked 
|  69|0x0000000084500000, 0x0000000084600000, 0x0000000084600000|100%| O|  |TAMS 0x0000000084600000, 0x0000000084500000| Untracked 
|  70|0x0000000084600000, 0x0000000084700000, 0x0000000084700000|100%| O|  |TAMS 0x0000000084700000, 0x0000000084600000| Complete 
|  71|0x0000000084700000, 0x0000000084800000, 0x0000000084800000|100%| O|  |TAMS 0x0000000084800000, 0x0000000084700000| Complete 
|  72|0x0000000084800000, 0x0000000084900000, 0x0000000084900000|100%| O|  |TAMS 0x0000000084900000, 0x0000000084800000| Complete 
|  73|0x0000000084900000, 0x0000000084a00000, 0x0000000084a00000|100%|HS|  |TAMS 0x0000000084a00000, 0x0000000084900000| Complete 
|  74|0x0000000084a00000, 0x0000000084b00000, 0x0000000084b00000|100%|HS|  |TAMS 0x0000000084b00000, 0x0000000084a00000| Complete 
|  75|0x0000000084b00000, 0x0000000084c00000, 0x0000000084c00000|100%| O|  |TAMS 0x0000000084c00000, 0x0000000084b00000| Untracked 
|  76|0x0000000084c00000, 0x0000000084d00000, 0x0000000084d00000|100%| O|  |TAMS 0x0000000084d00000, 0x0000000084c00000| Complete 
|  77|0x0000000084d00000, 0x0000000084e00000, 0x0000000084e00000|100%| O|  |TAMS 0x0000000084e00000, 0x0000000084d00000| Untracked 
|  78|0x0000000084e00000, 0x0000000084f00000, 0x0000000084f00000|100%| O|  |TAMS 0x0000000084f00000, 0x0000000084e00000| Untracked 
|  79|0x0000000084f00000, 0x0000000085000000, 0x0000000085000000|100%| O|  |TAMS 0x0000000085000000, 0x0000000084f00000| Untracked 
|  80|0x0000000085000000, 0x0000000085100000, 0x0000000085100000|100%| O|  |TAMS 0x0000000085100000, 0x0000000085000000| Untracked 
|  81|0x0000000085100000, 0x0000000085200000, 0x0000000085200000|100%| O|  |TAMS 0x0000000085200000, 0x0000000085100000| Untracked 
|  82|0x0000000085200000, 0x0000000085300000, 0x0000000085300000|100%| O|  |TAMS 0x0000000085300000, 0x0000000085200000| Complete 
|  83|0x0000000085300000, 0x0000000085400000, 0x0000000085400000|100%|HS|  |TAMS 0x0000000085400000, 0x0000000085300000| Complete 
|  84|0x0000000085400000, 0x0000000085500000, 0x0000000085500000|100%|HC|  |TAMS 0x0000000085500000, 0x0000000085400000| Complete 
|  85|0x0000000085500000, 0x0000000085600000, 0x0000000085600000|100%| O|  |TAMS 0x0000000085600000, 0x0000000085500000| Untracked 
|  86|0x0000000085600000, 0x0000000085700000, 0x0000000085700000|100%| O|  |TAMS 0x0000000085700000, 0x0000000085600000| Untracked 
|  87|0x0000000085700000, 0x0000000085800000, 0x0000000085800000|100%| O|  |TAMS 0x0000000085800000, 0x0000000085700000| Complete 
|  88|0x0000000085800000, 0x0000000085900000, 0x0000000085900000|100%| O|  |TAMS 0x0000000085900000, 0x0000000085800000| Untracked 
|  89|0x0000000085900000, 0x0000000085a00000, 0x0000000085a00000|100%| O|  |TAMS 0x0000000085a00000, 0x0000000085900000| Untracked 
|  90|0x0000000085a00000, 0x0000000085b00000, 0x0000000085b00000|100%| O|  |TAMS 0x0000000085b00000, 0x0000000085a00000| Untracked 
|  91|0x0000000085b00000, 0x0000000085c00000, 0x0000000085c00000|100%| O|  |TAMS 0x0000000085c00000, 0x0000000085b00000| Untracked 
|  92|0x0000000085c00000, 0x0000000085d00000, 0x0000000085d00000|100%| O|  |TAMS 0x0000000085d00000, 0x0000000085c00000| Complete 
|  93|0x0000000085d00000, 0x0000000085e00000, 0x0000000085e00000|100%| O|  |TAMS 0x0000000085e00000, 0x0000000085d00000| Complete 
|  94|0x0000000085e00000, 0x0000000085f00000, 0x0000000085f00000|100%| O|  |TAMS 0x0000000085f00000, 0x0000000085e00000| Untracked 
|  95|0x0000000085f00000, 0x0000000086000000, 0x0000000086000000|100%| O|  |TAMS 0x0000000086000000, 0x0000000085f00000| Untracked 
|  96|0x0000000086000000, 0x0000000086100000, 0x0000000086100000|100%| O|  |TAMS 0x0000000086100000, 0x0000000086000000| Complete 
|  97|0x0000000086100000, 0x0000000086200000, 0x0000000086200000|100%| O|  |TAMS 0x0000000086200000, 0x0000000086100000| Complete 
|  98|0x0000000086200000, 0x0000000086300000, 0x0000000086300000|100%| O|  |TAMS 0x0000000086300000, 0x0000000086200000| Untracked 
|  99|0x0000000086300000, 0x0000000086400000, 0x0000000086400000|100%| O|  |TAMS 0x0000000086400000, 0x0000000086300000| Complete 
| 100|0x0000000086400000, 0x0000000086500000, 0x0000000086500000|100%| O|  |TAMS 0x0000000086500000, 0x0000000086400000| Complete 
| 101|0x0000000086500000, 0x0000000086600000, 0x0000000086600000|100%| O|  |TAMS 0x0000000086600000, 0x0000000086500000| Untracked 
| 102|0x0000000086600000, 0x0000000086700000, 0x0000000086700000|100%| O|  |TAMS 0x0000000086700000, 0x0000000086600000| Complete 
| 103|0x0000000086700000, 0x0000000086800000, 0x0000000086800000|100%| O|  |TAMS 0x0000000086800000, 0x0000000086700000| Complete 
| 104|0x0000000086800000, 0x0000000086900000, 0x0000000086900000|100%|HS|  |TAMS 0x0000000086900000, 0x0000000086800000| Complete 
| 105|0x0000000086900000, 0x0000000086a00000, 0x0000000086a00000|100%|HC|  |TAMS 0x0000000086a00000, 0x0000000086900000| Complete 
| 106|0x0000000086a00000, 0x0000000086b00000, 0x0000000086b00000|100%|HC|  |TAMS 0x0000000086b00000, 0x0000000086a00000| Complete 
| 107|0x0000000086b00000, 0x0000000086c00000, 0x0000000086c00000|100%|HC|  |TAMS 0x0000000086c00000, 0x0000000086b00000| Complete 
| 108|0x0000000086c00000, 0x0000000086d00000, 0x0000000086d00000|100%|HS|  |TAMS 0x0000000086d00000, 0x0000000086c00000| Complete 
| 109|0x0000000086d00000, 0x0000000086e00000, 0x0000000086e00000|100%|HC|  |TAMS 0x0000000086e00000, 0x0000000086d00000| Complete 
| 110|0x0000000086e00000, 0x0000000086f00000, 0x0000000086f00000|100%|HS|  |TAMS 0x0000000086f00000, 0x0000000086e00000| Complete 
| 111|0x0000000086f00000, 0x0000000087000000, 0x0000000087000000|100%|HC|  |TAMS 0x0000000087000000, 0x0000000086f00000| Complete 
| 112|0x0000000087000000, 0x0000000087100000, 0x0000000087100000|100%|HC|  |TAMS 0x0000000087100000, 0x0000000087000000| Complete 
| 113|0x0000000087100000, 0x0000000087200000, 0x0000000087200000|100%|HS|  |TAMS 0x0000000087200000, 0x0000000087100000| Complete 
| 114|0x0000000087200000, 0x0000000087300000, 0x0000000087300000|100%|HC|  |TAMS 0x0000000087300000, 0x0000000087200000| Complete 
| 115|0x0000000087300000, 0x0000000087400000, 0x0000000087400000|100%|HC|  |TAMS 0x0000000087400000, 0x0000000087300000| Complete 
| 116|0x0000000087400000, 0x0000000087500000, 0x0000000087500000|100%|HS|  |TAMS 0x0000000087500000, 0x0000000087400000| Complete 
| 117|0x0000000087500000, 0x0000000087600000, 0x0000000087600000|100%|HC|  |TAMS 0x0000000087600000, 0x0000000087500000| Complete 
| 118|0x0000000087600000, 0x0000000087700000, 0x0000000087700000|100%|HC|  |TAMS 0x0000000087700000, 0x0000000087600000| Complete 
| 119|0x0000000087700000, 0x0000000087800000, 0x0000000087800000|100%|HC|  |TAMS 0x0000000087800000, 0x0000000087700000| Complete 
| 120|0x0000000087800000, 0x0000000087900000, 0x0000000087900000|100%|HC|  |TAMS 0x0000000087900000, 0x0000000087800000| Complete 
| 121|0x0000000087900000, 0x0000000087a00000, 0x0000000087a00000|100%|HS|  |TAMS 0x0000000087a00000, 0x0000000087900000| Complete 
| 122|0x0000000087a00000, 0x0000000087b00000, 0x0000000087b00000|100%|HS|  |TAMS 0x0000000087b00000, 0x0000000087a00000| Complete 
| 123|0x0000000087b00000, 0x0000000087c00000, 0x0000000087c00000|100%|HC|  |TAMS 0x0000000087c00000, 0x0000000087b00000| Complete 
| 124|0x0000000087c00000, 0x0000000087d00000, 0x0000000087d00000|100%|HC|  |TAMS 0x0000000087d00000, 0x0000000087c00000| Complete 
| 125|0x0000000087d00000, 0x0000000087e00000, 0x0000000087e00000|100%|HC|  |TAMS 0x0000000087e00000, 0x0000000087d00000| Complete 
| 126|0x0000000087e00000, 0x0000000087f00000, 0x0000000087f00000|100%| O|  |TAMS 0x0000000087f00000, 0x0000000087e00000| Complete 
| 127|0x0000000087f00000, 0x0000000088000000, 0x0000000088000000|100%| O|  |TAMS 0x0000000088000000, 0x0000000087f00000| Complete 
| 128|0x0000000088000000, 0x0000000088100000, 0x0000000088100000|100%| O|  |TAMS 0x0000000088100000, 0x0000000088000000| Untracked 
| 129|0x0000000088100000, 0x0000000088200000, 0x0000000088200000|100%| O|  |TAMS 0x0000000088200000, 0x0000000088100000| Untracked 
| 130|0x0000000088200000, 0x0000000088300000, 0x0000000088300000|100%| O|  |TAMS 0x0000000088300000, 0x0000000088200000| Untracked 
| 131|0x0000000088300000, 0x0000000088400000, 0x0000000088400000|100%| O|  |TAMS 0x0000000088400000, 0x0000000088300000| Complete 
| 132|0x0000000088400000, 0x0000000088500000, 0x0000000088500000|100%| O|  |TAMS 0x0000000088500000, 0x0000000088400000| Complete 
| 133|0x0000000088500000, 0x0000000088600000, 0x0000000088600000|100%| O|  |TAMS 0x0000000088600000, 0x0000000088500000| Complete 
| 134|0x0000000088600000, 0x0000000088700000, 0x0000000088700000|100%| O|  |TAMS 0x0000000088700000, 0x0000000088600000| Untracked 
| 135|0x0000000088700000, 0x0000000088800000, 0x0000000088800000|100%| O|  |TAMS 0x0000000088800000, 0x0000000088700000| Complete 
| 136|0x0000000088800000, 0x0000000088900000, 0x0000000088900000|100%| O|  |TAMS 0x0000000088900000, 0x0000000088800000| Complete 
| 137|0x0000000088900000, 0x0000000088a00000, 0x0000000088a00000|100%| O|  |TAMS 0x0000000088a00000, 0x0000000088900000| Complete 
| 138|0x0000000088a00000, 0x0000000088b00000, 0x0000000088b00000|100%| O|  |TAMS 0x0000000088b00000, 0x0000000088a00000| Complete 
| 139|0x0000000088b00000, 0x0000000088c00000, 0x0000000088c00000|100%| O|  |TAMS 0x0000000088c00000, 0x0000000088b00000| Complete 
| 140|0x0000000088c00000, 0x0000000088d00000, 0x0000000088d00000|100%| O|  |TAMS 0x0000000088d00000, 0x0000000088c00000| Complete 
| 141|0x0000000088d00000, 0x0000000088e00000, 0x0000000088e00000|100%| O|  |TAMS 0x0000000088e00000, 0x0000000088d00000| Untracked 
| 142|0x0000000088e00000, 0x0000000088f00000, 0x0000000088f00000|100%| O|  |TAMS 0x0000000088f00000, 0x0000000088e00000| Complete 
| 143|0x0000000088f00000, 0x0000000089000000, 0x0000000089000000|100%| O|  |TAMS 0x0000000089000000, 0x0000000088f00000| Complete 
| 144|0x0000000089000000, 0x0000000089100000, 0x0000000089100000|100%| O|  |TAMS 0x0000000089100000, 0x0000000089000000| Complete 
| 145|0x0000000089100000, 0x0000000089200000, 0x0000000089200000|100%| O|  |TAMS 0x0000000089200000, 0x0000000089100000| Complete 
| 146|0x0000000089200000, 0x0000000089300000, 0x0000000089300000|100%| O|  |TAMS 0x0000000089300000, 0x0000000089200000| Complete 
| 147|0x0000000089300000, 0x0000000089400000, 0x0000000089400000|100%| O|  |TAMS 0x0000000089400000, 0x0000000089300000| Complete 
| 148|0x0000000089400000, 0x0000000089500000, 0x0000000089500000|100%| O|  |TAMS 0x0000000089500000, 0x0000000089400000| Complete 
| 149|0x0000000089500000, 0x0000000089600000, 0x0000000089600000|100%| O|  |TAMS 0x0000000089600000, 0x0000000089500000| Complete 
| 150|0x0000000089600000, 0x0000000089700000, 0x0000000089700000|100%| O|  |TAMS 0x0000000089700000, 0x0000000089600000| Complete 
| 151|0x0000000089700000, 0x0000000089800000, 0x0000000089800000|100%| O|  |TAMS 0x0000000089800000, 0x0000000089700000| Complete 
| 152|0x0000000089800000, 0x0000000089900000, 0x0000000089900000|100%| O|  |TAMS 0x0000000089900000, 0x0000000089800000| Untracked 
| 153|0x0000000089900000, 0x0000000089a00000, 0x0000000089a00000|100%| O|  |TAMS 0x0000000089a00000, 0x0000000089900000| Untracked 
| 154|0x0000000089a00000, 0x0000000089b00000, 0x0000000089b00000|100%| O|  |TAMS 0x0000000089b00000, 0x0000000089a00000| Untracked 
| 155|0x0000000089b00000, 0x0000000089c00000, 0x0000000089c00000|100%| O|  |TAMS 0x0000000089c00000, 0x0000000089b00000| Untracked 
| 156|0x0000000089c00000, 0x0000000089d00000, 0x0000000089d00000|100%| O|  |TAMS 0x0000000089d00000, 0x0000000089c00000| Untracked 
| 157|0x0000000089d00000, 0x0000000089e00000, 0x0000000089e00000|100%| O|  |TAMS 0x0000000089e00000, 0x0000000089d00000| Complete 
| 158|0x0000000089e00000, 0x0000000089f00000, 0x0000000089f00000|100%| O|  |TAMS 0x0000000089f00000, 0x0000000089e00000| Untracked 
| 159|0x0000000089f00000, 0x000000008a000000, 0x000000008a000000|100%| O|  |TAMS 0x000000008a000000, 0x0000000089f00000| Untracked 
| 160|0x000000008a000000, 0x000000008a100000, 0x000000008a100000|100%| O|  |TAMS 0x000000008a100000, 0x000000008a000000| Untracked 
| 161|0x000000008a100000, 0x000000008a200000, 0x000000008a200000|100%| O|  |TAMS 0x000000008a200000, 0x000000008a100000| Untracked 
| 162|0x000000008a200000, 0x000000008a300000, 0x000000008a300000|100%| O|  |TAMS 0x000000008a300000, 0x000000008a200000| Untracked 
| 163|0x000000008a300000, 0x000000008a400000, 0x000000008a400000|100%| O|  |TAMS 0x000000008a400000, 0x000000008a300000| Untracked 
| 164|0x000000008a400000, 0x000000008a4cce00, 0x000000008a500000| 80%| O|  |TAMS 0x000000008a4cce00, 0x000000008a400000| Untracked 
| 165|0x000000008a500000, 0x000000008a600000, 0x000000008a600000|100%|HS|  |TAMS 0x000000008a500000, 0x000000008a500000| Complete 
| 166|0x000000008a600000, 0x000000008a700000, 0x000000008a700000|100%|HS|  |TAMS 0x000000008a600000, 0x000000008a600000| Complete 
| 167|0x000000008a700000, 0x000000008a800000, 0x000000008a800000|100%|HS|  |TAMS 0x000000008a700000, 0x000000008a700000| Complete 
| 168|0x000000008a800000, 0x000000008a800000, 0x000000008a900000|  0%| F|  |TAMS 0x000000008a800000, 0x000000008a800000| Untracked 
| 169|0x000000008a900000, 0x000000008a900000, 0x000000008aa00000|  0%| F|  |TAMS 0x000000008a900000, 0x000000008a900000| Untracked 
| 170|0x000000008aa00000, 0x000000008aa00000, 0x000000008ab00000|  0%| F|  |TAMS 0x000000008aa00000, 0x000000008aa00000| Untracked 
| 171|0x000000008ab00000, 0x000000008ab00000, 0x000000008ac00000|  0%| F|  |TAMS 0x000000008ab00000, 0x000000008ab00000| Untracked 
| 172|0x000000008ac00000, 0x000000008ac00000, 0x000000008ad00000|  0%| F|  |TAMS 0x000000008ac00000, 0x000000008ac00000| Untracked 
| 173|0x000000008ad00000, 0x000000008ad00000, 0x000000008ae00000|  0%| F|  |TAMS 0x000000008ad00000, 0x000000008ad00000| Untracked 
| 174|0x000000008ae00000, 0x000000008ae00000, 0x000000008af00000|  0%| F|  |TAMS 0x000000008ae00000, 0x000000008ae00000| Untracked 
| 175|0x000000008af00000, 0x000000008af00000, 0x000000008b000000|  0%| F|  |TAMS 0x000000008af00000, 0x000000008af00000| Untracked 
| 176|0x000000008b000000, 0x000000008b000000, 0x000000008b100000|  0%| F|  |TAMS 0x000000008b000000, 0x000000008b000000| Untracked 
| 177|0x000000008b100000, 0x000000008b100000, 0x000000008b200000|  0%| F|  |TAMS 0x000000008b100000, 0x000000008b100000| Untracked 
| 178|0x000000008b200000, 0x000000008b200000, 0x000000008b300000|  0%| F|  |TAMS 0x000000008b200000, 0x000000008b200000| Untracked 
| 179|0x000000008b300000, 0x000000008b300000, 0x000000008b400000|  0%| F|  |TAMS 0x000000008b300000, 0x000000008b300000| Untracked 
| 180|0x000000008b400000, 0x000000008b400000, 0x000000008b500000|  0%| F|  |TAMS 0x000000008b400000, 0x000000008b400000| Untracked 
| 181|0x000000008b500000, 0x000000008b500000, 0x000000008b600000|  0%| F|  |TAMS 0x000000008b500000, 0x000000008b500000| Untracked 
| 182|0x000000008b600000, 0x000000008b600000, 0x000000008b700000|  0%| F|  |TAMS 0x000000008b600000, 0x000000008b600000| Untracked 
| 183|0x000000008b700000, 0x000000008b700000, 0x000000008b800000|  0%| F|  |TAMS 0x000000008b700000, 0x000000008b700000| Untracked 
| 184|0x000000008b800000, 0x000000008b800000, 0x000000008b900000|  0%| F|  |TAMS 0x000000008b800000, 0x000000008b800000| Untracked 
| 185|0x000000008b900000, 0x000000008b900000, 0x000000008ba00000|  0%| F|  |TAMS 0x000000008b900000, 0x000000008b900000| Untracked 
| 186|0x000000008ba00000, 0x000000008ba00000, 0x000000008bb00000|  0%| F|  |TAMS 0x000000008ba00000, 0x000000008ba00000| Untracked 
| 187|0x000000008bb00000, 0x000000008bb00000, 0x000000008bc00000|  0%| F|  |TAMS 0x000000008bb00000, 0x000000008bb00000| Untracked 
| 188|0x000000008bc00000, 0x000000008bc00000, 0x000000008bd00000|  0%| F|  |TAMS 0x000000008bc00000, 0x000000008bc00000| Untracked 
| 189|0x000000008bd00000, 0x000000008bd00000, 0x000000008be00000|  0%| F|  |TAMS 0x000000008bd00000, 0x000000008bd00000| Untracked 
| 190|0x000000008be00000, 0x000000008be00000, 0x000000008bf00000|  0%| F|  |TAMS 0x000000008be00000, 0x000000008be00000| Untracked 
| 191|0x000000008bf00000, 0x000000008bf00000, 0x000000008c000000|  0%| F|  |TAMS 0x000000008bf00000, 0x000000008bf00000| Untracked 
| 192|0x000000008c000000, 0x000000008c000000, 0x000000008c100000|  0%| F|  |TAMS 0x000000008c000000, 0x000000008c000000| Untracked 
| 193|0x000000008c100000, 0x000000008c100000, 0x000000008c200000|  0%| F|  |TAMS 0x000000008c100000, 0x000000008c100000| Untracked 
| 194|0x000000008c200000, 0x000000008c200000, 0x000000008c300000|  0%| F|  |TAMS 0x000000008c200000, 0x000000008c200000| Untracked 
| 195|0x000000008c300000, 0x000000008c300000, 0x000000008c400000|  0%| F|  |TAMS 0x000000008c300000, 0x000000008c300000| Untracked 
| 196|0x000000008c400000, 0x000000008c400000, 0x000000008c500000|  0%| F|  |TAMS 0x000000008c400000, 0x000000008c400000| Untracked 
| 197|0x000000008c500000, 0x000000008c500000, 0x000000008c600000|  0%| F|  |TAMS 0x000000008c500000, 0x000000008c500000| Untracked 
| 198|0x000000008c600000, 0x000000008c600000, 0x000000008c700000|  0%| F|  |TAMS 0x000000008c600000, 0x000000008c600000| Untracked 
| 199|0x000000008c700000, 0x000000008c700000, 0x000000008c800000|  0%| F|  |TAMS 0x000000008c700000, 0x000000008c700000| Untracked 
| 200|0x000000008c800000, 0x000000008c800000, 0x000000008c900000|  0%| F|  |TAMS 0x000000008c800000, 0x000000008c800000| Untracked 
| 201|0x000000008c900000, 0x000000008c900000, 0x000000008ca00000|  0%| F|  |TAMS 0x000000008c900000, 0x000000008c900000| Untracked 
| 202|0x000000008ca00000, 0x000000008ca00000, 0x000000008cb00000|  0%| F|  |TAMS 0x000000008ca00000, 0x000000008ca00000| Untracked 
| 203|0x000000008cb00000, 0x000000008cb00000, 0x000000008cc00000|  0%| F|  |TAMS 0x000000008cb00000, 0x000000008cb00000| Untracked 
| 204|0x000000008cc00000, 0x000000008cc00000, 0x000000008cd00000|  0%| F|  |TAMS 0x000000008cc00000, 0x000000008cc00000| Untracked 
| 205|0x000000008cd00000, 0x000000008cd00000, 0x000000008ce00000|  0%| F|  |TAMS 0x000000008cd00000, 0x000000008cd00000| Untracked 
| 206|0x000000008ce00000, 0x000000008ce00000, 0x000000008cf00000|  0%| F|  |TAMS 0x000000008ce00000, 0x000000008ce00000| Untracked 
| 207|0x000000008cf00000, 0x000000008cf00000, 0x000000008d000000|  0%| F|  |TAMS 0x000000008cf00000, 0x000000008cf00000| Untracked 
| 208|0x000000008d000000, 0x000000008d000000, 0x000000008d100000|  0%| F|  |TAMS 0x000000008d000000, 0x000000008d000000| Untracked 
| 209|0x000000008d100000, 0x000000008d100000, 0x000000008d200000|  0%| F|  |TAMS 0x000000008d100000, 0x000000008d100000| Untracked 
| 210|0x000000008d200000, 0x000000008d200000, 0x000000008d300000|  0%| F|  |TAMS 0x000000008d200000, 0x000000008d200000| Untracked 
| 211|0x000000008d300000, 0x000000008d300000, 0x000000008d400000|  0%| F|  |TAMS 0x000000008d300000, 0x000000008d300000| Untracked 
| 212|0x000000008d400000, 0x000000008d400000, 0x000000008d500000|  0%| F|  |TAMS 0x000000008d400000, 0x000000008d400000| Untracked 
| 213|0x000000008d500000, 0x000000008d500000, 0x000000008d600000|  0%| F|  |TAMS 0x000000008d500000, 0x000000008d500000| Untracked 
| 214|0x000000008d600000, 0x000000008d633578, 0x000000008d700000| 20%| E|  |TAMS 0x000000008d600000, 0x000000008d600000| Complete 
| 215|0x000000008d700000, 0x000000008d800000, 0x000000008d800000|100%| E|CS|TAMS 0x000000008d700000, 0x000000008d700000| Complete 
| 216|0x000000008d800000, 0x000000008d900000, 0x000000008d900000|100%| E|CS|TAMS 0x000000008d800000, 0x000000008d800000| Complete 
| 217|0x000000008d900000, 0x000000008da00000, 0x000000008da00000|100%| E|CS|TAMS 0x000000008d900000, 0x000000008d900000| Complete 
| 218|0x000000008da00000, 0x000000008db00000, 0x000000008db00000|100%| E|CS|TAMS 0x000000008da00000, 0x000000008da00000| Complete 
| 219|0x000000008db00000, 0x000000008dc00000, 0x000000008dc00000|100%| E|CS|TAMS 0x000000008db00000, 0x000000008db00000| Complete 
| 220|0x000000008dc00000, 0x000000008dd00000, 0x000000008dd00000|100%| E|CS|TAMS 0x000000008dc00000, 0x000000008dc00000| Complete 
| 221|0x000000008dd00000, 0x000000008de00000, 0x000000008de00000|100%| E|CS|TAMS 0x000000008dd00000, 0x000000008dd00000| Complete 
| 222|0x000000008de00000, 0x000000008df00000, 0x000000008df00000|100%| E|CS|TAMS 0x000000008de00000, 0x000000008de00000| Complete 
| 223|0x000000008df00000, 0x000000008e000000, 0x000000008e000000|100%| E|CS|TAMS 0x000000008df00000, 0x000000008df00000| Complete 
| 224|0x000000008e000000, 0x000000008e100000, 0x000000008e100000|100%| E|CS|TAMS 0x000000008e000000, 0x000000008e000000| Complete 
| 225|0x000000008e100000, 0x000000008e200000, 0x000000008e200000|100%| E|CS|TAMS 0x000000008e100000, 0x000000008e100000| Complete 
| 226|0x000000008e200000, 0x000000008e300000, 0x000000008e300000|100%| E|CS|TAMS 0x000000008e200000, 0x000000008e200000| Complete 
| 227|0x000000008e300000, 0x000000008e400000, 0x000000008e400000|100%| E|CS|TAMS 0x000000008e300000, 0x000000008e300000| Complete 
| 228|0x000000008e400000, 0x000000008e500000, 0x000000008e500000|100%| E|CS|TAMS 0x000000008e400000, 0x000000008e400000| Complete 
| 229|0x000000008e500000, 0x000000008e600000, 0x000000008e600000|100%| E|CS|TAMS 0x000000008e500000, 0x000000008e500000| Complete 
| 230|0x000000008e600000, 0x000000008e700000, 0x000000008e700000|100%| E|CS|TAMS 0x000000008e600000, 0x000000008e600000| Complete 
| 231|0x000000008e700000, 0x000000008e800000, 0x000000008e800000|100%| E|CS|TAMS 0x000000008e700000, 0x000000008e700000| Complete 
| 232|0x000000008e800000, 0x000000008e900000, 0x000000008e900000|100%| E|CS|TAMS 0x000000008e800000, 0x000000008e800000| Complete 
| 233|0x000000008e900000, 0x000000008ea00000, 0x000000008ea00000|100%| E|CS|TAMS 0x000000008e900000, 0x000000008e900000| Complete 
| 234|0x000000008ea00000, 0x000000008eb00000, 0x000000008eb00000|100%| E|CS|TAMS 0x000000008ea00000, 0x000000008ea00000| Complete 
| 235|0x000000008eb00000, 0x000000008ec00000, 0x000000008ec00000|100%| E|CS|TAMS 0x000000008eb00000, 0x000000008eb00000| Complete 
| 236|0x000000008ec00000, 0x000000008ed00000, 0x000000008ed00000|100%| E|CS|TAMS 0x000000008ec00000, 0x000000008ec00000| Complete 
| 237|0x000000008ed00000, 0x000000008ee00000, 0x000000008ee00000|100%| E|  |TAMS 0x000000008ed00000, 0x000000008ed00000| Complete 
| 238|0x000000008ee00000, 0x000000008ef00000, 0x000000008ef00000|100%| E|CS|TAMS 0x000000008ee00000, 0x000000008ee00000| Complete 
| 239|0x000000008ef00000, 0x000000008f000000, 0x000000008f000000|100%| E|CS|TAMS 0x000000008ef00000, 0x000000008ef00000| Complete 
| 240|0x000000008f000000, 0x000000008f100000, 0x000000008f100000|100%| E|CS|TAMS 0x000000008f000000, 0x000000008f000000| Complete 
| 241|0x000000008f100000, 0x000000008f200000, 0x000000008f200000|100%| E|CS|TAMS 0x000000008f100000, 0x000000008f100000| Complete 
| 242|0x000000008f200000, 0x000000008f300000, 0x000000008f300000|100%| E|CS|TAMS 0x000000008f200000, 0x000000008f200000| Complete 
| 243|0x000000008f300000, 0x000000008f400000, 0x000000008f400000|100%| E|CS|TAMS 0x000000008f300000, 0x000000008f300000| Complete 
| 244|0x000000008f400000, 0x000000008f500000, 0x000000008f500000|100%| E|CS|TAMS 0x000000008f400000, 0x000000008f400000| Complete 
| 245|0x000000008f500000, 0x000000008f5234f8, 0x000000008f600000| 13%| S|CS|TAMS 0x000000008f500000, 0x000000008f500000| Complete 
| 246|0x000000008f600000, 0x000000008f700000, 0x000000008f700000|100%| S|CS|TAMS 0x000000008f600000, 0x000000008f600000| Complete 
| 247|0x000000008f700000, 0x000000008f800000, 0x000000008f800000|100%| S|CS|TAMS 0x000000008f700000, 0x000000008f700000| Complete 
| 248|0x000000008f800000, 0x000000008f900000, 0x000000008f900000|100%| S|CS|TAMS 0x000000008f800000, 0x000000008f800000| Complete 
| 249|0x000000008f900000, 0x000000008fa00000, 0x000000008fa00000|100%| S|CS|TAMS 0x000000008f900000, 0x000000008f900000| Complete 
| 250|0x000000008fa00000, 0x000000008fb00000, 0x000000008fb00000|100%| E|CS|TAMS 0x000000008fa00000, 0x000000008fa00000| Complete 
| 251|0x000000008fb00000, 0x000000008fc00000, 0x000000008fc00000|100%| E|CS|TAMS 0x000000008fb00000, 0x000000008fb00000| Complete 
| 252|0x000000008fc00000, 0x000000008fd00000, 0x000000008fd00000|100%| E|CS|TAMS 0x000000008fc00000, 0x000000008fc00000| Complete 
| 253|0x000000008fd00000, 0x000000008fe00000, 0x000000008fe00000|100%| E|CS|TAMS 0x000000008fd00000, 0x000000008fd00000| Complete 
| 254|0x000000008fe00000, 0x000000008ff00000, 0x000000008ff00000|100%| E|CS|TAMS 0x000000008fe00000, 0x000000008fe00000| Complete 
| 255|0x000000008ff00000, 0x0000000090000000, 0x0000000090000000|100%| E|CS|TAMS 0x000000008ff00000, 0x000000008ff00000| Complete 
| 256|0x0000000090000000, 0x0000000090100000, 0x0000000090100000|100%| E|CS|TAMS 0x0000000090000000, 0x0000000090000000| Complete 
| 257|0x0000000090100000, 0x0000000090200000, 0x0000000090200000|100%| E|CS|TAMS 0x0000000090100000, 0x0000000090100000| Complete 
| 258|0x0000000090200000, 0x0000000090300000, 0x0000000090300000|100%| E|CS|TAMS 0x0000000090200000, 0x0000000090200000| Complete 
| 259|0x0000000090300000, 0x0000000090400000, 0x0000000090400000|100%| E|CS|TAMS 0x0000000090300000, 0x0000000090300000| Complete 
| 260|0x0000000090400000, 0x0000000090500000, 0x0000000090500000|100%| E|CS|TAMS 0x0000000090400000, 0x0000000090400000| Complete 
| 261|0x0000000090500000, 0x0000000090600000, 0x0000000090600000|100%| E|CS|TAMS 0x0000000090500000, 0x0000000090500000| Complete 
| 262|0x0000000090600000, 0x0000000090700000, 0x0000000090700000|100%| E|CS|TAMS 0x0000000090600000, 0x0000000090600000| Complete 
| 263|0x0000000090700000, 0x0000000090800000, 0x0000000090800000|100%| E|CS|TAMS 0x0000000090700000, 0x0000000090700000| Complete 

Card table byte_map: [0x00000204d3f60000,0x00000204d4360000] _byte_map_base: 0x00000204d3b60000

Marking Bits (Prev, Next): (CMBitMap*) 0x00000204c0d4fd90, (CMBitMap*) 0x00000204c0d4fd58
 Prev Bits: [0x00000204d6760000, 0x00000204d8760000)
 Next Bits: [0x00000204d4760000, 0x00000204d6760000)

Polling page: 0x00000204bece0000

Metaspace:

Usage:
  Non-class:    100.97 MB capacity,    99.02 MB ( 98%) used,     1.61 MB (  2%) free+waste,   342.13 KB ( <1%) overhead. 
      Class:     15.27 MB capacity,    14.13 MB ( 93%) used,  1014.95 KB (  6%) free+waste,   152.63 KB ( <1%) overhead. 
       Both:    116.24 MB capacity,   113.15 MB ( 97%) used,     2.60 MB (  2%) free+waste,   494.75 KB ( <1%) overhead. 

Virtual space:
  Non-class space:      102.00 MB reserved,     101.00 MB (>99%) committed 
      Class space:        1.00 GB reserved,      15.38 MB (  2%) committed 
             Both:        1.10 GB reserved,     116.38 MB ( 10%) committed 

Chunk freelists:
   Non-Class:  30.00 KB
       Class:  15.00 KB
        Both:  45.00 KB

MaxMetaspaceSize: 17179869184.00 GB
CompressedClassSpaceSize: 1.00 GB
Initial GC threshold: 20.80 MB
Current GC threshold: 193.13 MB
CDS: off

CodeHeap 'non-profiled nmethods': size=120000Kb used=8337Kb max_used=8337Kb free=111662Kb
 bounds [0x00000204cc300000, 0x00000204ccb30000, 0x00000204d3830000]
CodeHeap 'profiled nmethods': size=120000Kb used=32343Kb max_used=32343Kb free=87656Kb
 bounds [0x00000204c4dd0000, 0x00000204c6d70000, 0x00000204cc300000]
CodeHeap 'non-nmethods': size=5760Kb used=2425Kb max_used=2466Kb free=3334Kb
 bounds [0x00000204c4830000, 0x00000204c4ab0000, 0x00000204c4dd0000]
 total_blobs=15551 nmethods=14597 adapters=866
 compilation: enabled
              stopped_count=0, restarted_count=0
 full_count=0

Compilation events (20 events):
Event: 313.153 Thread 0x00000204db1e0000 14778       2       jdk.internal.reflect.AccessorGenerator::emitCommonConstantPoolEntries (573 bytes)
Event: 313.162 Thread 0x00000204db1e0000 nmethod 14778 0x00000204c6d41910 code [0x00000204c6d42320, 0x00000204c6d46018]
Event: 313.162 Thread 0x00000204db1e0000 14779       2       jdk.internal.reflect.ClassFileAssembler::opc_ifnull (37 bytes)
Event: 313.163 Thread 0x00000204db1e0000 nmethod 14779 0x00000204c6d48b10 code [0x00000204c6d48d20, 0x00000204c6d49118]
Event: 313.165 Thread 0x00000204db1e0000 14780       2       sun.security.provider.ByteArrayAccess::i2bBig (204 bytes)
Event: 313.165 Thread 0x00000204db1e0000 nmethod 14780 0x00000204c6d49410 code [0x00000204c6d495e0, 0x00000204c6d498a8]
Event: 313.165 Thread 0x00000204db1e0000 14781       2       java.util.ArrayList::writeObject (60 bytes)
Event: 313.166 Thread 0x00000204db1e0000 nmethod 14781 0x00000204c6d49a90 code [0x00000204c6d49c80, 0x00000204c6d49f78]
Event: 313.168 Thread 0x00000204db1e0000 14783       2       com.google.common.cache.LocalCache$Segment::removeEntryFromChain (73 bytes)
Event: 313.168 Thread 0x00000204db1e0000 nmethod 14783 0x00000204c6d4a190 code [0x00000204c6d4a380, 0x00000204c6d4a5f8]
Event: 313.168 Thread 0x00000204db1e0000 14782       2       com.google.common.cache.LocalCache$Segment::removeValueFromChain (67 bytes)
Event: 313.169 Thread 0x00000204db1e0000 nmethod 14782 0x00000204c6d4a790 code [0x00000204c6d4a9a0, 0x00000204c6d4ac28]
Event: 313.169 Thread 0x00000204db1e0000 14784       2       java.io.ObjectStreamField::<init> (264 bytes)
Event: 313.170 Thread 0x00000204db1e0000 nmethod 14784 0x00000204c6d4ae10 code [0x00000204c6d4b060, 0x00000204c6d4ba28]
Event: 313.170 Thread 0x00000204db1e0000 14786       2       java.io.ObjectInputStream$BlockDataInputStream::skipBlockData (32 bytes)
Event: 313.170 Thread 0x00000204db1e0000 nmethod 14786 0x00000204c6d4bd10 code [0x00000204c6d4bee0, 0x00000204c6d4c138]
Event: 313.170 Thread 0x00000204db1e0000 14785       2       java.io.ObjectInputStream::skipCustomData (105 bytes)
Event: 313.171 Thread 0x00000204db1e0000 nmethod 14785 0x00000204c6d4c290 code [0x00000204c6d4c4e0, 0x00000204c6d4ca88]
Event: 313.171 Thread 0x00000204db1e0000 14787       1       java.io.ObjectStreamClass::getName (5 bytes)
Event: 313.171 Thread 0x00000204db1e0000 nmethod 14787 0x00000204ccb23390 code [0x00000204ccb23540, 0x00000204ccb235f8]

GC Heap History (20 events):
Event: 27.662 GC heap before
{Heap before GC invocations=62 (full 0):
 garbage-first heap   total 187392K, used 163598K [0x0000000080000000, 0x0000000100000000)
  region size 1024K, 20 young (20480K), 3 survivors (3072K)
 Metaspace       used 103138K, capacity 105658K, committed 105856K, reserved 1140736K
  class space    used 13252K, capacity 14139K, committed 14208K, reserved 1048576K
}
Event: 27.669 GC heap after
{Heap after GC invocations=63 (full 0):
 garbage-first heap   total 187392K, used 147271K [0x0000000080000000, 0x0000000100000000)
  region size 1024K, 3 young (3072K), 3 survivors (3072K)
 Metaspace       used 103138K, capacity 105658K, committed 105856K, reserved 1140736K
  class space    used 13252K, capacity 14139K, committed 14208K, reserved 1048576K
}
Event: 28.227 GC heap before
{Heap before GC invocations=63 (full 0):
 garbage-first heap   total 187392K, used 163655K [0x0000000080000000, 0x0000000100000000)
  region size 1024K, 19 young (19456K), 3 survivors (3072K)
 Metaspace       used 104355K, capacity 106934K, committed 107008K, reserved 1142784K
  class space    used 13381K, capacity 14280K, committed 14336K, reserved 1048576K
}
Event: 28.234 GC heap after
{Heap after GC invocations=64 (full 0):
 garbage-first heap   total 187392K, used 149018K [0x0000000080000000, 0x0000000100000000)
  region size 1024K, 3 young (3072K), 3 survivors (3072K)
 Metaspace       used 104355K, capacity 106934K, committed 107008K, reserved 1142784K
  class space    used 13381K, capacity 14280K, committed 14336K, reserved 1048576K
}
Event: 28.518 GC heap before
{Heap before GC invocations=65 (full 0):
 garbage-first heap   total 187392K, used 163354K [0x0000000080000000, 0x0000000100000000)
  region size 1024K, 18 young (18432K), 3 survivors (3072K)
 Metaspace       used 104608K, capacity 107241K, committed 107392K, reserved 1142784K
  class space    used 13415K, capacity 14363K, committed 14464K, reserved 1048576K
}
Event: 28.526 GC heap after
{Heap after GC invocations=66 (full 0):
 garbage-first heap   total 225280K, used 150372K [0x0000000080000000, 0x0000000100000000)
  region size 1024K, 2 young (2048K), 2 survivors (2048K)
 Metaspace       used 104608K, capacity 107241K, committed 107392K, reserved 1142784K
  class space    used 13415K, capacity 14363K, committed 14464K, reserved 1048576K
}
Event: 29.083 GC heap before
{Heap before GC invocations=66 (full 0):
 garbage-first heap   total 225280K, used 179044K [0x0000000080000000, 0x0000000100000000)
  region size 1024K, 31 young (31744K), 2 survivors (2048K)
 Metaspace       used 105097K, capacity 107689K, committed 107904K, reserved 1142784K
  class space    used 13451K, capacity 14397K, committed 14464K, reserved 1048576K
}
Event: 29.090 GC heap after
{Heap after GC invocations=67 (full 0):
 garbage-first heap   total 225280K, used 151902K [0x0000000080000000, 0x0000000100000000)
  region size 1024K, 3 young (3072K), 3 survivors (3072K)
 Metaspace       used 105097K, capacity 107689K, committed 107904K, reserved 1142784K
  class space    used 13451K, capacity 14397K, committed 14464K, reserved 1048576K
}
Event: 29.820 GC heap before
{Heap before GC invocations=68 (full 0):
 garbage-first heap   total 225280K, used 182622K [0x0000000080000000, 0x0000000100000000)
  region size 1024K, 33 young (33792K), 3 survivors (3072K)
 Metaspace       used 105891K, capacity 108491K, committed 108672K, reserved 1142784K
  class space    used 13502K, capacity 14431K, committed 14464K, reserved 1048576K
}
Event: 29.830 GC heap after
{Heap after GC invocations=69 (full 0):
 garbage-first heap   total 225280K, used 154234K [0x0000000080000000, 0x0000000100000000)
  region size 1024K, 5 young (5120K), 5 survivors (5120K)
 Metaspace       used 105891K, capacity 108491K, committed 108672K, reserved 1142784K
  class space    used 13502K, capacity 14431K, committed 14464K, reserved 1048576K
}
Event: 30.420 GC heap before
{Heap before GC invocations=69 (full 0):
 garbage-first heap   total 225280K, used 183930K [0x0000000080000000, 0x0000000100000000)
  region size 1024K, 35 young (35840K), 5 survivors (5120K)
 Metaspace       used 107817K, capacity 110665K, committed 110848K, reserved 1144832K
  class space    used 13730K, capacity 14760K, committed 14848K, reserved 1048576K
}
Event: 30.429 GC heap after
{Heap after GC invocations=70 (full 0):
 garbage-first heap   total 225280K, used 155944K [0x0000000080000000, 0x0000000100000000)
  region size 1024K, 4 young (4096K), 4 survivors (4096K)
 Metaspace       used 107817K, capacity 110665K, committed 110848K, reserved 1144832K
  class space    used 13730K, capacity 14760K, committed 14848K, reserved 1048576K
}
Event: 308.468 GC heap before
{Heap before GC invocations=71 (full 0):
 garbage-first heap   total 225280K, used 186664K [0x0000000080000000, 0x0000000100000000)
  region size 1024K, 35 young (35840K), 4 survivors (4096K)
 Metaspace       used 110948K, capacity 113759K, committed 114048K, reserved 1148928K
  class space    used 13913K, capacity 14936K, committed 14976K, reserved 1048576K
}
Event: 308.479 GC heap after
{Heap after GC invocations=72 (full 0):
 garbage-first heap   total 270336K, used 157261K [0x0000000080000000, 0x0000000100000000)
  region size 1024K, 4 young (4096K), 4 survivors (4096K)
 Metaspace       used 110948K, capacity 113759K, committed 114048K, reserved 1148928K
  class space    used 13913K, capacity 14936K, committed 14976K, reserved 1048576K
}
Event: 310.119 GC heap before
{Heap before GC invocations=72 (full 0):
 garbage-first heap   total 270336K, used 205389K [0x0000000080000000, 0x0000000100000000)
  region size 1024K, 52 young (53248K), 4 survivors (4096K)
 Metaspace       used 113452K, capacity 116655K, committed 116864K, reserved 1150976K
  class space    used 14258K, capacity 15429K, committed 15488K, reserved 1048576K
}
Event: 310.138 GC heap after
{Heap after GC invocations=73 (full 0):
 garbage-first heap   total 270336K, used 162232K [0x0000000080000000, 0x0000000100000000)
  region size 1024K, 7 young (7168K), 7 survivors (7168K)
 Metaspace       used 113452K, capacity 116655K, committed 116864K, reserved 1150976K
  class space    used 14258K, capacity 15429K, committed 15488K, reserved 1048576K
}
Event: 311.665 GC heap before
{Heap before GC invocations=74 (full 0):
 garbage-first heap   total 270336K, used 211384K [0x0000000080000000, 0x0000000100000000)
  region size 1024K, 56 young (57344K), 7 survivors (7168K)
 Metaspace       used 115120K, capacity 118423K, committed 118656K, reserved 1153024K
  class space    used 14421K, capacity 15624K, committed 15744K, reserved 1048576K
}
Event: 311.680 GC heap after
{Heap after GC invocations=75 (full 0):
 garbage-first heap   total 270336K, used 168856K [0x0000000080000000, 0x0000000100000000)
  region size 1024K, 7 young (7168K), 7 survivors (7168K)
 Metaspace       used 115120K, capacity 118423K, committed 118656K, reserved 1153024K
  class space    used 14421K, capacity 15624K, committed 15744K, reserved 1048576K
}
Event: 312.030 GC heap before
{Heap before GC invocations=75 (full 0):
 garbage-first heap   total 270336K, used 181144K [0x0000000080000000, 0x0000000100000000)
  region size 1024K, 21 young (21504K), 7 survivors (7168K)
 Metaspace       used 115168K, capacity 118423K, committed 118656K, reserved 1153024K
  class space    used 14421K, capacity 15624K, committed 15744K, reserved 1048576K
}
Event: 312.066 GC heap after
{Heap after GC invocations=76 (full 0):
 garbage-first heap   total 270336K, used 172992K [0x0000000080000000, 0x0000000100000000)
  region size 1024K, 5 young (5120K), 5 survivors (5120K)
 Metaspace       used 115168K, capacity 118423K, committed 118656K, reserved 1153024K
  class space    used 14421K, capacity 15624K, committed 15744K, reserved 1048576K
}

Deoptimization events (20 events):
Event: 312.969 Thread 0x00000204e15df800 Uncommon trap: trap_request=0xffffff4d fr.pc=0x00000204ccb04908 relative=0x0000000000000508
Event: 312.969 Thread 0x00000204e15df800 Uncommon trap: reason=unstable_if action=reinterpret pc=0x00000204ccb04908 method=org.apache.xerces.impl.XMLEntityScanner.skipString(Ljava/lang/String;)Z @ 65 c2
Event: 312.969 Thread 0x00000204e15df800 DEOPT PACKING pc=0x00000204ccb04908 sp=0x000000a965af9ba0
Event: 312.969 Thread 0x00000204e15df800 DEOPT UNPACKING pc=0x00000204c487a1af sp=0x000000a965af9b60 mode 2
Event: 312.969 Thread 0x00000204e15df800 Uncommon trap: trap_request=0xffffff4d fr.pc=0x00000204ccb09c1c relative=0x00000000000008dc
Event: 312.969 Thread 0x00000204e15df800 Uncommon trap: reason=unstable_if action=reinterpret pc=0x00000204ccb09c1c method=com.android.utils.PositionXmlParser$DomBuilder.findOpeningTag(Lcom/android/utils/PositionXmlParser$Position;)Lcom/android/utils/PositionXmlParser$Position; @ 81 c2
Event: 312.969 Thread 0x00000204e15df800 DEOPT PACKING pc=0x00000204ccb09c1c sp=0x000000a965af96c0
Event: 312.969 Thread 0x00000204e15df800 DEOPT UNPACKING pc=0x00000204c487a1af sp=0x000000a965af9638 mode 2
Event: 313.168 Thread 0x00000204e0ee4800 Uncommon trap: trap_request=0xffffffde fr.pc=0x00000204ccacd020 relative=0x00000000000009a0
Event: 313.168 Thread 0x00000204e0ee4800 Uncommon trap: reason=class_check action=maybe_recompile pc=0x00000204ccacd020 method=org.gradle.tooling.internal.provider.runner.ClientBuildEventGenerator.started(Lorg/gradle/internal/operations/BuildOperationDescriptor;Lorg/gradle/internal/operations/Op
Event: 313.168 Thread 0x00000204e0ee4800 DEOPT PACKING pc=0x00000204ccacd020 sp=0x000000a9662fe130
Event: 313.168 Thread 0x00000204e0ee4800 DEOPT UNPACKING pc=0x00000204c487a1af sp=0x000000a9662fe0d8 mode 2
Event: 313.168 Thread 0x00000204e0ee4800 Uncommon trap: trap_request=0xffffffde fr.pc=0x00000204ccacd020 relative=0x00000000000009a0
Event: 313.168 Thread 0x00000204e0ee4800 Uncommon trap: reason=class_check action=maybe_recompile pc=0x00000204ccacd020 method=org.gradle.tooling.internal.provider.runner.ClientBuildEventGenerator.started(Lorg/gradle/internal/operations/BuildOperationDescriptor;Lorg/gradle/internal/operations/Op
Event: 313.168 Thread 0x00000204e0ee4800 DEOPT PACKING pc=0x00000204ccacd020 sp=0x000000a9662fe130
Event: 313.168 Thread 0x00000204e0ee4800 DEOPT UNPACKING pc=0x00000204c487a1af sp=0x000000a9662fe0d8 mode 2
Event: 313.168 Thread 0x00000204e0ee4800 Uncommon trap: trap_request=0xffffffde fr.pc=0x00000204ccacd020 relative=0x00000000000009a0
Event: 313.168 Thread 0x00000204e0ee4800 Uncommon trap: reason=class_check action=maybe_recompile pc=0x00000204ccacd020 method=org.gradle.tooling.internal.provider.runner.ClientBuildEventGenerator.started(Lorg/gradle/internal/operations/BuildOperationDescriptor;Lorg/gradle/internal/operations/Op
Event: 313.168 Thread 0x00000204e0ee4800 DEOPT PACKING pc=0x00000204ccacd020 sp=0x000000a9662fe130
Event: 313.168 Thread 0x00000204e0ee4800 DEOPT UNPACKING pc=0x00000204c487a1af sp=0x000000a9662fe0d8 mode 2

Classes redefined (0 events):
No events

Internal exceptions (20 events):
Event: 309.934 Thread 0x00000204e0ee2000 Exception <a 'sun/nio/fs/WindowsException'{0x000000008dc83a58}> (0x000000008dc83a58) thrown at [./src/hotspot/share/prims/jni.cpp, line 616]
Event: 310.271 Thread 0x00000204e0ee6000 Exception <a 'java/lang/NoSuchMethodError'{0x000000008fe22200}: <clinit>> (0x000000008fe22200) thrown at [./src/hotspot/share/prims/jni.cpp, line 1366]
Event: 310.524 Thread 0x00000204e15df800 Exception <a 'sun/nio/fs/WindowsException'{0x000000008f6f6140}> (0x000000008f6f6140) thrown at [./src/hotspot/share/prims/jni.cpp, line 616]
Event: 310.524 Thread 0x00000204e15df800 Exception <a 'sun/nio/fs/WindowsException'{0x000000008f6f7238}> (0x000000008f6f7238) thrown at [./src/hotspot/share/prims/jni.cpp, line 616]
Event: 313.132 Thread 0x00000204e15df800 Exception <a 'java/lang/NoSuchMethodError'{0x000000008dc43e28}: <clinit>> (0x000000008dc43e28) thrown at [./src/hotspot/share/prims/jni.cpp, line 1366]
Event: 313.133 Thread 0x00000204e15df800 Exception <a 'java/lang/NoSuchMethodError'{0x000000008dc540e8}: <clinit>> (0x000000008dc540e8) thrown at [./src/hotspot/share/prims/jni.cpp, line 1366]
Event: 313.143 Thread 0x00000204e15df800 Exception <a 'java/lang/NoSuchMethodError'{0x000000008dccb178}: <clinit>> (0x000000008dccb178) thrown at [./src/hotspot/share/prims/jni.cpp, line 1366]
Event: 313.143 Thread 0x00000204e15df800 Exception <a 'java/lang/NoSuchMethodError'{0x000000008dccdd40}: <clinit>> (0x000000008dccdd40) thrown at [./src/hotspot/share/prims/jni.cpp, line 1366]
Event: 313.143 Thread 0x00000204e15df800 Exception <a 'java/lang/NoSuchMethodError'{0x000000008dcd2988}: <clinit>> (0x000000008dcd2988) thrown at [./src/hotspot/share/prims/jni.cpp, line 1366]
Event: 313.144 Thread 0x00000204e15df800 Exception <a 'java/lang/NoSuchMethodError'{0x000000008dcde128}: <clinit>> (0x000000008dcde128) thrown at [./src/hotspot/share/prims/jni.cpp, line 1366]
Event: 313.149 Thread 0x00000204e15df800 Exception <a 'java/lang/NoSuchMethodError'{0x000000008db38480}: <clinit>> (0x000000008db38480) thrown at [./src/hotspot/share/prims/jni.cpp, line 1366]
Event: 313.152 Thread 0x00000204e15df800 Exception <a 'java/lang/NoSuchMethodError'{0x000000008db6a310}: <clinit>> (0x000000008db6a310) thrown at [./src/hotspot/share/prims/jni.cpp, line 1366]
Event: 313.152 Thread 0x00000204e15df800 Exception <a 'java/lang/NoSuchMethodError'{0x000000008db6d778}: <clinit>> (0x000000008db6d778) thrown at [./src/hotspot/share/prims/jni.cpp, line 1366]
Event: 313.153 Thread 0x00000204e15df800 Exception <a 'java/lang/NoSuchMethodError'{0x000000008db703e8}: <clinit>> (0x000000008db703e8) thrown at [./src/hotspot/share/prims/jni.cpp, line 1366]
Event: 313.155 Thread 0x00000204e15df800 Exception <a 'java/lang/NoSuchMethodError'{0x000000008db883f8}: <clinit>> (0x000000008db883f8) thrown at [./src/hotspot/share/prims/jni.cpp, line 1366]
Event: 313.157 Thread 0x00000204e15df800 Exception <a 'java/lang/NoSuchMethodError'{0x000000008db9f988}: <clinit>> (0x000000008db9f988) thrown at [./src/hotspot/share/prims/jni.cpp, line 1366]
Event: 313.159 Thread 0x00000204e15df800 Exception <a 'java/lang/NoSuchMethodError'{0x000000008dbb4408}: <clinit>> (0x000000008dbb4408) thrown at [./src/hotspot/share/prims/jni.cpp, line 1366]
Event: 313.161 Thread 0x00000204e15df800 Exception <a 'java/lang/NoSuchMethodError'{0x000000008dbd6fe8}: <clinit>> (0x000000008dbd6fe8) thrown at [./src/hotspot/share/prims/jni.cpp, line 1366]
Event: 313.164 Thread 0x00000204e15df800 Exception <a 'java/lang/NoSuchMethodError'{0x000000008dbfc1f0}: <clinit>> (0x000000008dbfc1f0) thrown at [./src/hotspot/share/prims/jni.cpp, line 1366]
Event: 313.166 Thread 0x00000204e15df800 Exception <a 'java/lang/NoSuchMethodError'{0x000000008da11208}: <clinit>> (0x000000008da11208) thrown at [./src/hotspot/share/prims/jni.cpp, line 1366]

Events (20 events):
Event: 313.191 loading class com/google/common/io/ByteSource$ConcatenatedByteSource
Event: 313.191 loading class com/google/common/io/ByteSource$ConcatenatedByteSource done
Event: 313.192 loading class com/google/common/io/ByteSource$EmptyByteSource
Event: 313.192 loading class com/google/common/io/ByteSource$EmptyByteSource done
Event: 313.192 loading class com/google/common/io/ByteSource$ByteArrayByteSource
Event: 313.192 loading class com/google/common/io/ByteSource$ByteArrayByteSource done
Event: 313.193 loading class com/google/common/io/ByteSource$SlicedByteSource
Event: 313.193 loading class com/google/common/io/ByteSource$SlicedByteSource done
Event: 313.194 loading class com/google/common/io/CharSource
Event: 313.194 loading class com/google/common/io/CharSource done
Event: 313.195 loading class com/google/common/io/ByteSource$AsCharSource
Event: 313.195 loading class com/google/common/io/ByteSource$AsCharSource done
Event: 313.196 loading class com/google/common/io/FileWriteMode
Event: 313.196 loading class com/google/common/io/FileWriteMode done
Event: 313.197 loading class com/google/common/io/CharSink
Event: 313.197 loading class com/google/common/io/CharSink done
Event: 313.197 loading class com/google/common/io/ByteSink$AsCharSink
Event: 313.197 loading class com/google/common/io/ByteSink$AsCharSink done
Event: 313.208 loading class com/google/common/io/ByteStreams
Event: 313.208 loading class com/google/common/io/ByteStreams done


Dynamic libraries:
0x00007ff7caa90000 - 0x00007ff7caa9a000 	C:\Program Files\Android\Android Studio1\jre\bin\java.exe
0x00007ffe71500000 - 0x00007ffe71707000 	C:\Windows\SYSTEM32\ntdll.dll
0x00007ffe6f830000 - 0x00007ffe6f8ed000 	C:\Windows\System32\KERNEL32.DLL
0x00007ffe6ea80000 - 0x00007ffe6edf4000 	C:\Windows\System32\KERNELBASE.dll
0x00007ffe6f100000 - 0x00007ffe6f211000 	C:\Windows\System32\ucrtbase.dll
0x00007ffe54f90000 - 0x00007ffe54fa9000 	C:\Program Files\Android\Android Studio1\jre\bin\jli.dll
0x00007ffe54b70000 - 0x00007ffe54b87000 	C:\Program Files\Android\Android Studio1\jre\bin\VCRUNTIME140.dll
0x00007ffe706f0000 - 0x00007ffe7089c000 	C:\Windows\System32\USER32.dll
0x00007ffe52820000 - 0x00007ffe52ac5000 	C:\Windows\WinSxS\amd64_microsoft.windows.common-controls_6595b64144ccf1df_6.0.22000.120_none_9d947278b86cc467\COMCTL32.dll
0x00007ffe6ee70000 - 0x00007ffe6ee96000 	C:\Windows\System32\win32u.dll
0x00007ffe6fe30000 - 0x00007ffe6fed3000 	C:\Windows\System32\msvcrt.dll
0x00007ffe6f590000 - 0x00007ffe6f5b9000 	C:\Windows\System32\GDI32.dll
0x00007ffe6ef60000 - 0x00007ffe6f072000 	C:\Windows\System32\gdi32full.dll
0x00007ffe6e9e0000 - 0x00007ffe6ea7d000 	C:\Windows\System32\msvcp_win.dll
0x00007ffe711e0000 - 0x00007ffe71211000 	C:\Windows\System32\IMM32.DLL
0x00007ffe526b0000 - 0x00007ffe5274d000 	C:\Program Files\Android\Android Studio1\jre\bin\msvcp140.dll
0x00007ffe11fa0000 - 0x00007ffe12aa2000 	C:\Program Files\Android\Android Studio1\jre\bin\server\jvm.dll
0x00007ffe71350000 - 0x00007ffe713fc000 	C:\Windows\System32\ADVAPI32.dll
0x00007ffe71140000 - 0x00007ffe711dd000 	C:\Windows\System32\sechost.dll
0x00007ffe708a0000 - 0x00007ffe709c1000 	C:\Windows\System32\RPCRT4.dll
0x00007ffe71220000 - 0x00007ffe71228000 	C:\Windows\System32\PSAPI.DLL
0x00007ffe50a10000 - 0x00007ffe50a19000 	C:\Windows\SYSTEM32\WSOCK32.dll
0x00007ffe70e40000 - 0x00007ffe70eaf000 	C:\Windows\System32\WS2_32.dll
0x00007ffe6b650000 - 0x00007ffe6b683000 	C:\Windows\SYSTEM32\WINMM.dll
0x00007ffe69980000 - 0x00007ffe6998a000 	C:\Windows\SYSTEM32\VERSION.dll
0x00007ffe6dc00000 - 0x00007ffe6dc18000 	C:\Windows\SYSTEM32\kernel.appcore.dll
0x00007ffe541f0000 - 0x00007ffe54201000 	C:\Program Files\Android\Android Studio1\jre\bin\verify.dll
0x00007ffe5c6d0000 - 0x00007ffe5c8f1000 	C:\Windows\SYSTEM32\DBGHELP.DLL
0x00007ffe5af60000 - 0x00007ffe5af91000 	C:\Windows\SYSTEM32\dbgcore.DLL
0x00007ffe6f080000 - 0x00007ffe6f100000 	C:\Windows\System32\bcryptPrimitives.dll
0x00007ffe52480000 - 0x00007ffe524a9000 	C:\Program Files\Android\Android Studio1\jre\bin\java.dll
0x00007ffe6b6c0000 - 0x00007ffe6b6cb000 	C:\Program Files\Android\Android Studio1\jre\bin\jimage.dll
0x00007ffe541d0000 - 0x00007ffe541e8000 	C:\Program Files\Android\Android Studio1\jre\bin\zip.dll
0x00007ffe6ff40000 - 0x00007ffe706e9000 	C:\Windows\System32\SHELL32.dll
0x00007ffe6cba0000 - 0x00007ffe6d402000 	C:\Windows\SYSTEM32\windows.storage.dll
0x00007ffe709e0000 - 0x00007ffe70d58000 	C:\Windows\System32\combase.dll
0x00007ffe6ca30000 - 0x00007ffe6cb96000 	C:\Windows\SYSTEM32\wintypes.dll
0x00007ffe6f4a0000 - 0x00007ffe6f58a000 	C:\Windows\System32\SHCORE.dll
0x00007ffe6f7d0000 - 0x00007ffe6f82d000 	C:\Windows\System32\shlwapi.dll
0x00007ffe6e910000 - 0x00007ffe6e931000 	C:\Windows\SYSTEM32\profapi.dll
0x00007ffe522b0000 - 0x00007ffe522ca000 	C:\Program Files\Android\Android Studio1\jre\bin\net.dll
0x00007ffe6a360000 - 0x00007ffe6a46c000 	C:\Windows\SYSTEM32\WINHTTP.dll
0x00007ffe6e010000 - 0x00007ffe6e077000 	C:\Windows\system32\mswsock.dll
0x00007ffe52290000 - 0x00007ffe522a4000 	C:\Program Files\Android\Android Studio1\jre\bin\nio.dll
0x00007ffe54250000 - 0x00007ffe54277000 	C:\Users\Marwa\.gradle\native\e1d6ef7f7dcc3fd88c89a11ec53ec762bb8ba0a96d01ffa2cd45eb1d1d8dd5c5\windows-amd64\native-platform.dll
0x00007ffe1b220000 - 0x00007ffe1b364000 	C:\Users\Marwa\.gradle\native\0d407fdbe67a94daf76414ababcb853783967236a71b16ec16e742cd7a986fd3\windows-amd64\native-platform-file-events.dll
0x00007ffe59720000 - 0x00007ffe5972a000 	C:\Program Files\Android\Android Studio1\jre\bin\management.dll
0x00007ffe59700000 - 0x00007ffe5970d000 	C:\Program Files\Android\Android Studio1\jre\bin\management_ext.dll
0x00007ffe6e260000 - 0x00007ffe6e278000 	C:\Windows\SYSTEM32\CRYPTSP.dll
0x00007ffe6db60000 - 0x00007ffe6db95000 	C:\Windows\system32\rsaenh.dll
0x00007ffe6e100000 - 0x00007ffe6e129000 	C:\Windows\SYSTEM32\USERENV.dll
0x00007ffe6e3d0000 - 0x00007ffe6e3f7000 	C:\Windows\SYSTEM32\bcrypt.dll
0x00007ffe6e250000 - 0x00007ffe6e25c000 	C:\Windows\SYSTEM32\CRYPTBASE.dll
0x00007ffe6d740000 - 0x00007ffe6d76d000 	C:\Windows\SYSTEM32\IPHLPAPI.DLL
0x00007ffe709d0000 - 0x00007ffe709d9000 	C:\Windows\System32\NSI.dll
0x00007ffe69960000 - 0x00007ffe69979000 	C:\Windows\SYSTEM32\dhcpcsvc6.DLL
0x00007ffe69b90000 - 0x00007ffe69bae000 	C:\Windows\SYSTEM32\dhcpcsvc.DLL
0x00007ffe6d770000 - 0x00007ffe6d857000 	C:\Windows\SYSTEM32\DNSAPI.dll

dbghelp: loaded successfully - version: 4.0.5 - missing functions: none
symbol engine: initialized successfully - sym options: 0x614 - pdb path: .;C:\Program Files\Android\Android Studio1\jre\bin;C:\Windows\SYSTEM32;C:\Windows\WinSxS\amd64_microsoft.windows.common-controls_6595b64144ccf1df_6.0.22000.120_none_9d947278b86cc467;C:\Program Files\Android\Android Studio1\jre\bin\server;C:\Users\Marwa\.gradle\native\e1d6ef7f7dcc3fd88c89a11ec53ec762bb8ba0a96d01ffa2cd45eb1d1d8dd5c5\windows-amd64;C:\Users\Marwa\.gradle\native\0d407fdbe67a94daf76414ababcb853783967236a71b16ec16e742cd7a986fd3\windows-amd64

VM Arguments:
jvm_args: --add-opens=java.base/java.util=ALL-UNNAMED --add-opens=java.base/java.lang=ALL-UNNAMED --add-opens=java.base/java.lang.invoke=ALL-UNNAMED --add-opens=java.base/java.util=ALL-UNNAMED --add-opens=java.prefs/java.util.prefs=ALL-UNNAMED --add-opens=java.prefs/java.util.prefs=ALL-UNNAMED --add-opens=java.base/java.nio.charset=ALL-UNNAMED --add-opens=java.base/java.net=ALL-UNNAMED --add-opens=java.base/java.util.concurrent.atomic=ALL-UNNAMED -Xmx2048m -Dfile.encoding=UTF-8 -Duser.country=US -Duser.language=en -Duser.variant 
java_command: org.gradle.launcher.daemon.bootstrap.GradleDaemon 7.4
java_class_path (initial): C:\Users\Marwa\.gradle\wrapper\dists\gradle-7.4-bin\c0gwcg53nkjbqw7r0h0umtfvt\gradle-7.4\lib\gradle-launcher-7.4.jar
Launcher Type: SUN_STANDARD

[Global flags]
     intx CICompilerCount                          = 4                                         {product} {ergonomic}
     uint ConcGCThreads                            = 2                                         {product} {ergonomic}
     uint G1ConcRefinementThreads                  = 8                                         {product} {ergonomic}
   size_t G1HeapRegionSize                         = 1048576                                   {product} {ergonomic}
    uintx GCDrainStackTargetSize                   = 64                                        {product} {ergonomic}
   size_t InitialHeapSize                          = 132120576                                 {product} {ergonomic}
   size_t MarkStackSize                            = 4194304                                   {product} {ergonomic}
   size_t MaxHeapSize                              = 2147483648                                {product} {command line}
   size_t MaxNewSize                               = 1287651328                                {product} {ergonomic}
   size_t MinHeapDeltaBytes                        = 1048576                                   {product} {ergonomic}
    uintx NonNMethodCodeHeapSize                   = 5836300                                {pd product} {ergonomic}
    uintx NonProfiledCodeHeapSize                  = 122910970                              {pd product} {ergonomic}
    uintx ProfiledCodeHeapSize                     = 122910970                              {pd product} {ergonomic}
    uintx ReservedCodeCacheSize                    = 251658240                              {pd product} {ergonomic}
     bool SegmentedCodeCache                       = true                                      {product} {ergonomic}
     bool UseCompressedClassPointers               = true                                 {lp64_product} {ergonomic}
     bool UseCompressedOops                        = true                                 {lp64_product} {ergonomic}
     bool UseG1GC                                  = true                                      {product} {ergonomic}
     bool UseLargePagesIndividualAllocation        = false                                  {pd product} {ergonomic}

Logging:
Log output configuration:
 #0: stdout all=warning uptime,level,tags
 #1: stderr all=off uptime,level,tags

Environment Variables:
PATH=C:\oraclexe\app\oracle\product\10.2.0\server\bin;C:\Python310\Scripts\;C:\Python310\;C:\Program Files\Common Files\Oracle\Java\javapath;C:\Windows\system32;C:\Windows;C:\Windows\System32\Wbem;C:\Windows\System32\WindowsPowerShell\v1.0\;C:\Windows\System32\OpenSSH\;C:\Users\Marwa\AppData\Roaming\nvm;C:\Program Files\nodejs;C:\Program Files\Git\cmd;C:\Program Files\Java\jdk-16.0.2\bin;C:\msys64\mingw64\bin;C:\xampp\php;C:\ProgramData\ComposerSetup\bin;C:\Users\Marwa\AppData\Local\Microsoft\WindowsApps;C:\Users\Marwa\AppData\Roaming\npm;C:\Users\Marwa\AppData\Local\Programs\Microsoft VS Code\bin;C:\Users\Marwa\AppData\Roaming\nvm;C:\Program Files\nodejs;C:\MinGW\bin;C:\Users\Marwa\AppData\Roaming\Composer\vendor\bin
USERNAME=Marwa
OS=Windows_NT
PROCESSOR_IDENTIFIER=Intel64 Family 6 Model 165 Stepping 2, GenuineIntel



---------------  S Y S T E M  ---------------

OS: Windows 11 , 64 bit Build 22000 (10.0.22000.120)
OS uptime: 2 days 10:44 hours

CPU:total 8 (initial active 8) (4 cores per cpu, 2 threads per core) family 6 model 165 stepping 2 microcode 0xe0, cmov, cx8, fxsr, mmx, sse, sse2, sse3, ssse3, sse4.1, sse4.2, popcnt, avx, avx2, aes, clmul, erms, 3dnowpref, lzcnt, ht, tsc, tscinvbit, bmi1, bmi2, adx, fma

Memory: 4k page, system-wide physical 8010M (285M free)
TotalPageFile size 10058M (AvailPageFile size 13M)
current process WorkingSet (physical memory assigned to process): 561M, peak: 577M
current process commit charge ("private bytes"): 619M, peak: 621M

vm_info: OpenJDK 64-Bit Server VM (11.0.13+0-b1751.21-8125866) for windows-amd64 JRE (11.0.13+0-b1751.21-8125866), built on Feb  2 2022 03:00:22 by "builder" with MS VC++ 14.0 (VS2015)

END.
